;  LST file generated by mikroListExporter - v.2.0 
; Date/Time: 14/09/2023 3:49:09 PM
;----------------------------------------------

;Address Opcode 	ASM
0x0000	0x2A39      	GOTO       569
_UART1_Write:
;__Lib_UART_c67.c,39 :: 		
;__Lib_UART_c67.c,40 :: 		
L_UART1_Write3:
0x0003	0x1683      	BSF        STATUS, 5
0x0004	0x1303      	BCF        STATUS, 6
0x0005	0x1898      	BTFSC      TXSTA, 1
0x0006	0x2809      	GOTO       L_UART1_Write4
;__Lib_UART_c67.c,41 :: 		
0x0007	0x0000      	NOP
0x0008	0x2803      	GOTO       L_UART1_Write3
L_UART1_Write4:
;__Lib_UART_c67.c,42 :: 		
0x0009	0x1283      	BCF        STATUS, 5
0x000A	0x1703      	BSF        STATUS, 6
0x000B	0x084C      	MOVF       FARG_UART1_Write_data_, 0
0x000C	0x1303      	BCF        STATUS, 6
0x000D	0x0099      	MOVWF      TXREG
;__Lib_UART_c67.c,43 :: 		
L_end_UART1_Write:
0x000E	0x0008      	RETURN
; end of _UART1_Write
_Mul_16X16_U:
;__Lib_Math.c,136 :: 		
;__Lib_Math.c,143 :: 		
0x000F	0x1283      	BCF        STATUS, 5
;__Lib_Math.c,144 :: 		
0x0010	0x1303      	BCF        STATUS, 6
;__Lib_Math.c,145 :: 		
0x0011	0x01FB      	CLRF       R11
;__Lib_Math.c,146 :: 		
0x0012	0x01FA      	CLRF       R10
;__Lib_Math.c,147 :: 		
0x0013	0x01F9      	CLRF       R9
;__Lib_Math.c,148 :: 		
0x0014	0x3080      	MOVLW      128
;__Lib_Math.c,149 :: 		
0x0015	0x00F8      	MOVWF      R8
;__Lib_Math.c,150 :: 		
0x0016	0x0CF1      	RRF        R1, 1
;__Lib_Math.c,151 :: 		
0x0017	0x0CF0      	RRF        R0, 1
;__Lib_Math.c,152 :: 		
0x0018	0x1C03      	BTFSS      STATUS, 0
;__Lib_Math.c,153 :: 		
0x0019	0x2823      	GOTO       $+10
;__Lib_Math.c,154 :: 		
0x001A	0x0874      	MOVF       R4, 0
;__Lib_Math.c,155 :: 		
0x001B	0x07F9      	ADDWF      R9, 1
;__Lib_Math.c,156 :: 		
0x001C	0x0875      	MOVF       R5, 0
;__Lib_Math.c,157 :: 		
0x001D	0x1803      	BTFSC      STATUS, 0
;__Lib_Math.c,158 :: 		
0x001E	0x0F75      	INCFSZ     R5, 0
;__Lib_Math.c,159 :: 		
0x001F	0x07FA      	ADDWF      R10, 1
;__Lib_Math.c,160 :: 		
0x0020	0x1803      	BTFSC      STATUS, 0
;__Lib_Math.c,161 :: 		
0x0021	0x0AFB      	INCF       R11, 1
;__Lib_Math.c,162 :: 		
0x0022	0x1003      	BCF        STATUS, 0
;__Lib_Math.c,163 :: 		
0x0023	0x1FF0      	BTFSS      R0, 7
;__Lib_Math.c,164 :: 		
0x0024	0x282B      	GOTO       $+7
;__Lib_Math.c,165 :: 		
0x0025	0x0874      	MOVF       R4, 0
;__Lib_Math.c,166 :: 		
0x0026	0x07FA      	ADDWF      R10, 1
;__Lib_Math.c,167 :: 		
0x0027	0x0875      	MOVF       R5, 0
;__Lib_Math.c,168 :: 		
0x0028	0x1803      	BTFSC      STATUS, 0
;__Lib_Math.c,169 :: 		
0x0029	0x0F75      	INCFSZ     R5, 0
;__Lib_Math.c,170 :: 		
0x002A	0x07FB      	ADDWF      R11, 1
;__Lib_Math.c,171 :: 		
0x002B	0x0CFB      	RRF        R11, 1
;__Lib_Math.c,172 :: 		
0x002C	0x0CFA      	RRF        R10, 1
;__Lib_Math.c,173 :: 		
0x002D	0x0CF9      	RRF        R9, 1
;__Lib_Math.c,174 :: 		
0x002E	0x0CF8      	RRF        R8, 1
;__Lib_Math.c,175 :: 		
0x002F	0x1C03      	BTFSS      STATUS, 0
;__Lib_Math.c,176 :: 		
0x0030	0x2816      	GOTO       $-26
;__Lib_Math.c,177 :: 		
0x0031	0x087B      	MOVF       R11, 0
;__Lib_Math.c,178 :: 		
0x0032	0x00F3      	MOVWF      R3
;__Lib_Math.c,179 :: 		
0x0033	0x087A      	MOVF       R10, 0
;__Lib_Math.c,180 :: 		
0x0034	0x00F2      	MOVWF      R2
;__Lib_Math.c,181 :: 		
0x0035	0x0879      	MOVF       R9, 0
;__Lib_Math.c,182 :: 		
0x0036	0x00F1      	MOVWF      R1
;__Lib_Math.c,183 :: 		
0x0037	0x0878      	MOVF       R8, 0
;__Lib_Math.c,184 :: 		
0x0038	0x00F0      	MOVWF      R0
;__Lib_Math.c,187 :: 		
L_end_Mul_16X16_U:
0x0039	0x0008      	RETURN
; end of _Mul_16X16_U
_UART1_Write_Text:
;__Lib_UART_c67.c,47 :: 		
;__Lib_UART_c67.c,48 :: 		
0x003A	0x1283      	BCF        STATUS, 5
0x003B	0x1703      	BSF        STATUS, 6
0x003C	0x01CA      	CLRF       UART1_Write_Text_counter_L0
;__Lib_UART_c67.c,50 :: 		
0x003D	0x0848      	MOVF       FARG_UART1_Write_Text_uart_text, 0
0x003E	0x0084      	MOVWF      FSR
0x003F	0x0800      	MOVF       INDF, 0
0x0040	0x00C9      	MOVWF      UART1_Write_Text_data__L0
;__Lib_UART_c67.c,51 :: 		
L_UART1_Write_Text5:
0x0041	0x0849      	MOVF       UART1_Write_Text_data__L0, 0
0x0042	0x3A00      	XORLW      0
0x0043	0x1903      	BTFSC      STATUS, 2
0x0044	0x2850      	GOTO       L_UART1_Write_Text6
;__Lib_UART_c67.c,52 :: 		
0x0045	0x0849      	MOVF       UART1_Write_Text_data__L0, 0
0x0046	0x00CC      	MOVWF      FARG_UART1_Write_data_
0x0047	0x2003      	CALL       _UART1_Write
;__Lib_UART_c67.c,53 :: 		
0x0048	0x1703      	BSF        STATUS, 6
0x0049	0x0ACA      	INCF       UART1_Write_Text_counter_L0, 1
;__Lib_UART_c67.c,54 :: 		
0x004A	0x084A      	MOVF       UART1_Write_Text_counter_L0, 0
0x004B	0x0748      	ADDWF      FARG_UART1_Write_Text_uart_text, 0
0x004C	0x0084      	MOVWF      FSR
0x004D	0x0800      	MOVF       INDF, 0
0x004E	0x00C9      	MOVWF      UART1_Write_Text_data__L0
;__Lib_UART_c67.c,55 :: 		
0x004F	0x2841      	GOTO       L_UART1_Write_Text5
L_UART1_Write_Text6:
;__Lib_UART_c67.c,56 :: 		
L_end_UART1_Write_Text:
0x0050	0x0008      	RETURN
; end of _UART1_Write_Text
_PWM1_Init:
;__Lib_PWM_c21.c,33 :: 		
;__Lib_PWM_c21.c,34 :: 		
;__Lib_PWM_c21.c,35 :: 		
0x0051	0x1283      	BCF        STATUS, 5
0x0052	0x1303      	BCF        STATUS, 6
0x0053	0x0195      	CLRF       CCPR1L
;__Lib_PWM_c21.c,36 :: 		
0x0054	0x1217      	BCF        CCP1CON, 4
;__Lib_PWM_c21.c,37 :: 		
0x0055	0x1297      	BCF        CCP1CON, 5
;__Lib_PWM_c21.c,38 :: 		
L_end_PWM1_Init:
0x0056	0x0008      	RETURN
; end of _PWM1_Init
_____DoICP:
;__Lib_System.c,6 :: 		
;__Lib_System.c,9 :: 		
0x0057	0x1683      	BSF        STATUS, 5
0x0058	0x1303      	BCF        STATUS, 6
0x0059	0x0868      	MOVF       ___DoICPAddr+1, 0
0x005A	0x008A      	MOVWF      PCLATH
;__Lib_System.c,10 :: 		
0x005B	0x0867      	MOVF       ___DoICPAddr, 0
0x005C	0x0082      	MOVWF      PCL
;__Lib_System.c,12 :: 		
L_end_____DoICP:
0x005D	0x0008      	RETURN
; end of _____DoICP
_UART1_Read:
;__Lib_UART_c67.c,21 :: 		
;__Lib_UART_c67.c,24 :: 		
0x005E	0x1283      	BCF        STATUS, 5
0x005F	0x1303      	BCF        STATUS, 6
0x0060	0x081A      	MOVF       RCREG, 0
0x0061	0x00F1      	MOVWF      R1
;__Lib_UART_c67.c,25 :: 		
0x0062	0x1C98      	BTFSS      RCSTA, 1
0x0063	0x2866      	GOTO       L_UART1_Read2
;__Lib_UART_c67.c,26 :: 		
0x0064	0x1218      	BCF        RCSTA, 4
;__Lib_UART_c67.c,27 :: 		
0x0065	0x1618      	BSF        RCSTA, 4
;__Lib_UART_c67.c,28 :: 		
L_UART1_Read2:
;__Lib_UART_c67.c,29 :: 		
0x0066	0x0871      	MOVF       R1, 0
0x0067	0x00F0      	MOVWF      R0
;__Lib_UART_c67.c,30 :: 		
L_end_UART1_Read:
0x0068	0x0008      	RETURN
; end of _UART1_Read
_isdigit:
;__Lib_CType.c,23 :: 		
;__Lib_CType.c,24 :: 		
0x0069	0x1283      	BCF        STATUS, 5
0x006A	0x1703      	BSF        STATUS, 6
0x006B	0x0848      	MOVF       FARG_isdigit_character, 0
0x006C	0x3C39      	SUBLW      57
0x006D	0x1C03      	BTFSS      STATUS, 0
0x006E	0x2876      	GOTO       L_isdigit9
0x006F	0x3030      	MOVLW      48
0x0070	0x0248      	SUBWF      FARG_isdigit_character, 0
0x0071	0x1C03      	BTFSS      STATUS, 0
0x0072	0x2876      	GOTO       L_isdigit9
0x0073	0x3001      	MOVLW      1
0x0074	0x00F0      	MOVWF      R0
0x0075	0x2877      	GOTO       L_isdigit8
L_isdigit9:
0x0076	0x01F0      	CLRF       R0
L_isdigit8:
;__Lib_CType.c,25 :: 		
L_end_isdigit:
0x0077	0x0008      	RETURN
; end of _isdigit
_UART1_Data_Ready:
;__Lib_UART_c67.c,16 :: 		
;__Lib_UART_c67.c,17 :: 		
0x0078	0x3000      	MOVLW      0
0x0079	0x1283      	BCF        STATUS, 5
0x007A	0x1303      	BCF        STATUS, 6
0x007B	0x1A8C      	BTFSC      PIR1, 5
0x007C	0x3001      	MOVLW      1
0x007D	0x00F0      	MOVWF      R0
;__Lib_UART_c67.c,18 :: 		
L_end_UART1_Data_Ready:
0x007E	0x0008      	RETURN
; end of _UART1_Data_Ready
_atoi:
;__Lib_CStdlib.c,181 :: 		
;__Lib_CStdlib.c,186 :: 		
___atoi_skipws_atoi:
;__Lib_CStdlib.c,187 :: 		
0x007F	0x1683      	BSF        STATUS, 5
0x0080	0x1303      	BCF        STATUS, 6
0x0081	0x086F      	MOVF       FARG_atoi_s, 0
0x0082	0x0084      	MOVWF      FSR
0x0083	0x0800      	MOVF       INDF, 0
0x0084	0x1283      	BCF        STATUS, 5
0x0085	0x1703      	BSF        STATUS, 6
0x0086	0x00C2      	MOVWF      atoi_c_L0
0x0087	0x01C3      	CLRF       atoi_c_L0+1
0x0088	0x3000      	MOVLW      0
0x0089	0x00C3      	MOVWF      atoi_c_L0+1
;__Lib_CStdlib.c,188 :: 		
0x008A	0x3000      	MOVLW      0
0x008B	0x0643      	XORWF      atoi_c_L0+1, 0
0x008C	0x1D03      	BTFSS      STATUS, 2
0x008D	0x2890      	GOTO       L__atoi99
0x008E	0x3020      	MOVLW      32
0x008F	0x0642      	XORWF      atoi_c_L0, 0
L__atoi99:
0x0090	0x1903      	BTFSC      STATUS, 2
0x0091	0x289B      	GOTO       L__atoi90
0x0092	0x3000      	MOVLW      0
0x0093	0x0643      	XORWF      atoi_c_L0+1, 0
0x0094	0x1D03      	BTFSS      STATUS, 2
0x0095	0x2898      	GOTO       L__atoi100
0x0096	0x3009      	MOVLW      9
0x0097	0x0642      	XORWF      atoi_c_L0, 0
L__atoi100:
0x0098	0x1903      	BTFSC      STATUS, 2
0x0099	0x289B      	GOTO       L__atoi90
0x009A	0x289F      	GOTO       L_atoi55
L__atoi90:
;__Lib_CStdlib.c,189 :: 		
0x009B	0x1683      	BSF        STATUS, 5
0x009C	0x1303      	BCF        STATUS, 6
0x009D	0x0AEF      	INCF       FARG_atoi_s, 1
;__Lib_CStdlib.c,190 :: 		
0x009E	0x287F      	GOTO       ___atoi_skipws_atoi
;__Lib_CStdlib.c,191 :: 		
L_atoi55:
;__Lib_CStdlib.c,192 :: 		
0x009F	0x1283      	BCF        STATUS, 5
0x00A0	0x1703      	BSF        STATUS, 6
0x00A1	0x01C4      	CLRF       atoi_a_L0
0x00A2	0x01C5      	CLRF       atoi_a_L0+1
;__Lib_CStdlib.c,193 :: 		
0x00A3	0x01C6      	CLRF       atoi_sign_L0
0x00A4	0x01C7      	CLRF       atoi_sign_L0+1
;__Lib_CStdlib.c,194 :: 		
0x00A5	0x3000      	MOVLW      0
0x00A6	0x0643      	XORWF      atoi_c_L0+1, 0
0x00A7	0x1D03      	BTFSS      STATUS, 2
0x00A8	0x28AB      	GOTO       L__atoi101
0x00A9	0x302D      	MOVLW      45
0x00AA	0x0642      	XORWF      atoi_c_L0, 0
L__atoi101:
0x00AB	0x1D03      	BTFSS      STATUS, 2
0x00AC	0x28B4      	GOTO       L_atoi56
;__Lib_CStdlib.c,195 :: 		
0x00AD	0x0AC6      	INCF       atoi_sign_L0, 1
0x00AE	0x1903      	BTFSC      STATUS, 2
0x00AF	0x0AC7      	INCF       atoi_sign_L0+1, 1
;__Lib_CStdlib.c,196 :: 		
0x00B0	0x1683      	BSF        STATUS, 5
0x00B1	0x1303      	BCF        STATUS, 6
0x00B2	0x0AEF      	INCF       FARG_atoi_s, 1
;__Lib_CStdlib.c,197 :: 		
0x00B3	0x28C1      	GOTO       L_atoi57
L_atoi56:
;__Lib_CStdlib.c,199 :: 		
0x00B4	0x3000      	MOVLW      0
0x00B5	0x1283      	BCF        STATUS, 5
0x00B6	0x1703      	BSF        STATUS, 6
0x00B7	0x0643      	XORWF      atoi_c_L0+1, 0
0x00B8	0x1D03      	BTFSS      STATUS, 2
0x00B9	0x28BC      	GOTO       L__atoi102
0x00BA	0x302B      	MOVLW      43
0x00BB	0x0642      	XORWF      atoi_c_L0, 0
L__atoi102:
0x00BC	0x1D03      	BTFSS      STATUS, 2
0x00BD	0x28C1      	GOTO       L_atoi58
;__Lib_CStdlib.c,200 :: 		
0x00BE	0x1683      	BSF        STATUS, 5
0x00BF	0x1303      	BCF        STATUS, 6
0x00C0	0x0AEF      	INCF       FARG_atoi_s, 1
L_atoi58:
L_atoi57:
;__Lib_CStdlib.c,201 :: 		
___atoi_conv_atoi:
0x00C1	0x1683      	BSF        STATUS, 5
0x00C2	0x1303      	BCF        STATUS, 6
;__Lib_CStdlib.c,202 :: 		
0x00C3	0x086F      	MOVF       FARG_atoi_s, 0
0x00C4	0x0084      	MOVWF      FSR
0x00C5	0x0800      	MOVF       INDF, 0
0x00C6	0x1283      	BCF        STATUS, 5
0x00C7	0x1703      	BSF        STATUS, 6
0x00C8	0x00C2      	MOVWF      atoi_c_L0
0x00C9	0x01C3      	CLRF       atoi_c_L0+1
0x00CA	0x3000      	MOVLW      0
0x00CB	0x00C3      	MOVWF      atoi_c_L0+1
;__Lib_CStdlib.c,203 :: 		
0x00CC	0x0842      	MOVF       atoi_c_L0, 0
0x00CD	0x00C8      	MOVWF      FARG_isdigit_character
0x00CE	0x2069      	CALL       _isdigit
0x00CF	0x0870      	MOVF       R0, 0
0x00D0	0x1903      	BTFSC      STATUS, 2
0x00D1	0x28F0      	GOTO       L_atoi59
;__Lib_CStdlib.c,204 :: 		
0x00D2	0x0844      	MOVF       atoi_a_L0, 0
0x00D3	0x00F0      	MOVWF      R0
0x00D4	0x0845      	MOVF       atoi_a_L0+1, 0
0x00D5	0x00F1      	MOVWF      R0+1
0x00D6	0x300A      	MOVLW      10
0x00D7	0x00F4      	MOVWF      R4
0x00D8	0x3000      	MOVLW      0
0x00D9	0x00F5      	MOVWF      R4+1
0x00DA	0x200F      	CALL       _Mul_16X16_U
0x00DB	0x3030      	MOVLW      48
0x00DC	0x1703      	BSF        STATUS, 6
0x00DD	0x0242      	SUBWF      atoi_c_L0, 0
0x00DE	0x00F2      	MOVWF      R2
0x00DF	0x3000      	MOVLW      0
0x00E0	0x1C03      	BTFSS      STATUS, 0
0x00E1	0x3E01      	ADDLW      1
0x00E2	0x0243      	SUBWF      atoi_c_L0+1, 0
0x00E3	0x00F3      	MOVWF      R2+1
0x00E4	0x0872      	MOVF       R2, 0
0x00E5	0x0770      	ADDWF      R0, 0
0x00E6	0x00C4      	MOVWF      atoi_a_L0
0x00E7	0x0871      	MOVF       R0+1, 0
0x00E8	0x1803      	BTFSC      STATUS, 0
0x00E9	0x3E01      	ADDLW      1
0x00EA	0x0773      	ADDWF      R2+1, 0
0x00EB	0x00C5      	MOVWF      atoi_a_L0+1
;__Lib_CStdlib.c,205 :: 		
0x00EC	0x1683      	BSF        STATUS, 5
0x00ED	0x1303      	BCF        STATUS, 6
0x00EE	0x0AEF      	INCF       FARG_atoi_s, 1
;__Lib_CStdlib.c,206 :: 		
0x00EF	0x28C1      	GOTO       ___atoi_conv_atoi
;__Lib_CStdlib.c,207 :: 		
L_atoi59:
;__Lib_CStdlib.c,208 :: 		
0x00F0	0x1283      	BCF        STATUS, 5
0x00F1	0x1703      	BSF        STATUS, 6
0x00F2	0x0846      	MOVF       atoi_sign_L0, 0
0x00F3	0x0447      	IORWF      atoi_sign_L0+1, 0
0x00F4	0x1903      	BTFSC      STATUS, 2
0x00F5	0x28FF      	GOTO       L_atoi60
;__Lib_CStdlib.c,209 :: 		
0x00F6	0x0844      	MOVF       atoi_a_L0, 0
0x00F7	0x3C00      	SUBLW      0
0x00F8	0x00F0      	MOVWF      R0
0x00F9	0x0845      	MOVF       atoi_a_L0+1, 0
0x00FA	0x1C03      	BTFSS      STATUS, 0
0x00FB	0x3E01      	ADDLW      1
0x00FC	0x01F1      	CLRF       R0+1
0x00FD	0x02F1      	SUBWF      R0+1, 1
0x00FE	0x2903      	GOTO       L_end_atoi
L_atoi60:
;__Lib_CStdlib.c,210 :: 		
0x00FF	0x0844      	MOVF       atoi_a_L0, 0
0x0100	0x00F0      	MOVWF      R0
0x0101	0x0845      	MOVF       atoi_a_L0+1, 0
0x0102	0x00F1      	MOVWF      R0+1
;__Lib_CStdlib.c,211 :: 		
L_end_atoi:
0x0103	0x0008      	RETURN
; end of _atoi
_UART1_Read_Text:
;__Lib_UART_c67.c,59 :: 		
;__Lib_UART_c67.c,60 :: 		
0x0104	0x1283      	BCF        STATUS, 5
0x0105	0x1703      	BSF        STATUS, 6
0x0106	0x01C5      	CLRF       UART1_Read_Text_out_idx_L0
0x0107	0x01C6      	CLRF       UART1_Read_Text_delim_idx_L0
;__Lib_UART_c67.c,62 :: 		
L_UART1_Read_Text7:
0x0108	0x0844      	MOVF       FARG_UART1_Read_Text_Attempts, 0
0x0109	0x1903      	BTFSC      STATUS, 2
0x010A	0x2952      	GOTO       L_UART1_Read_Text8
;__Lib_UART_c67.c,64 :: 		
0x010B	0x0844      	MOVF       FARG_UART1_Read_Text_Attempts, 0
0x010C	0x3AFF      	XORLW      255
0x010D	0x1903      	BTFSC      STATUS, 2
0x010E	0x2910      	GOTO       L_UART1_Read_Text9
;__Lib_UART_c67.c,65 :: 		
0x010F	0x03C4      	DECF       FARG_UART1_Read_Text_Attempts, 1
L_UART1_Read_Text9:
;__Lib_UART_c67.c,67 :: 		
L_UART1_Read_Text10:
0x0110	0x2078      	CALL       _UART1_Data_Ready
0x0111	0x0870      	MOVF       R0, 0
0x0112	0x3A00      	XORLW      0
0x0113	0x1D03      	BTFSS      STATUS, 2
0x0114	0x2916      	GOTO       L_UART1_Read_Text11
;__Lib_UART_c67.c,68 :: 		
0x0115	0x2910      	GOTO       L_UART1_Read_Text10
L_UART1_Read_Text11:
;__Lib_UART_c67.c,70 :: 		
0x0116	0x205E      	CALL       _UART1_Read
0x0117	0x0870      	MOVF       R0, 0
0x0118	0x1683      	BSF        STATUS, 5
0x0119	0x00EF      	MOVWF      UART1_Read_Text_r_data_L0
;__Lib_UART_c67.c,71 :: 		
0x011A	0x1283      	BCF        STATUS, 5
0x011B	0x1703      	BSF        STATUS, 6
0x011C	0x0845      	MOVF       UART1_Read_Text_out_idx_L0, 0
0x011D	0x0742      	ADDWF      FARG_UART1_Read_Text_Output, 0
0x011E	0x0084      	MOVWF      FSR
0x011F	0x0870      	MOVF       R0, 0
0x0120	0x0080      	MOVWF      INDF
0x0121	0x0AC5      	INCF       UART1_Read_Text_out_idx_L0, 1
;__Lib_UART_c67.c,72 :: 		
0x0122	0x0846      	MOVF       UART1_Read_Text_delim_idx_L0, 0
0x0123	0x0743      	ADDWF      FARG_UART1_Read_Text_Delimiter, 0
0x0124	0x0084      	MOVWF      FSR
0x0125	0x0800      	MOVF       INDF, 0
0x0126	0x1683      	BSF        STATUS, 5
0x0127	0x1303      	BCF        STATUS, 6
0x0128	0x066F      	XORWF      UART1_Read_Text_r_data_L0, 0
0x0129	0x1D03      	BTFSS      STATUS, 2
0x012A	0x292F      	GOTO       L_UART1_Read_Text12
;__Lib_UART_c67.c,73 :: 		
0x012B	0x1283      	BCF        STATUS, 5
0x012C	0x1703      	BSF        STATUS, 6
0x012D	0x0AC6      	INCF       UART1_Read_Text_delim_idx_L0, 1
;__Lib_UART_c67.c,74 :: 		
0x012E	0x293D      	GOTO       L_UART1_Read_Text13
L_UART1_Read_Text12:
0x012F	0x1283      	BCF        STATUS, 5
0x0130	0x1703      	BSF        STATUS, 6
;__Lib_UART_c67.c,76 :: 		
0x0131	0x01C6      	CLRF       UART1_Read_Text_delim_idx_L0
;__Lib_UART_c67.c,77 :: 		
0x0132	0x0843      	MOVF       FARG_UART1_Read_Text_Delimiter, 0
0x0133	0x0084      	MOVWF      FSR
0x0134	0x0800      	MOVF       INDF, 0
0x0135	0x1683      	BSF        STATUS, 5
0x0136	0x1303      	BCF        STATUS, 6
0x0137	0x066F      	XORWF      UART1_Read_Text_r_data_L0, 0
0x0138	0x1D03      	BTFSS      STATUS, 2
0x0139	0x293D      	GOTO       L_UART1_Read_Text14
;__Lib_UART_c67.c,78 :: 		
0x013A	0x1283      	BCF        STATUS, 5
0x013B	0x1703      	BSF        STATUS, 6
0x013C	0x0AC6      	INCF       UART1_Read_Text_delim_idx_L0, 1
;__Lib_UART_c67.c,79 :: 		
L_UART1_Read_Text14:
;__Lib_UART_c67.c,80 :: 		
L_UART1_Read_Text13:
0x013D	0x1283      	BCF        STATUS, 5
0x013E	0x1703      	BSF        STATUS, 6
;__Lib_UART_c67.c,82 :: 		
0x013F	0x0846      	MOVF       UART1_Read_Text_delim_idx_L0, 0
0x0140	0x0743      	ADDWF      FARG_UART1_Read_Text_Delimiter, 0
0x0141	0x0084      	MOVWF      FSR
0x0142	0x0800      	MOVF       INDF, 0
0x0143	0x3A00      	XORLW      0
0x0144	0x1D03      	BTFSS      STATUS, 2
0x0145	0x2951      	GOTO       L_UART1_Read_Text15
;__Lib_UART_c67.c,83 :: 		
0x0146	0x0846      	MOVF       UART1_Read_Text_delim_idx_L0, 0
0x0147	0x0245      	SUBWF      UART1_Read_Text_out_idx_L0, 0
0x0148	0x00F0      	MOVWF      R0
0x0149	0x01F1      	CLRF       R0+1
0x014A	0x1C03      	BTFSS      STATUS, 0
0x014B	0x03F1      	DECF       R0+1, 1
0x014C	0x0870      	MOVF       R0, 0
0x014D	0x0742      	ADDWF      FARG_UART1_Read_Text_Output, 0
0x014E	0x0084      	MOVWF      FSR
0x014F	0x0180      	CLRF       INDF
;__Lib_UART_c67.c,84 :: 		
0x0150	0x2955      	GOTO       L_end_UART1_Read_Text
;__Lib_UART_c67.c,85 :: 		
L_UART1_Read_Text15:
;__Lib_UART_c67.c,87 :: 		
0x0151	0x2908      	GOTO       L_UART1_Read_Text7
L_UART1_Read_Text8:
;__Lib_UART_c67.c,88 :: 		
0x0152	0x0842      	MOVF       FARG_UART1_Read_Text_Output, 0
0x0153	0x0084      	MOVWF      FSR
0x0154	0x0180      	CLRF       INDF
;__Lib_UART_c67.c,89 :: 		
L_end_UART1_Read_Text:
0x0155	0x0008      	RETURN
; end of _UART1_Read_Text
_UART1_Init:
;__Lib_UART_c67.c,2 :: 		
;__Lib_UART_c67.c,5 :: 		
0x0156	0x1683      	BSF        STATUS, 5
0x0157	0x1303      	BCF        STATUS, 6
0x0158	0x1698      	BSF        TXSTA, 5
;__Lib_UART_c67.c,6 :: 		
0x0159	0x3090      	MOVLW      144
0x015A	0x1283      	BCF        STATUS, 5
0x015B	0x0098      	MOVWF      RCSTA
;__Lib_UART_c67.c,7 :: 		
0x015C	0x1683      	BSF        STATUS, 5
0x015D	0x1787      	BSF        TRISC7_bit, BitPos(TRISC7_bit+0)
;__Lib_UART_c67.c,8 :: 		
0x015E	0x1307      	BCF        TRISC6_bit, BitPos(TRISC6_bit+0)
;__Lib_UART_c67.c,10 :: 		
L_UART1_Init0:
0x015F	0x1283      	BCF        STATUS, 5
0x0160	0x1E8C      	BTFSS      PIR1, 5
0x0161	0x2965      	GOTO       L_UART1_Init1
;__Lib_UART_c67.c,11 :: 		
0x0162	0x081A      	MOVF       RCREG, 0
0x0163	0x00F0      	MOVWF      R0
0x0164	0x295F      	GOTO       L_UART1_Init0
L_UART1_Init1:
;__Lib_UART_c67.c,12 :: 		
L_end_UART1_Init:
0x0165	0x0008      	RETURN
; end of _UART1_Init
_memset:
;__Lib_CString.c,77 :: 		
;__Lib_CString.c,80 :: 		
0x0166	0x1283      	BCF        STATUS, 5
0x0167	0x1703      	BSF        STATUS, 6
0x0168	0x0842      	MOVF       FARG_memset_p1, 0
0x0169	0x00F2      	MOVWF      R2
;__Lib_CString.c,81 :: 		
L_memset20:
0x016A	0x0844      	MOVF       FARG_memset_n, 0
0x016B	0x00F0      	MOVWF      R0
0x016C	0x0845      	MOVF       FARG_memset_n+1, 0
0x016D	0x00F1      	MOVWF      R0+1
0x016E	0x3001      	MOVLW      1
0x016F	0x02C4      	SUBWF      FARG_memset_n, 1
0x0170	0x1C03      	BTFSS      STATUS, 0
0x0171	0x03C5      	DECF       FARG_memset_n+1, 1
0x0172	0x0870      	MOVF       R0, 0
0x0173	0x0471      	IORWF      R0+1, 0
0x0174	0x1903      	BTFSC      STATUS, 2
0x0175	0x297C      	GOTO       L_memset21
;__Lib_CString.c,82 :: 		
0x0176	0x0872      	MOVF       R2, 0
0x0177	0x0084      	MOVWF      FSR
0x0178	0x0843      	MOVF       FARG_memset_character, 0
0x0179	0x0080      	MOVWF      INDF
0x017A	0x0AF2      	INCF       R2, 1
0x017B	0x296A      	GOTO       L_memset20
L_memset21:
;__Lib_CString.c,83 :: 		
0x017C	0x0842      	MOVF       FARG_memset_p1, 0
0x017D	0x00F0      	MOVWF      R0
;__Lib_CString.c,84 :: 		
L_end_memset:
0x017E	0x0008      	RETURN
; end of _memset
_PWM1_Stop:
;__Lib_PWM_c21.c,57 :: 		
;__Lib_PWM_c21.c,58 :: 		
0x017F	0x1683      	BSF        STATUS, 5
0x0180	0x1303      	BCF        STATUS, 6
0x0181	0x1507      	BSF        TRISC2_bit, BitPos(TRISC2_bit+0)
;__Lib_PWM_c21.c,59 :: 		
0x0182	0x1283      	BCF        STATUS, 5
0x0183	0x1112      	BCF        T2CON, 2
;__Lib_PWM_c21.c,60 :: 		
0x0184	0x30F0      	MOVLW      240
0x0185	0x0597      	ANDWF      CCP1CON, 1
;__Lib_PWM_c21.c,61 :: 		
L_end_PWM1_Stop:
0x0186	0x0008      	RETURN
; end of _PWM1_Stop
_PWM1_Start:
;__Lib_PWM_c21.c,51 :: 		
;__Lib_PWM_c21.c,52 :: 		
0x0187	0x1683      	BSF        STATUS, 5
0x0188	0x1303      	BCF        STATUS, 6
0x0189	0x1107      	BCF        TRISC2_bit, BitPos(TRISC2_bit+0)
;__Lib_PWM_c21.c,53 :: 		
0x018A	0x1283      	BCF        STATUS, 5
0x018B	0x1512      	BSF        T2CON, 2
;__Lib_PWM_c21.c,54 :: 		
0x018C	0x300C      	MOVLW      12
0x018D	0x0497      	IORWF      CCP1CON, 1
;__Lib_PWM_c21.c,55 :: 		
L_end_PWM1_Start:
0x018E	0x0008      	RETURN
; end of _PWM1_Start
_set_frequency:
;FINAL.c,6 :: 		void set_frequency(short current_duty_1 )
;FINAL.c,9 :: 		UART1_Write_Text(" ***choix de vitesse  !! *** ");
0x018F	0x304D      	MOVLW      ?lstr1_FINAL
0x0190	0x1283      	BCF        STATUS, 5
0x0191	0x1703      	BSF        STATUS, 6
0x0192	0x00C8      	MOVWF      FARG_UART1_Write_Text_uart_text
0x0193	0x203A      	CALL       _UART1_Write_Text
;FINAL.c,10 :: 		UART1_Write(13);
0x0194	0x300D      	MOVLW      13
0x0195	0x00CC      	MOVWF      FARG_UART1_Write_data_
0x0196	0x2003      	CALL       _UART1_Write
;FINAL.c,11 :: 		UART1_Write(10);
0x0197	0x300A      	MOVLW      10
0x0198	0x1703      	BSF        STATUS, 6
0x0199	0x00CC      	MOVWF      FARG_UART1_Write_data_
0x019A	0x2003      	CALL       _UART1_Write
;FINAL.c,13 :: 		if ( current_duty_1 == 50 )
0x019B	0x1683      	BSF        STATUS, 5
0x019C	0x086F      	MOVF       FARG_set_frequency_current_duty_1, 0
0x019D	0x3A32      	XORLW      50
0x019E	0x1D03      	BTFSS      STATUS, 2
0x019F	0x29A8      	GOTO       L_set_frequency0
;FINAL.c,15 :: 		PWM1_Init(3000) ; }
0x01A0	0x1283      	BCF        STATUS, 5
0x01A1	0x1412      	BSF        T2CON, 0
0x01A2	0x1092      	BCF        T2CON, 1
0x01A3	0x30A6      	MOVLW      166
0x01A4	0x1683      	BSF        STATUS, 5
0x01A5	0x0092      	MOVWF      PR2
0x01A6	0x2051      	CALL       _PWM1_Init
0x01A7	0x29F3      	GOTO       L_set_frequency1
L_set_frequency0:
;FINAL.c,16 :: 		else if ( current_duty_1 ==100 )
0x01A8	0x1683      	BSF        STATUS, 5
0x01A9	0x086F      	MOVF       FARG_set_frequency_current_duty_1, 0
0x01AA	0x3A64      	XORLW      100
0x01AB	0x1D03      	BTFSS      STATUS, 2
0x01AC	0x29B5      	GOTO       L_set_frequency2
;FINAL.c,18 :: 		PWM1_Init(6000) ; }
0x01AD	0x1283      	BCF        STATUS, 5
0x01AE	0x1412      	BSF        T2CON, 0
0x01AF	0x1092      	BCF        T2CON, 1
0x01B0	0x3053      	MOVLW      83
0x01B1	0x1683      	BSF        STATUS, 5
0x01B2	0x0092      	MOVWF      PR2
0x01B3	0x2051      	CALL       _PWM1_Init
0x01B4	0x29F3      	GOTO       L_set_frequency3
L_set_frequency2:
;FINAL.c,19 :: 		else if ( current_duty_1 == 150 )
0x01B5	0x3000      	MOVLW      0
0x01B6	0x1683      	BSF        STATUS, 5
0x01B7	0x1BEF      	BTFSC      FARG_set_frequency_current_duty_1, 7
0x01B8	0x30FF      	MOVLW      255
0x01B9	0x00F0      	MOVWF      R0
0x01BA	0x3000      	MOVLW      0
0x01BB	0x0670      	XORWF      R0, 0
0x01BC	0x1D03      	BTFSS      STATUS, 2
0x01BD	0x29C0      	GOTO       L__set_frequency40
0x01BE	0x3096      	MOVLW      150
0x01BF	0x066F      	XORWF      FARG_set_frequency_current_duty_1, 0
L__set_frequency40:
0x01C0	0x1D03      	BTFSS      STATUS, 2
0x01C1	0x29CA      	GOTO       L_set_frequency4
;FINAL.c,21 :: 		PWM1_Init(8000) ; }
0x01C2	0x1283      	BCF        STATUS, 5
0x01C3	0x1012      	BCF        T2CON, 0
0x01C4	0x1092      	BCF        T2CON, 1
0x01C5	0x30F9      	MOVLW      249
0x01C6	0x1683      	BSF        STATUS, 5
0x01C7	0x0092      	MOVWF      PR2
0x01C8	0x2051      	CALL       _PWM1_Init
0x01C9	0x29F3      	GOTO       L_set_frequency5
L_set_frequency4:
;FINAL.c,22 :: 		else if ( current_duty_1 == 200 )
0x01CA	0x3000      	MOVLW      0
0x01CB	0x1683      	BSF        STATUS, 5
0x01CC	0x1BEF      	BTFSC      FARG_set_frequency_current_duty_1, 7
0x01CD	0x30FF      	MOVLW      255
0x01CE	0x00F0      	MOVWF      R0
0x01CF	0x3000      	MOVLW      0
0x01D0	0x0670      	XORWF      R0, 0
0x01D1	0x1D03      	BTFSS      STATUS, 2
0x01D2	0x29D5      	GOTO       L__set_frequency41
0x01D3	0x30C8      	MOVLW      200
0x01D4	0x066F      	XORWF      FARG_set_frequency_current_duty_1, 0
L__set_frequency41:
0x01D5	0x1D03      	BTFSS      STATUS, 2
0x01D6	0x29DF      	GOTO       L_set_frequency6
;FINAL.c,24 :: 		PWM1_Init(10000) ; }
0x01D7	0x1283      	BCF        STATUS, 5
0x01D8	0x1012      	BCF        T2CON, 0
0x01D9	0x1092      	BCF        T2CON, 1
0x01DA	0x30C7      	MOVLW      199
0x01DB	0x1683      	BSF        STATUS, 5
0x01DC	0x0092      	MOVWF      PR2
0x01DD	0x2051      	CALL       _PWM1_Init
0x01DE	0x29F3      	GOTO       L_set_frequency7
L_set_frequency6:
;FINAL.c,26 :: 		else if ( current_duty_1 == 250 )
0x01DF	0x3000      	MOVLW      0
0x01E0	0x1683      	BSF        STATUS, 5
0x01E1	0x1BEF      	BTFSC      FARG_set_frequency_current_duty_1, 7
0x01E2	0x30FF      	MOVLW      255
0x01E3	0x00F0      	MOVWF      R0
0x01E4	0x3000      	MOVLW      0
0x01E5	0x0670      	XORWF      R0, 0
0x01E6	0x1D03      	BTFSS      STATUS, 2
0x01E7	0x29EA      	GOTO       L__set_frequency42
0x01E8	0x30FA      	MOVLW      250
0x01E9	0x066F      	XORWF      FARG_set_frequency_current_duty_1, 0
L__set_frequency42:
0x01EA	0x1D03      	BTFSS      STATUS, 2
0x01EB	0x29F3      	GOTO       L_set_frequency8
;FINAL.c,28 :: 		PWM1_Init(12000) ; }
0x01EC	0x1283      	BCF        STATUS, 5
0x01ED	0x1012      	BCF        T2CON, 0
0x01EE	0x1092      	BCF        T2CON, 1
0x01EF	0x30A5      	MOVLW      165
0x01F0	0x1683      	BSF        STATUS, 5
0x01F1	0x0092      	MOVWF      PR2
0x01F2	0x2051      	CALL       _PWM1_Init
L_set_frequency8:
L_set_frequency7:
L_set_frequency5:
L_set_frequency3:
L_set_frequency1:
;FINAL.c,30 :: 		}void main() {
L_end_set_frequency:
0x01F3	0x0008      	RETURN
; end of _set_frequency
___CC2DW:
;__Lib_System.c,134 :: 		
;__Lib_System.c,137 :: 		
_CC2D_Loop1:
;__Lib_System.c,139 :: 		
0x01F4	0x2057      	CALL       _____DoICP
0x01F5	0x118A      	BCF        PCLATH, 3
0x01F6	0x120A      	BCF        PCLATH, 4
;__Lib_System.c,141 :: 		
0x01F7	0x0080      	MOVWF      INDF
;__Lib_System.c,142 :: 		
0x01F8	0x0A84      	INCF       FSR, 1
;__Lib_System.c,143 :: 		
0x01F9	0x0AE7      	INCF       ___DoICPAddr, 1
;__Lib_System.c,145 :: 		
0x01FA	0x1903      	BTFSC      STATUS, 2
;__Lib_System.c,146 :: 		
0x01FB	0x0AE8      	INCF       ___DoICPAddr+1, 1
;__Lib_System.c,147 :: 		
0x01FC	0x03F0      	DECF       R0, 1
;__Lib_System.c,149 :: 		
0x01FD	0x1D03      	BTFSS      STATUS, 2
;__Lib_System.c,150 :: 		
0x01FE	0x29F4      	GOTO       _CC2D_Loop1
;__Lib_System.c,152 :: 		
L_end___CC2DW:
0x01FF	0x0008      	RETURN
; end of ___CC2DW
_PWM1_Set_Duty:
;__Lib_PWM_c21.c,40 :: 		
;__Lib_PWM_c21.c,44 :: 		
0x0200	0x1683      	BSF        STATUS, 5
0x0201	0x1303      	BCF        STATUS, 6
0x0202	0x0812      	MOVF       PR2, 0
0x0203	0x3E01      	ADDLW      1
0x0204	0x00F0      	MOVWF      R0
0x0205	0x01F1      	CLRF       R0+1
0x0206	0x1803      	BTFSC      STATUS, 0
0x0207	0x0AF1      	INCF       R0+1, 1
0x0208	0x086F      	MOVF       FARG_PWM1_Set_Duty_new_duty, 0
0x0209	0x00F4      	MOVWF      R4
0x020A	0x01F5      	CLRF       R4+1
0x020B	0x200F      	CALL       _Mul_16X16_U
0x020C	0x3006      	MOVLW      6
0x020D	0x00F2      	MOVWF      R2
0x020E	0x0870      	MOVF       R0, 0
0x020F	0x00F4      	MOVWF      R4
0x0210	0x0871      	MOVF       R0+1, 0
0x0211	0x00F5      	MOVWF      R4+1
0x0212	0x0872      	MOVF       R2, 0
L__PWM1_Set_Duty10:
0x0213	0x1903      	BTFSC      STATUS, 2
0x0214	0x2A1A      	GOTO       L__PWM1_Set_Duty11
0x0215	0x0CF5      	RRF        R4+1, 1
0x0216	0x0CF4      	RRF        R4, 1
0x0217	0x13F5      	BCF        R4+1, 7
0x0218	0x3EFF      	ADDLW      255
0x0219	0x2A13      	GOTO       L__PWM1_Set_Duty10
L__PWM1_Set_Duty11:
;__Lib_PWM_c21.c,45 :: 		
0x021A	0x3004      	MOVLW      4
0x021B	0x00F1      	MOVWF      R1
0x021C	0x0874      	MOVF       R4, 0
0x021D	0x00F0      	MOVWF      R0
0x021E	0x0871      	MOVF       R1, 0
L__PWM1_Set_Duty12:
0x021F	0x1903      	BTFSC      STATUS, 2
0x0220	0x2A25      	GOTO       L__PWM1_Set_Duty13
0x0221	0x0DF0      	RLF        R0, 1
0x0222	0x1070      	BCF        R0, 0
0x0223	0x3EFF      	ADDLW      255
0x0224	0x2A1F      	GOTO       L__PWM1_Set_Duty12
L__PWM1_Set_Duty13:
0x0225	0x3030      	MOVLW      48
0x0226	0x0570      	ANDWF      R0, 0
0x0227	0x00F3      	MOVWF      R3
;__Lib_PWM_c21.c,46 :: 		
0x0228	0x0874      	MOVF       R4, 0
0x0229	0x00F0      	MOVWF      R0
0x022A	0x0875      	MOVF       R4+1, 0
0x022B	0x00F1      	MOVWF      R0+1
0x022C	0x0CF1      	RRF        R0+1, 1
0x022D	0x0CF0      	RRF        R0, 1
0x022E	0x13F1      	BCF        R0+1, 7
0x022F	0x0CF1      	RRF        R0+1, 1
0x0230	0x0CF0      	RRF        R0, 1
0x0231	0x13F1      	BCF        R0+1, 7
0x0232	0x0870      	MOVF       R0, 0
0x0233	0x0095      	MOVWF      CCPR1L
;__Lib_PWM_c21.c,47 :: 		
0x0234	0x300F      	MOVLW      15
0x0235	0x0597      	ANDWF      CCP1CON, 1
;__Lib_PWM_c21.c,48 :: 		
0x0236	0x0873      	MOVF       R3, 0
0x0237	0x0497      	IORWF      CCP1CON, 1
;__Lib_PWM_c21.c,49 :: 		
L_end_PWM1_Set_Duty:
0x0238	0x0008      	RETURN
; end of _PWM1_Set_Duty
_main:
0x0239	0x242E      	CALL       1070
;FINAL.c,35 :: 		while(1){
L_main9:
;FINAL.c,37 :: 		PWM1_Start();
0x023A	0x2187      	CALL       _PWM1_Start
;FINAL.c,38 :: 		PWM1_Set_Duty(current_duty_1);
0x023B	0x0820      	MOVF       _current_duty_1, 0
0x023C	0x1683      	BSF        STATUS, 5
0x023D	0x00EF      	MOVWF      FARG_PWM1_Set_Duty_new_duty
0x023E	0x2200      	CALL       _PWM1_Set_Duty
;FINAL.c,39 :: 		UART1_Init(9600);
0x023F	0x3033      	MOVLW      51
0x0240	0x1683      	BSF        STATUS, 5
0x0241	0x0099      	MOVWF      SPBRG
0x0242	0x1518      	BSF        TXSTA, 2
0x0243	0x2156      	CALL       _UART1_Init
;FINAL.c,41 :: 		UART1_Write_Text("begin");
0x0244	0x302F      	MOVLW      ?lstr2_FINAL
0x0245	0x1703      	BSF        STATUS, 6
0x0246	0x00C8      	MOVWF      FARG_UART1_Write_Text_uart_text
0x0247	0x203A      	CALL       _UART1_Write_Text
;FINAL.c,42 :: 		UART1_Write(13);
0x0248	0x300D      	MOVLW      13
0x0249	0x00CC      	MOVWF      FARG_UART1_Write_data_
0x024A	0x2003      	CALL       _UART1_Write
;FINAL.c,43 :: 		UART1_Write(10);
0x024B	0x300A      	MOVLW      10
0x024C	0x1703      	BSF        STATUS, 6
0x024D	0x00CC      	MOVWF      FARG_UART1_Write_data_
0x024E	0x2003      	CALL       _UART1_Write
;FINAL.c,44 :: 		Delay_ms(500);
0x024F	0x3006      	MOVLW      6
0x0250	0x00FB      	MOVWF      R11
0x0251	0x3013      	MOVLW      19
0x0252	0x00FC      	MOVWF      R12
0x0253	0x30AD      	MOVLW      173
0x0254	0x00FD      	MOVWF      R13
L_main11:
0x0255	0x0BFD      	DECFSZ     R13, 1
0x0256	0x2A55      	GOTO       L_main11
0x0257	0x0BFC      	DECFSZ     R12, 1
0x0258	0x2A55      	GOTO       L_main11
0x0259	0x0BFB      	DECFSZ     R11, 1
0x025A	0x2A55      	GOTO       L_main11
0x025B	0x0000      	NOP
0x025C	0x0000      	NOP
;FINAL.c,45 :: 		TRISB = 0x00;
0x025D	0x1683      	BSF        STATUS, 5
0x025E	0x0186      	CLRF       TRISB
;FINAL.c,47 :: 		UART1_Write_Text("donner un nombre d'impulsion ");
0x025F	0x30C9      	MOVLW      ?lstr3_FINAL
0x0260	0x1283      	BCF        STATUS, 5
0x0261	0x1703      	BSF        STATUS, 6
0x0262	0x00C8      	MOVWF      FARG_UART1_Write_Text_uart_text
0x0263	0x203A      	CALL       _UART1_Write_Text
;FINAL.c,48 :: 		UART1_Write(13);
0x0264	0x300D      	MOVLW      13
0x0265	0x00CC      	MOVWF      FARG_UART1_Write_data_
0x0266	0x2003      	CALL       _UART1_Write
;FINAL.c,49 :: 		UART1_Write(10);
0x0267	0x300A      	MOVLW      10
0x0268	0x1703      	BSF        STATUS, 6
0x0269	0x00CC      	MOVWF      FARG_UART1_Write_data_
0x026A	0x2003      	CALL       _UART1_Write
;FINAL.c,50 :: 		Delay_ms(500);
0x026B	0x3006      	MOVLW      6
0x026C	0x00FB      	MOVWF      R11
0x026D	0x3013      	MOVLW      19
0x026E	0x00FC      	MOVWF      R12
0x026F	0x30AD      	MOVLW      173
0x0270	0x00FD      	MOVWF      R13
L_main12:
0x0271	0x0BFD      	DECFSZ     R13, 1
0x0272	0x2A71      	GOTO       L_main12
0x0273	0x0BFC      	DECFSZ     R12, 1
0x0274	0x2A71      	GOTO       L_main12
0x0275	0x0BFB      	DECFSZ     R11, 1
0x0276	0x2A71      	GOTO       L_main12
0x0277	0x0000      	NOP
0x0278	0x0000      	NOP
;FINAL.c,53 :: 		if (UART1_Data_Ready()) {
0x0279	0x2078      	CALL       _UART1_Data_Ready
0x027A	0x0870      	MOVF       R0, 0
0x027B	0x1903      	BTFSC      STATUS, 2
0x027C	0x2AAB      	GOTO       L_main13
;FINAL.c,54 :: 		UART1_Read_Text(uart_buffer, "q", 50);
0x027D	0x3010      	MOVLW      _uart_buffer
0x027E	0x1703      	BSF        STATUS, 6
0x027F	0x00C2      	MOVWF      FARG_UART1_Read_Text_Output
0x0280	0x306D      	MOVLW      ?lstr4_FINAL
0x0281	0x00C3      	MOVWF      FARG_UART1_Read_Text_Delimiter
0x0282	0x3032      	MOVLW      50
0x0283	0x00C4      	MOVWF      FARG_UART1_Read_Text_Attempts
0x0284	0x2104      	CALL       _UART1_Read_Text
;FINAL.c,55 :: 		UART1_Write_Text(uart_buffer);
0x0285	0x3010      	MOVLW      _uart_buffer
0x0286	0x00C8      	MOVWF      FARG_UART1_Write_Text_uart_text
0x0287	0x203A      	CALL       _UART1_Write_Text
;FINAL.c,56 :: 		Delay_ms(500);
0x0288	0x3006      	MOVLW      6
0x0289	0x00FB      	MOVWF      R11
0x028A	0x3013      	MOVLW      19
0x028B	0x00FC      	MOVWF      R12
0x028C	0x30AD      	MOVLW      173
0x028D	0x00FD      	MOVWF      R13
L_main14:
0x028E	0x0BFD      	DECFSZ     R13, 1
0x028F	0x2A8E      	GOTO       L_main14
0x0290	0x0BFC      	DECFSZ     R12, 1
0x0291	0x2A8E      	GOTO       L_main14
0x0292	0x0BFB      	DECFSZ     R11, 1
0x0293	0x2A8E      	GOTO       L_main14
0x0294	0x0000      	NOP
0x0295	0x0000      	NOP
;FINAL.c,57 :: 		d = atoi(uart_buffer);
0x0296	0x3010      	MOVLW      _uart_buffer
0x0297	0x1683      	BSF        STATUS, 5
0x0298	0x1303      	BCF        STATUS, 6
0x0299	0x00EF      	MOVWF      FARG_atoi_s
0x029A	0x207F      	CALL       _atoi
0x029B	0x0870      	MOVF       R0, 0
0x029C	0x1683      	BSF        STATUS, 5
0x029D	0x1303      	BCF        STATUS, 6
0x029E	0x00E9      	MOVWF      main_d_L0
0x029F	0x0871      	MOVF       R0+1, 0
0x02A0	0x00EA      	MOVWF      main_d_L0+1
;FINAL.c,58 :: 		memset(uart_buffer, '\0', 50);
0x02A1	0x3010      	MOVLW      _uart_buffer
0x02A2	0x1283      	BCF        STATUS, 5
0x02A3	0x1703      	BSF        STATUS, 6
0x02A4	0x00C2      	MOVWF      FARG_memset_p1
0x02A5	0x01C3      	CLRF       FARG_memset_character
0x02A6	0x3032      	MOVLW      50
0x02A7	0x00C4      	MOVWF      FARG_memset_n
0x02A8	0x3000      	MOVLW      0
0x02A9	0x00C5      	MOVWF      FARG_memset_n+1
0x02AA	0x2166      	CALL       _memset
;FINAL.c,59 :: 		}
L_main13:
0x02AB	0x1703      	BSF        STATUS, 6
;FINAL.c,61 :: 		UART1_Write_Text("donner la direction (d/g)");
0x02AC	0x30A0      	MOVLW      ?lstr5_FINAL
0x02AD	0x00C8      	MOVWF      FARG_UART1_Write_Text_uart_text
0x02AE	0x203A      	CALL       _UART1_Write_Text
;FINAL.c,62 :: 		UART1_Write(13);
0x02AF	0x300D      	MOVLW      13
0x02B0	0x00CC      	MOVWF      FARG_UART1_Write_data_
0x02B1	0x2003      	CALL       _UART1_Write
;FINAL.c,63 :: 		UART1_Write(10);
0x02B2	0x300A      	MOVLW      10
0x02B3	0x1703      	BSF        STATUS, 6
0x02B4	0x00CC      	MOVWF      FARG_UART1_Write_data_
0x02B5	0x2003      	CALL       _UART1_Write
;FINAL.c,64 :: 		Delay_ms(500);
0x02B6	0x3006      	MOVLW      6
0x02B7	0x00FB      	MOVWF      R11
0x02B8	0x3013      	MOVLW      19
0x02B9	0x00FC      	MOVWF      R12
0x02BA	0x30AD      	MOVLW      173
0x02BB	0x00FD      	MOVWF      R13
L_main15:
0x02BC	0x0BFD      	DECFSZ     R13, 1
0x02BD	0x2ABC      	GOTO       L_main15
0x02BE	0x0BFC      	DECFSZ     R12, 1
0x02BF	0x2ABC      	GOTO       L_main15
0x02C0	0x0BFB      	DECFSZ     R11, 1
0x02C1	0x2ABC      	GOTO       L_main15
0x02C2	0x0000      	NOP
0x02C3	0x0000      	NOP
;FINAL.c,67 :: 		while (1) {
L_main16:
;FINAL.c,68 :: 		uart_rd = UART1_Read();
0x02C4	0x205E      	CALL       _UART1_Read
0x02C5	0x0870      	MOVF       R0, 0
0x02C6	0x00EF      	MOVWF      main_uart_rd_L0
;FINAL.c,69 :: 		if (uart_rd == 'd' || uart_rd == 'g') {
0x02C7	0x0870      	MOVF       R0, 0
0x02C8	0x3A64      	XORLW      100
0x02C9	0x1903      	BTFSC      STATUS, 2
0x02CA	0x2AD0      	GOTO       L__main38
0x02CB	0x086F      	MOVF       main_uart_rd_L0, 0
0x02CC	0x3A67      	XORLW      103
0x02CD	0x1903      	BTFSC      STATUS, 2
0x02CE	0x2AD0      	GOTO       L__main38
0x02CF	0x2AD4      	GOTO       L_main20
L__main38:
;FINAL.c,70 :: 		direction = uart_rd;
0x02D0	0x086F      	MOVF       main_uart_rd_L0, 0
0x02D1	0x1683      	BSF        STATUS, 5
0x02D2	0x00ED      	MOVWF      main_direction_L0
;FINAL.c,71 :: 		break;
0x02D3	0x2AD5      	GOTO       L_main17
;FINAL.c,72 :: 		}
L_main20:
;FINAL.c,73 :: 		}
0x02D4	0x2AC4      	GOTO       L_main16
L_main17:
0x02D5	0x1683      	BSF        STATUS, 5
;FINAL.c,76 :: 		if (direction == 'd') {
0x02D6	0x086D      	MOVF       main_direction_L0, 0
0x02D7	0x3A64      	XORLW      100
0x02D8	0x1D03      	BTFSS      STATUS, 2
0x02D9	0x2AF6      	GOTO       L_main21
;FINAL.c,77 :: 		PORTB.F0 = 1;
0x02DA	0x1283      	BCF        STATUS, 5
0x02DB	0x1406      	BSF        PORTB, 0
;FINAL.c,78 :: 		UART1_Write_Text(" to the right ");
0x02DC	0x30BA      	MOVLW      ?lstr6_FINAL
0x02DD	0x1703      	BSF        STATUS, 6
0x02DE	0x00C8      	MOVWF      FARG_UART1_Write_Text_uart_text
0x02DF	0x203A      	CALL       _UART1_Write_Text
;FINAL.c,79 :: 		UART1_Write(13);
0x02E0	0x300D      	MOVLW      13
0x02E1	0x00CC      	MOVWF      FARG_UART1_Write_data_
0x02E2	0x2003      	CALL       _UART1_Write
;FINAL.c,80 :: 		UART1_Write(10);
0x02E3	0x300A      	MOVLW      10
0x02E4	0x1703      	BSF        STATUS, 6
0x02E5	0x00CC      	MOVWF      FARG_UART1_Write_data_
0x02E6	0x2003      	CALL       _UART1_Write
;FINAL.c,81 :: 		Delay_ms(500);
0x02E7	0x3006      	MOVLW      6
0x02E8	0x00FB      	MOVWF      R11
0x02E9	0x3013      	MOVLW      19
0x02EA	0x00FC      	MOVWF      R12
0x02EB	0x30AD      	MOVLW      173
0x02EC	0x00FD      	MOVWF      R13
L_main22:
0x02ED	0x0BFD      	DECFSZ     R13, 1
0x02EE	0x2AED      	GOTO       L_main22
0x02EF	0x0BFC      	DECFSZ     R12, 1
0x02F0	0x2AED      	GOTO       L_main22
0x02F1	0x0BFB      	DECFSZ     R11, 1
0x02F2	0x2AED      	GOTO       L_main22
0x02F3	0x0000      	NOP
0x02F4	0x0000      	NOP
;FINAL.c,82 :: 		} else {
0x02F5	0x2B11      	GOTO       L_main23
L_main21:
0x02F6	0x1283      	BCF        STATUS, 5
;FINAL.c,83 :: 		PORTB.F0 = 0;
0x02F7	0x1006      	BCF        PORTB, 0
;FINAL.c,84 :: 		UART1_Write_Text(" to the left ");
0x02F8	0x3021      	MOVLW      ?lstr7_FINAL
0x02F9	0x1703      	BSF        STATUS, 6
0x02FA	0x00C8      	MOVWF      FARG_UART1_Write_Text_uart_text
0x02FB	0x203A      	CALL       _UART1_Write_Text
;FINAL.c,85 :: 		UART1_Write(13);
0x02FC	0x300D      	MOVLW      13
0x02FD	0x00CC      	MOVWF      FARG_UART1_Write_data_
0x02FE	0x2003      	CALL       _UART1_Write
;FINAL.c,86 :: 		UART1_Write(10);
0x02FF	0x300A      	MOVLW      10
0x0300	0x1703      	BSF        STATUS, 6
0x0301	0x00CC      	MOVWF      FARG_UART1_Write_data_
0x0302	0x2003      	CALL       _UART1_Write
;FINAL.c,87 :: 		Delay_ms(500);
0x0303	0x3006      	MOVLW      6
0x0304	0x00FB      	MOVWF      R11
0x0305	0x3013      	MOVLW      19
0x0306	0x00FC      	MOVWF      R12
0x0307	0x30AD      	MOVLW      173
0x0308	0x00FD      	MOVWF      R13
L_main24:
0x0309	0x0BFD      	DECFSZ     R13, 1
0x030A	0x2B09      	GOTO       L_main24
0x030B	0x0BFC      	DECFSZ     R12, 1
0x030C	0x2B09      	GOTO       L_main24
0x030D	0x0BFB      	DECFSZ     R11, 1
0x030E	0x2B09      	GOTO       L_main24
0x030F	0x0000      	NOP
0x0310	0x0000      	NOP
;FINAL.c,88 :: 		}
L_main23:
;FINAL.c,90 :: 		UART1_Write_Text("donner la vitesse (1-9)");
0x0311	0x3035      	MOVLW      ?lstr8_FINAL
0x0312	0x1703      	BSF        STATUS, 6
0x0313	0x00C8      	MOVWF      FARG_UART1_Write_Text_uart_text
0x0314	0x203A      	CALL       _UART1_Write_Text
;FINAL.c,91 :: 		UART1_Write(13);
0x0315	0x300D      	MOVLW      13
0x0316	0x00CC      	MOVWF      FARG_UART1_Write_data_
0x0317	0x2003      	CALL       _UART1_Write
;FINAL.c,92 :: 		UART1_Write(10);
0x0318	0x300A      	MOVLW      10
0x0319	0x1703      	BSF        STATUS, 6
0x031A	0x00CC      	MOVWF      FARG_UART1_Write_data_
0x031B	0x2003      	CALL       _UART1_Write
;FINAL.c,93 :: 		Delay_ms(500);
0x031C	0x3006      	MOVLW      6
0x031D	0x00FB      	MOVWF      R11
0x031E	0x3013      	MOVLW      19
0x031F	0x00FC      	MOVWF      R12
0x0320	0x30AD      	MOVLW      173
0x0321	0x00FD      	MOVWF      R13
L_main25:
0x0322	0x0BFD      	DECFSZ     R13, 1
0x0323	0x2B22      	GOTO       L_main25
0x0324	0x0BFC      	DECFSZ     R12, 1
0x0325	0x2B22      	GOTO       L_main25
0x0326	0x0BFB      	DECFSZ     R11, 1
0x0327	0x2B22      	GOTO       L_main25
0x0328	0x0000      	NOP
0x0329	0x0000      	NOP
;FINAL.c,96 :: 		while (1) {
L_main26:
;FINAL.c,97 :: 		uart_rd = UART1_Read();
0x032A	0x205E      	CALL       _UART1_Read
0x032B	0x0870      	MOVF       R0, 0
0x032C	0x00EF      	MOVWF      main_uart_rd_L0
;FINAL.c,98 :: 		if (uart_rd >= '1' && uart_rd <= '9') {
0x032D	0x3031      	MOVLW      49
0x032E	0x0270      	SUBWF      R0, 0
0x032F	0x1C03      	BTFSS      STATUS, 0
0x0330	0x2B39      	GOTO       L_main30
0x0331	0x086F      	MOVF       main_uart_rd_L0, 0
0x0332	0x3C39      	SUBLW      57
0x0333	0x1C03      	BTFSS      STATUS, 0
0x0334	0x2B39      	GOTO       L_main30
L__main37:
;FINAL.c,99 :: 		speed = uart_rd;
0x0335	0x086F      	MOVF       main_uart_rd_L0, 0
0x0336	0x1683      	BSF        STATUS, 5
0x0337	0x00EE      	MOVWF      main_speed_L0
;FINAL.c,100 :: 		break;
0x0338	0x2B3A      	GOTO       L_main27
;FINAL.c,101 :: 		}
L_main30:
;FINAL.c,102 :: 		}
0x0339	0x2B2A      	GOTO       L_main26
L_main27:
0x033A	0x1683      	BSF        STATUS, 5
;FINAL.c,103 :: 		set_frequency(speed);
0x033B	0x086E      	MOVF       main_speed_L0, 0
0x033C	0x00EF      	MOVWF      FARG_set_frequency_current_duty_1
0x033D	0x218F      	CALL       _set_frequency
;FINAL.c,105 :: 		if (UART1_Data_Ready())
0x033E	0x2078      	CALL       _UART1_Data_Ready
0x033F	0x0870      	MOVF       R0, 0
0x0340	0x1903      	BTFSC      STATUS, 2
0x0341	0x2B91      	GOTO       L_main31
;FINAL.c,108 :: 		UART1_Read_Text(uart_buffer, "q",50);
0x0342	0x3010      	MOVLW      _uart_buffer
0x0343	0x1703      	BSF        STATUS, 6
0x0344	0x00C2      	MOVWF      FARG_UART1_Read_Text_Output
0x0345	0x306B      	MOVLW      ?lstr9_FINAL
0x0346	0x00C3      	MOVWF      FARG_UART1_Read_Text_Delimiter
0x0347	0x3032      	MOVLW      50
0x0348	0x00C4      	MOVWF      FARG_UART1_Read_Text_Attempts
0x0349	0x2104      	CALL       _UART1_Read_Text
;FINAL.c,109 :: 		UART1_Write_Text(uart_buffer);
0x034A	0x3010      	MOVLW      _uart_buffer
0x034B	0x00C8      	MOVWF      FARG_UART1_Write_Text_uart_text
0x034C	0x203A      	CALL       _UART1_Write_Text
;FINAL.c,110 :: 		Delay_ms(500);
0x034D	0x3006      	MOVLW      6
0x034E	0x00FB      	MOVWF      R11
0x034F	0x3013      	MOVLW      19
0x0350	0x00FC      	MOVWF      R12
0x0351	0x30AD      	MOVLW      173
0x0352	0x00FD      	MOVWF      R13
L_main32:
0x0353	0x0BFD      	DECFSZ     R13, 1
0x0354	0x2B53      	GOTO       L_main32
0x0355	0x0BFC      	DECFSZ     R12, 1
0x0356	0x2B53      	GOTO       L_main32
0x0357	0x0BFB      	DECFSZ     R11, 1
0x0358	0x2B53      	GOTO       L_main32
0x0359	0x0000      	NOP
0x035A	0x0000      	NOP
;FINAL.c,111 :: 		d= atoi(uart_buffer) ;
0x035B	0x3010      	MOVLW      _uart_buffer
0x035C	0x1683      	BSF        STATUS, 5
0x035D	0x1303      	BCF        STATUS, 6
0x035E	0x00EF      	MOVWF      FARG_atoi_s
0x035F	0x207F      	CALL       _atoi
0x0360	0x0870      	MOVF       R0, 0
0x0361	0x1683      	BSF        STATUS, 5
0x0362	0x1303      	BCF        STATUS, 6
0x0363	0x00E9      	MOVWF      main_d_L0
0x0364	0x0871      	MOVF       R0+1, 0
0x0365	0x00EA      	MOVWF      main_d_L0+1
;FINAL.c,112 :: 		memset(uart_buffer ,'\0', 50);
0x0366	0x3010      	MOVLW      _uart_buffer
0x0367	0x1283      	BCF        STATUS, 5
0x0368	0x1703      	BSF        STATUS, 6
0x0369	0x00C2      	MOVWF      FARG_memset_p1
0x036A	0x01C3      	CLRF       FARG_memset_character
0x036B	0x3032      	MOVLW      50
0x036C	0x00C4      	MOVWF      FARG_memset_n
0x036D	0x3000      	MOVLW      0
0x036E	0x00C5      	MOVWF      FARG_memset_n+1
0x036F	0x2166      	CALL       _memset
;FINAL.c,114 :: 		for ( o=0 ; o<d; o++ )
0x0370	0x1683      	BSF        STATUS, 5
0x0371	0x1303      	BCF        STATUS, 6
0x0372	0x01EB      	CLRF       main_o_L0
0x0373	0x01EC      	CLRF       main_o_L0+1
L_main33:
0x0374	0x3080      	MOVLW      128
0x0375	0x066C      	XORWF      main_o_L0+1, 0
0x0376	0x00F0      	MOVWF      R0
0x0377	0x3080      	MOVLW      128
0x0378	0x066A      	XORWF      main_d_L0+1, 0
0x0379	0x0270      	SUBWF      R0, 0
0x037A	0x1D03      	BTFSS      STATUS, 2
0x037B	0x2B7E      	GOTO       L__main44
0x037C	0x0869      	MOVF       main_d_L0, 0
0x037D	0x026B      	SUBWF      main_o_L0, 0
L__main44:
0x037E	0x1803      	BTFSC      STATUS, 0
0x037F	0x2B91      	GOTO       L_main34
;FINAL.c,116 :: 		{     PWM1_Start();
0x0380	0x2187      	CALL       _PWM1_Start
;FINAL.c,117 :: 		Delay_ms(50);
0x0381	0x3082      	MOVLW      130
0x0382	0x00FC      	MOVWF      R12
0x0383	0x30DD      	MOVLW      221
0x0384	0x00FD      	MOVWF      R13
L_main36:
0x0385	0x0BFD      	DECFSZ     R13, 1
0x0386	0x2B85      	GOTO       L_main36
0x0387	0x0BFC      	DECFSZ     R12, 1
0x0388	0x2B85      	GOTO       L_main36
0x0389	0x0000      	NOP
0x038A	0x0000      	NOP
;FINAL.c,118 :: 		PWM1_Stop();   }
0x038B	0x217F      	CALL       _PWM1_Stop
;FINAL.c,114 :: 		for ( o=0 ; o<d; o++ )
0x038C	0x1683      	BSF        STATUS, 5
0x038D	0x0AEB      	INCF       main_o_L0, 1
0x038E	0x1903      	BTFSC      STATUS, 2
0x038F	0x0AEC      	INCF       main_o_L0+1, 1
;FINAL.c,118 :: 		PWM1_Stop();   }
0x0390	0x2B74      	GOTO       L_main33
L_main34:
;FINAL.c,119 :: 		}
L_main31:
;FINAL.c,121 :: 		}
0x0391	0x2A3A      	GOTO       L_main9
;FINAL.c,122 :: 		}
L_end_main:
0x0392	0x2B92      	GOTO       $+0
; end of _main
0x042E	0x3020      	MOVLW      32
0x042F	0x0084      	MOVWF      FSR
0x0430	0x304F      	MOVLW      79
0x0431	0x1283      	BCF        STATUS, 5
0x0432	0x1303      	BCF        STATUS, 6
0x0433	0x00F0      	MOVWF      R0
0x0434	0x3098      	MOVLW      152
0x0435	0x1683      	BSF        STATUS, 5
0x0436	0x00E7      	MOVWF      ___DoICPAddr
0x0437	0x3003      	MOVLW      3
0x0438	0x00E8      	MOVWF      232
0x0439	0x21F4      	CALL       500
0x043A	0x30A0      	MOVLW      160
0x043B	0x0084      	MOVWF      FSR
0x043C	0x3047      	MOVLW      71
0x043D	0x00F0      	MOVWF      R0
0x043E	0x30E7      	MOVLW      231
0x043F	0x1683      	BSF        STATUS, 5
0x0440	0x00E7      	MOVWF      ___DoICPAddr
0x0441	0x3003      	MOVLW      3
0x0442	0x00E8      	MOVWF      232
0x0443	0x21F4      	CALL       500
0x0444	0x0008      	RETURN
;FINAL.c,0 :: ?ICS_current_duty_1
0x0398	0x3464 ;?ICS_current_duty_1+0
; end of ?ICS_current_duty_1
;FINAL.c,0 :: ?ICS?lstr7_FINAL
0x0399	0x3420 ;?ICS?lstr7_FINAL+0
0x039A	0x3474 ;?ICS?lstr7_FINAL+1
0x039B	0x346F ;?ICS?lstr7_FINAL+2
0x039C	0x3420 ;?ICS?lstr7_FINAL+3
0x039D	0x3474 ;?ICS?lstr7_FINAL+4
0x039E	0x3468 ;?ICS?lstr7_FINAL+5
0x039F	0x3465 ;?ICS?lstr7_FINAL+6
0x03A0	0x3420 ;?ICS?lstr7_FINAL+7
0x03A1	0x346C ;?ICS?lstr7_FINAL+8
0x03A2	0x3465 ;?ICS?lstr7_FINAL+9
0x03A3	0x3466 ;?ICS?lstr7_FINAL+10
0x03A4	0x3474 ;?ICS?lstr7_FINAL+11
0x03A5	0x3420 ;?ICS?lstr7_FINAL+12
0x03A6	0x3400 ;?ICS?lstr7_FINAL+13
; end of ?ICS?lstr7_FINAL
;FINAL.c,0 :: ?ICS?lstr2_FINAL
0x03A7	0x3462 ;?ICS?lstr2_FINAL+0
0x03A8	0x3465 ;?ICS?lstr2_FINAL+1
0x03A9	0x3467 ;?ICS?lstr2_FINAL+2
0x03AA	0x3469 ;?ICS?lstr2_FINAL+3
0x03AB	0x346E ;?ICS?lstr2_FINAL+4
0x03AC	0x3400 ;?ICS?lstr2_FINAL+5
; end of ?ICS?lstr2_FINAL
;FINAL.c,0 :: ?ICS?lstr8_FINAL
0x03AD	0x3464 ;?ICS?lstr8_FINAL+0
0x03AE	0x346F ;?ICS?lstr8_FINAL+1
0x03AF	0x346E ;?ICS?lstr8_FINAL+2
0x03B0	0x346E ;?ICS?lstr8_FINAL+3
0x03B1	0x3465 ;?ICS?lstr8_FINAL+4
0x03B2	0x3472 ;?ICS?lstr8_FINAL+5
0x03B3	0x3420 ;?ICS?lstr8_FINAL+6
0x03B4	0x346C ;?ICS?lstr8_FINAL+7
0x03B5	0x3461 ;?ICS?lstr8_FINAL+8
0x03B6	0x3420 ;?ICS?lstr8_FINAL+9
0x03B7	0x3476 ;?ICS?lstr8_FINAL+10
0x03B8	0x3469 ;?ICS?lstr8_FINAL+11
0x03B9	0x3474 ;?ICS?lstr8_FINAL+12
0x03BA	0x3465 ;?ICS?lstr8_FINAL+13
0x03BB	0x3473 ;?ICS?lstr8_FINAL+14
0x03BC	0x3473 ;?ICS?lstr8_FINAL+15
0x03BD	0x3465 ;?ICS?lstr8_FINAL+16
0x03BE	0x3420 ;?ICS?lstr8_FINAL+17
0x03BF	0x3428 ;?ICS?lstr8_FINAL+18
0x03C0	0x3431 ;?ICS?lstr8_FINAL+19
0x03C1	0x342D ;?ICS?lstr8_FINAL+20
0x03C2	0x3439 ;?ICS?lstr8_FINAL+21
0x03C3	0x3429 ;?ICS?lstr8_FINAL+22
0x03C4	0x3400 ;?ICS?lstr8_FINAL+23
; end of ?ICS?lstr8_FINAL
;FINAL.c,0 :: ?ICS?lstr1_FINAL
0x03C5	0x3420 ;?ICS?lstr1_FINAL+0
0x03C6	0x342A ;?ICS?lstr1_FINAL+1
0x03C7	0x342A ;?ICS?lstr1_FINAL+2
0x03C8	0x342A ;?ICS?lstr1_FINAL+3
0x03C9	0x3463 ;?ICS?lstr1_FINAL+4
0x03CA	0x3468 ;?ICS?lstr1_FINAL+5
0x03CB	0x346F ;?ICS?lstr1_FINAL+6
0x03CC	0x3469 ;?ICS?lstr1_FINAL+7
0x03CD	0x3478 ;?ICS?lstr1_FINAL+8
0x03CE	0x3420 ;?ICS?lstr1_FINAL+9
0x03CF	0x3464 ;?ICS?lstr1_FINAL+10
0x03D0	0x3465 ;?ICS?lstr1_FINAL+11
0x03D1	0x3420 ;?ICS?lstr1_FINAL+12
0x03D2	0x3476 ;?ICS?lstr1_FINAL+13
0x03D3	0x3469 ;?ICS?lstr1_FINAL+14
0x03D4	0x3474 ;?ICS?lstr1_FINAL+15
0x03D5	0x3465 ;?ICS?lstr1_FINAL+16
0x03D6	0x3473 ;?ICS?lstr1_FINAL+17
0x03D7	0x3473 ;?ICS?lstr1_FINAL+18
0x03D8	0x3465 ;?ICS?lstr1_FINAL+19
0x03D9	0x3420 ;?ICS?lstr1_FINAL+20
0x03DA	0x3420 ;?ICS?lstr1_FINAL+21
0x03DB	0x3421 ;?ICS?lstr1_FINAL+22
0x03DC	0x3421 ;?ICS?lstr1_FINAL+23
0x03DD	0x3420 ;?ICS?lstr1_FINAL+24
0x03DE	0x342A ;?ICS?lstr1_FINAL+25
0x03DF	0x342A ;?ICS?lstr1_FINAL+26
0x03E0	0x342A ;?ICS?lstr1_FINAL+27
0x03E1	0x3420 ;?ICS?lstr1_FINAL+28
0x03E2	0x3400 ;?ICS?lstr1_FINAL+29
; end of ?ICS?lstr1_FINAL
;FINAL.c,0 :: ?ICS?lstr9_FINAL
0x03E3	0x3471 ;?ICS?lstr9_FINAL+0
0x03E4	0x3400 ;?ICS?lstr9_FINAL+1
; end of ?ICS?lstr9_FINAL
;FINAL.c,0 :: ?ICS?lstr4_FINAL
0x03E5	0x3471 ;?ICS?lstr4_FINAL+0
0x03E6	0x3400 ;?ICS?lstr4_FINAL+1
; end of ?ICS?lstr4_FINAL
;FINAL.c,0 :: ?ICS?lstr5_FINAL
0x03E7	0x3464 ;?ICS?lstr5_FINAL+0
0x03E8	0x346F ;?ICS?lstr5_FINAL+1
0x03E9	0x346E ;?ICS?lstr5_FINAL+2
0x03EA	0x346E ;?ICS?lstr5_FINAL+3
0x03EB	0x3465 ;?ICS?lstr5_FINAL+4
0x03EC	0x3472 ;?ICS?lstr5_FINAL+5
0x03ED	0x3420 ;?ICS?lstr5_FINAL+6
0x03EE	0x346C ;?ICS?lstr5_FINAL+7
0x03EF	0x3461 ;?ICS?lstr5_FINAL+8
0x03F0	0x3420 ;?ICS?lstr5_FINAL+9
0x03F1	0x3464 ;?ICS?lstr5_FINAL+10
0x03F2	0x3469 ;?ICS?lstr5_FINAL+11
0x03F3	0x3472 ;?ICS?lstr5_FINAL+12
0x03F4	0x3465 ;?ICS?lstr5_FINAL+13
0x03F5	0x3463 ;?ICS?lstr5_FINAL+14
0x03F6	0x3474 ;?ICS?lstr5_FINAL+15
0x03F7	0x3469 ;?ICS?lstr5_FINAL+16
0x03F8	0x346F ;?ICS?lstr5_FINAL+17
0x03F9	0x346E ;?ICS?lstr5_FINAL+18
0x03FA	0x3420 ;?ICS?lstr5_FINAL+19
0x03FB	0x3428 ;?ICS?lstr5_FINAL+20
0x03FC	0x3464 ;?ICS?lstr5_FINAL+21
0x03FD	0x342F ;?ICS?lstr5_FINAL+22
0x03FE	0x3467 ;?ICS?lstr5_FINAL+23
0x03FF	0x3429 ;?ICS?lstr5_FINAL+24
0x0400	0x3400 ;?ICS?lstr5_FINAL+25
; end of ?ICS?lstr5_FINAL
;FINAL.c,0 :: ?ICS?lstr6_FINAL
0x0401	0x3420 ;?ICS?lstr6_FINAL+0
0x0402	0x3474 ;?ICS?lstr6_FINAL+1
0x0403	0x346F ;?ICS?lstr6_FINAL+2
0x0404	0x3420 ;?ICS?lstr6_FINAL+3
0x0405	0x3474 ;?ICS?lstr6_FINAL+4
0x0406	0x3468 ;?ICS?lstr6_FINAL+5
0x0407	0x3465 ;?ICS?lstr6_FINAL+6
0x0408	0x3420 ;?ICS?lstr6_FINAL+7
0x0409	0x3472 ;?ICS?lstr6_FINAL+8
0x040A	0x3469 ;?ICS?lstr6_FINAL+9
0x040B	0x3467 ;?ICS?lstr6_FINAL+10
0x040C	0x3468 ;?ICS?lstr6_FINAL+11
0x040D	0x3474 ;?ICS?lstr6_FINAL+12
0x040E	0x3420 ;?ICS?lstr6_FINAL+13
0x040F	0x3400 ;?ICS?lstr6_FINAL+14
; end of ?ICS?lstr6_FINAL
;FINAL.c,0 :: ?ICS?lstr3_FINAL
0x0410	0x3464 ;?ICS?lstr3_FINAL+0
0x0411	0x346F ;?ICS?lstr3_FINAL+1
0x0412	0x346E ;?ICS?lstr3_FINAL+2
0x0413	0x346E ;?ICS?lstr3_FINAL+3
0x0414	0x3465 ;?ICS?lstr3_FINAL+4
0x0415	0x3472 ;?ICS?lstr3_FINAL+5
0x0416	0x3420 ;?ICS?lstr3_FINAL+6
0x0417	0x3475 ;?ICS?lstr3_FINAL+7
0x0418	0x346E ;?ICS?lstr3_FINAL+8
0x0419	0x3420 ;?ICS?lstr3_FINAL+9
0x041A	0x346E ;?ICS?lstr3_FINAL+10
0x041B	0x346F ;?ICS?lstr3_FINAL+11
0x041C	0x346D ;?ICS?lstr3_FINAL+12
0x041D	0x3462 ;?ICS?lstr3_FINAL+13
0x041E	0x3472 ;?ICS?lstr3_FINAL+14
0x041F	0x3465 ;?ICS?lstr3_FINAL+15
0x0420	0x3420 ;?ICS?lstr3_FINAL+16
0x0421	0x3464 ;?ICS?lstr3_FINAL+17
0x0422	0x3427 ;?ICS?lstr3_FINAL+18
0x0423	0x3469 ;?ICS?lstr3_FINAL+19
0x0424	0x346D ;?ICS?lstr3_FINAL+20
0x0425	0x3470 ;?ICS?lstr3_FINAL+21
0x0426	0x3475 ;?ICS?lstr3_FINAL+22
0x0427	0x346C ;?ICS?lstr3_FINAL+23
0x0428	0x3473 ;?ICS?lstr3_FINAL+24
0x0429	0x3469 ;?ICS?lstr3_FINAL+25
0x042A	0x346F ;?ICS?lstr3_FINAL+26
0x042B	0x346E ;?ICS?lstr3_FINAL+27
0x042C	0x3420 ;?ICS?lstr3_FINAL+28
0x042D	0x3400 ;?ICS?lstr3_FINAL+29
; end of ?ICS?lstr3_FINAL
Symbol List:
//** Routines locations **
//ADDRESS    SIZE    PROCEDURE
//----------------------------------------------
0x0003      [12]    _UART1_Write
0x000F      [43]    _Mul_16X16_U
0x003A      [23]    _UART1_Write_Text
0x0051       [6]    _PWM1_Init
0x0057       [7]    _____DoICP
0x005E      [11]    _UART1_Read
0x0069      [15]    _isdigit
0x0078       [7]    _UART1_Data_Ready
0x007F     [133]    _atoi
0x0104      [82]    _UART1_Read_Text
0x0156      [16]    _UART1_Init
0x0166      [25]    _memset
0x017F       [8]    _PWM1_Stop
0x0187       [8]    _PWM1_Start
0x018F     [101]    _set_frequency
0x01F4      [12]    ___CC2DW
0x0200      [57]    _PWM1_Set_Duty
0x0239     [345]    _main
//** Variables locations ** 
//ADDRESS    SIZE    VARIABLE
//----------------------------------------------
0x0000       [1]    INDF
0x0002       [1]    PCL
0x0003       [1]    STATUS
0x0004       [1]    FSR
0x0006       [1]    PORTB
0x000A       [1]    PCLATH
0x000C       [1]    PIR1
0x0012       [1]    T2CON
0x0015       [1]    CCPR1L
0x0017       [1]    CCP1CON
0x0018       [1]    RCSTA
0x0019       [1]    TXREG
0x001A       [1]    RCREG
0x0020       [1]    _current_duty_1
0x0021      [14]    ?lstr7_FINAL
0x002F       [6]    ?lstr2_FINAL
0x0035      [24]    ?lstr8_FINAL
0x004D      [30]    ?lstr1_FINAL
0x006B       [2]    ?lstr9_FINAL
0x006D       [2]    ?lstr4_FINAL
0x006F       [1]    main_uart_rd_L0
0x0070       [1]    R0
0x0071       [1]    R1
0x0072       [1]    R2
0x0073       [1]    R3
0x0074       [1]    R4
0x0075       [1]    R5
0x0076       [1]    R6
0x0077       [1]    R7
0x0078       [1]    R8
0x0079       [1]    R9
0x007A       [1]    R10
0x007B       [1]    R11
0x007C       [1]    R12
0x007D       [1]    R13
0x007E       [1]    R14
0x007F       [1]    R15
0x0086       [1]    TRISB
0x0087       [0]    TRISC6_bit
0x0087       [0]    TRISC7_bit
0x0087       [0]    TRISC2_bit
0x0092       [1]    PR2
0x0098       [1]    TXSTA
0x0099       [1]    SPBRG
0x00A0      [26]    ?lstr5_FINAL
0x00BA      [15]    ?lstr6_FINAL
0x00C9      [30]    ?lstr3_FINAL
0x00E7       [2]    ___DoICPAddr
0x00E9       [2]    main_d_L0
0x00EB       [2]    main_o_L0
0x00ED       [1]    main_direction_L0
0x00EE       [1]    main_speed_L0
0x00EF       [1]    FARG_set_frequency_current_duty_1
0x00EF       [1]    UART1_Read_Text_r_data_L0
0x00EF       [1]    FARG_atoi_s
0x00EF       [1]    FARG_PWM1_Set_Duty_new_duty
0x0110      [50]    _uart_buffer
0x0142       [2]    atoi_c_L0
0x0142       [1]    FARG_memset_p1
0x0142       [1]    FARG_UART1_Read_Text_Output
0x0143       [1]    FARG_memset_character
0x0143       [1]    FARG_UART1_Read_Text_Delimiter
0x0144       [2]    FARG_memset_n
0x0144       [2]    atoi_a_L0
0x0144       [1]    FARG_UART1_Read_Text_Attempts
0x0145       [1]    UART1_Read_Text_out_idx_L0
0x0146       [1]    UART1_Read_Text_delim_idx_L0
0x0146       [2]    atoi_sign_L0
0x0148       [1]    FARG_UART1_Write_Text_uart_text
0x0148       [1]    FARG_isdigit_character
0x0148       [4]    FARG_PWM1_Init_PWM_Freq
0x0149       [1]    UART1_Write_Text_data__L0
0x014A       [1]    UART1_Write_Text_counter_L0
0x014C       [1]    FARG_UART1_Write_data_
//** Constants locations ** 
//ADDRESS    SIZE    CONSTANT
//----------------------------------------------
0x0398       [1]    ?ICS_current_duty_1
0x0399      [14]    ?ICS?lstr7_FINAL
0x03A7       [6]    ?ICS?lstr2_FINAL
0x03AD      [24]    ?ICS?lstr8_FINAL
0x03C5      [30]    ?ICS?lstr1_FINAL
0x03E3       [2]    ?ICS?lstr9_FINAL
0x03E5       [2]    ?ICS?lstr4_FINAL
0x03E7      [26]    ?ICS?lstr5_FINAL
0x0401      [15]    ?ICS?lstr6_FINAL
0x0410      [30]    ?ICS?lstr3_FINAL
//** Label List: ** 
//----------------------------------------------
  L_set_frequency0
  L_set_frequency1
  L_set_frequency2
  L_set_frequency3
  L_set_frequency4
  L_set_frequency5
  L_set_frequency6
  L_set_frequency7
  L_set_frequency8
  L_main9
  L_main10
  L_main11
  L_main12
  L_main13
  L_main14
  L_main15
  L_main16
  L_main17
  L_main18
  L_main19
  L_main20
  L_main21
  L_main22
  L_main23
  L_main24
  L_main25
  L_main26
  L_main27
  L_main28
  L_main29
  L_main30
  L_main31
  L_main32
  L_main33
  L_main34
  L_main35
  L_main36
  L__main37
  L__main38
  L_end_set_frequency
  _set_frequency
  L__set_frequency40
  L__set_frequency41
  L__set_frequency42
  L_end_main
  _main
  L__main44
  L_abs0
  L___Lib_CStdlib_strtod1
  L___Lib_CStdlib_strtod2
  L___Lib_CStdlib_strtod3
  L___Lib_CStdlib_strtod4
  L___Lib_CStdlib_strtod5
  L___Lib_CStdlib_strtod6
  L___Lib_CStdlib_strtod7
  L___Lib_CStdlib_strtod8
  L___Lib_CStdlib_strtod9
  L___Lib_CStdlib_strtod10
  L___Lib_CStdlib_strtod11
  L___Lib_CStdlib_strtod12
  L___Lib_CStdlib_strtod13
  L___Lib_CStdlib_strtod14
  L___Lib_CStdlib_strtod15
  L___Lib_CStdlib_strtod16
  L___Lib_CStdlib_strtod17
  L___Lib_CStdlib_strtod18
  L___Lib_CStdlib_strtod19
  L___Lib_CStdlib_strtod20
  L___Lib_CStdlib_strtod21
  L___Lib_CStdlib_strtod22
  L___Lib_CStdlib_strtod23
  L___Lib_CStdlib_strtod24
  L___Lib_CStdlib_strtod25
  L___Lib_CStdlib_strtod26
  L___Lib_CStdlib_strtod27
  L___Lib_CStdlib_strtod28
  L___Lib_CStdlib_strtod29
  L___Lib_CStdlib_strtod30
  L___Lib_CStdlib_strtod31
  L___Lib_CStdlib_strtod32
  L___Lib_CStdlib_strtod33
  L___Lib_CStdlib_strtod34
  L___Lib_CStdlib_strtod35
  L___Lib_CStdlib_strtod36
  L___Lib_CStdlib_strtod37
  L___Lib_CStdlib_strtod38
  L___Lib_CStdlib_strtod39
  L___Lib_CStdlib_strtod40
  L___Lib_CStdlib_strtod41
  L___Lib_CStdlib_strtod42
  L___Lib_CStdlib_strtod43
  L___Lib_CStdlib_strtod44
  L___Lib_CStdlib_strtod45
  L___Lib_CStdlib_strtod46
  L___Lib_CStdlib_strtod47
  L___Lib_CStdlib_strtod48
  L___Lib_CStdlib_strtod49
  L___Lib_CStdlib_strtod50
  L___Lib_CStdlib_strtod51
  L___Lib_CStdlib_strtod52
  ___atoi_skipws_atoi
  L_atoi53
  L_atoi54
  L_atoi55
  L_atoi56
  L_atoi57
  L_atoi58
  ___atoi_conv_atoi
  L_atoi59
  L_atoi60
  ___atol_skipws_atol
  L_atol61
  L_atol62
  L_atol63
  L_atol64
  L_atol65
  L_atol66
  ___atol_conv_atol
  L_atol67
  L_atol68
  L_div69
  L_ldiv70
  L_uldiv71
  L_labs72
  L_max73
  L_min74
  L_rand75
  L_xtoi76
  L_xtoi77
  L_xtoi78
  L_xtoi79
  L_xtoi80
  L_xtoi81
  L_xtoi82
  L_xtoi83
  L_xtoi84
  L_xtoi85
  L_xtoi86
  L___Lib_CStdlib_strtod87
  L___Lib_CStdlib_strtod88
  L___Lib_CStdlib_strtod89
  L__atoi90
  L__atol91
  L_end_abs
  _abs
  L__abs93
  L_end_strtod
  __Lib_CStdlib_strtod
  L___Lib_CStdlib_strtod95
  L___Lib_CStdlib_strtod96
  L_end_atof
  _atof
  L_end_atoi
  _atoi
  L__atoi99
  L__atoi100
  L__atoi101
  L__atoi102
  L_end_atol
  _atol
  L__atol104
  L__atol105
  L_end_div
  _div
  L_end_ldiv
  _ldiv
  L_end_uldiv
  _uldiv
  L_end_labs
  _labs
  L__labs110
  L_end_max
  _max
  L__max112
  L_end_min
  _min
  L__min114
  L_end_srand
  _srand
  L_end_rand
  _rand
  L_end_xtoi
  _xtoi
  L_memchr0
  L_memchr1
  L_memchr2
  L_memchr3
  L_memcmp4
  L_memcmp5
  L_memcmp6
  L_memcpy7
  L_memcpy8
  L_memmove9
  L_memmove10
  L_memmove11
  L_memmove12
  L_memmove13
  L_memmove14
  L_memmove15
  L_memmove16
  L_memmove17
  L_memmove18
  L_memmove19
  L_memset20
  L_memset21
  L_strcat22
  L_strcat23
  L_strcat24
  L_strcat25
  L_strchr26
  L_strchr27
  L_strchr28
  L_strchr29
  L_strcmp30
  L_strcmp31
  L_strcmp32
  L_strcmp33
  L_strcpy34
  L_strcpy35
  L_strlen36
  L_strlen37
  L_strncat38
  L_strncat39
  L_strncat40
  L_strncat41
  L_strncat42
  L_strncat43
  L_strncat44
  L_strncpy45
  L_strncpy46
  L_strncpy47
  L_strncpy48
  L_strncpy49
  L_strspn50
  L_strspn51
  L_strspn52
  L_strspn53
  L_strcspn54
  L_strcspn55
  L_strcspn56
  L_strcspn57
  L_strncmp58
  L_strncmp59
  L_strncmp60
  L_strncmp61
  L_strncmp62
  L_strpbrk63
  L_strpbrk64
  L_strpbrk65
  L_strrchr66
  L_strrchr67
  L_strrchr68
  L_strrchr69
  L_strstr70
  L_strstr71
  L_strstr72
  L_strstr73
  L_strstr74
  L_strtok75
  L_strtok76
  L_strtok77
  L_strtok78
  L_strtok79
  L__memmove80
  L__strcmp81
  L__strncat82
  L__strspn83
  L__strcspn84
  L__strncmp85
  L__strstr86
  L_end_memchr
  _memchr
  L_end_memcmp
  _memcmp
  L__memcmp89
  L_end_memcpy
  _memcpy
  L_end_memmove
  _memmove
  L_end_memset
  _memset
  L_end_strcat
  _strcat
  L_end_strchr
  _strchr
  L_end_strcmp
  _strcmp
  L_end_strcpy
  _strcpy
  L_end_strlen
  _strlen
  L_end_strncat
  _strncat
  L__strncat99
  L_end_strncpy
  _strncpy
  L_end_strspn
  _strspn
  L_end_strcspn
  _strcspn
  L_end_strncmp
  _strncmp
  L_end_strpbrk
  _strpbrk
  L_end_strrchr
  _strrchr
  L_end_strstr
  _strstr
  L__strstr107
  L_end_strtok
  _strtok
  L_islower0
  L_islower1
  L_isupper2
  L_isupper3
  L_isalpha4
  L_isalpha5
  L_iscntrl6
  L_iscntrl7
  L_isdigit8
  L_isdigit9
  L_isalnum10
  L_isalnum11
  L_isspace12
  L_isspace13
  L_isspace14
  L_isspace15
  L_ispunct16
  L_ispunct17
  L_ispunct18
  L_ispunct19
  L_ispunct20
  L_ispunct21
  L_ispunct22
  L_ispunct23
  L_isgraph24
  L_isgraph25
  L_isxdigit26
  L_isxdigit27
  L_isxdigit28
  L_isxdigit29
  L_tolower30
  L_tolower31
  L_tolower32
  L_toupper33
  L_toupper34
  L_toupper35
  L__isspace36
  L__tolower37
  L__toupper38
  L_end_islower
  _islower
  L_end_isupper
  _isupper
  L_end_isalpha
  _isalpha
  L_end_iscntrl
  _iscntrl
  L_end_isdigit
  _isdigit
  L_end_isalnum
  _isalnum
  L_end_isspace
  _isspace
  L_end_ispunct
  _ispunct
  L_end_isgraph
  _isgraph
  L_end_isxdigit
  _isxdigit
  L_end_tolower
  _tolower
  L_end_toupper
  _toupper
  L_Div_16x16_S0
  L_Div_16x16_S1
  LOOPS3232A
  SADD22LA
  SOK22LA
  SADD22L8
  SOK22L8
  LOOPS3232B
  SADD22LB
  SOK22LB
  SADD22L16
  SOK22L16
  LOOPS3232C
  SADD22LC
  SOK22LC
  SADD22L24
  SOK22L24
  LOOPS3232D
  SADD22LD
  SOK22LD
  SOK22L
  L_Div_32x32_S6
  L_Div_32x32_S7
  L_Div_32x32_S8
  L_Div_32x32_S9
  FXD3232S
  END_ALL
  CA3232S
  C3232SX
  C3232SX1
  C3232S
  C3232S2
  C3232SX4
  C3232SOK
  C3232SX3
  C3232SX2
  avoid_comfrem
  LOOPU3232A
  UADD22LA
  UOK22LA
  UADD22L8
  UOK22L8
  LOOPU3232B
  UADD22LB
  UOK22LB
  UADD22L16
  UOK22L16
  LOOPU3232C
  UADD22LC
  UOK22LC
  UADD22L24
  UOK22L24
  LOOPU3232D
  UADD22LD
  UOK22LD
  UOK22L
  _NEXT
  _EXIT2
  _LOOP
  _EXIT1
  _IF_FIRST
  _IF_SECOND
  _INVERCE_FIRST
  _MULT
  _INBERSE_SECOND
  _EXIT
  L_end_Mul_8X8_U
  _Mul_8X8_U
  L_end_Mul_16X16_U
  _Mul_16X16_U
  L_end_Div_8X8_U
  _Div_8X8_U
  L_end_Div_16X16_U
  _Div_16X16_U
  L_end_Mul_8X8_S
  _Mul_8X8_S
  L_end_Mul_16X16_S
  _Mul_16X16_S
  L_end_Div_16x16_S_L
  _Div_16x16_S_L
  L_end_Div_16x16_S
  _Div_16x16_S
  L_end_Div_8X8_S
  _Div_8X8_S
  L_end_SDIV3232L
  _SDIV3232L
  L_end_COMFREM
  _COMFREM
  L_end_Div_32x32_S
  _Div_32x32_S
  L_end_Div_32x32_U
  _Div_32x32_U
  L_end_Mul_32x32_U
  _Mul_32x32_U
  L_end_Mul_32x32_S
  _Mul_32x32_S
  L_end_PWM2_Init
  _PWM2_Init
  L_end_PWM2_Set_Duty
  _PWM2_Set_Duty
  L__PWM2_Set_Duty2
  L__PWM2_Set_Duty3
  L__PWM2_Set_Duty4
  L__PWM2_Set_Duty5
  L_end_PWM2_Start
  _PWM2_Start
  L_end_PWM2_Stop
  _PWM2_Stop
  L_end_PWM1_Init
  _PWM1_Init
  L_end_PWM1_Set_Duty
  _PWM1_Set_Duty
  L__PWM1_Set_Duty10
  L__PWM1_Set_Duty11
  L__PWM1_Set_Duty12
  L__PWM1_Set_Duty13
  L_end_PWM1_Start
  _PWM1_Start
  L_end_PWM1_Stop
  _PWM1_Stop
  L_loopCA2AWs
  L_CA2AWend
  _CCA2AW_Loop1
  L_loopCS2Ss
  L_CS2Send
  _CCS2S_Loop1
  L_CCS2Send
  L_loopFZinSWs
  L_FZinSend
  _CC2D_Loop1
  L_end_____DoICP
  _____DoICP
  L_end_____DoIFC
  _____DoIFC
  L_end___CA2AW
  ___CA2AW
  L_end___CCA2AW
  ___CCA2AW
  L_end___CS2S
  ___CS2S
  L_end___CCS2S
  ___CCS2S
  L_end___FZinS
  ___FZinS
  L_end___CC2DW
  ___CC2DW
  L_end_Swap
  _Swap
  L_UART1_Init0
  L_UART1_Init1
  L_UART1_Read2
  L_UART1_Write3
  L_UART1_Write4
  L_UART1_Write_Text5
  L_UART1_Write_Text6
  L_UART1_Read_Text7
  L_UART1_Read_Text8
  L_UART1_Read_Text9
  L_UART1_Read_Text10
  L_UART1_Read_Text11
  L_UART1_Read_Text12
  L_UART1_Read_Text13
  L_UART1_Read_Text14
  L_UART1_Read_Text15
  L_end_UART1_Init
  _UART1_Init
  L_end_UART1_Data_Ready
  _UART1_Data_Ready
  L_end_UART1_Read
  _UART1_Read
  L_end_UART1_Tx_Idle
  _UART1_Tx_Idle
  L_end_UART1_Write
  _UART1_Write
  L_end_UART1_Write_Text
  _UART1_Write_Text
  L_end_UART1_Read_Text
  _UART1_Read_Text
