;  LST file generated by mikroListExporter - v.2.0 
; Date/Time: 31/08/2023 9:34:28 AM
;----------------------------------------------

;Address Opcode 	ASM
0x0000	0x2B4B      	GOTO       843
_Mul_32x32_U:
;__Lib_Math.c,1774 :: 		
;__Lib_Math.c,1789 :: 		
0x0003	0x1283      	BCF        STATUS, 5
;__Lib_Math.c,1790 :: 		
0x0004	0x1303      	BCF        STATUS, 6
;__Lib_Math.c,1791 :: 		
0x0005	0x3022      	MOVLW      34
;__Lib_Math.c,1792 :: 		
0x0006	0x00FC      	MOVWF      R12
;__Lib_Math.c,1793 :: 		
0x0007	0x01F8      	CLRF       R8
;__Lib_Math.c,1794 :: 		
0x0008	0x01F9      	CLRF       R9
;__Lib_Math.c,1795 :: 		
0x0009	0x01FA      	CLRF       R10
;__Lib_Math.c,1796 :: 		
0x000A	0x01FB      	CLRF       R11
;__Lib_Math.c,1798 :: 		
_NEXT:
;__Lib_Math.c,1802 :: 		
0x000B	0x03FC      	DECF       R12, 1
;__Lib_Math.c,1803 :: 		
0x000C	0x1903      	BTFSC      STATUS, 2
;__Lib_Math.c,1804 :: 		
0x000D	0x2839      	GOTO       _EXIT2
;__Lib_Math.c,1805 :: 		
0x000E	0x1003      	BCF        STATUS, 0
;__Lib_Math.c,1807 :: 		
_LOOP:
;__Lib_Math.c,1816 :: 		
0x000F	0x0CFB      	RRF        R11, 1
;__Lib_Math.c,1817 :: 		
0x0010	0x0CFA      	RRF        R10, 1
;__Lib_Math.c,1818 :: 		
0x0011	0x0CF9      	RRF        R9, 1
;__Lib_Math.c,1819 :: 		
0x0012	0x0CF8      	RRF        R8, 1
;__Lib_Math.c,1820 :: 		
0x0013	0x0CF3      	RRF        R3, 1
;__Lib_Math.c,1821 :: 		
0x0014	0x0CF2      	RRF        R2, 1
;__Lib_Math.c,1822 :: 		
0x0015	0x0CF1      	RRF        R1, 1
;__Lib_Math.c,1823 :: 		
0x0016	0x0CF0      	RRF        R0, 1
;__Lib_Math.c,1828 :: 		
0x0017	0x1C03      	BTFSS      STATUS, 0
;__Lib_Math.c,1829 :: 		
0x0018	0x280B      	GOTO       _NEXT
;__Lib_Math.c,1830 :: 		
0x0019	0x03FC      	DECF       R12, 1
;__Lib_Math.c,1831 :: 		
0x001A	0x1903      	BTFSC      STATUS, 2
;__Lib_Math.c,1832 :: 		
0x001B	0x282B      	GOTO       _EXIT1
;__Lib_Math.c,1839 :: 		
0x001C	0x0874      	MOVF       R4, 0
;__Lib_Math.c,1840 :: 		
0x001D	0x07F8      	ADDWF      R8, 1
;__Lib_Math.c,1841 :: 		
0x001E	0x0875      	MOVF       R5, 0
;__Lib_Math.c,1842 :: 		
0x001F	0x1803      	BTFSC      STATUS, 0
;__Lib_Math.c,1843 :: 		
0x0020	0x0F75      	INCFSZ     R5, 0
;__Lib_Math.c,1844 :: 		
0x0021	0x07F9      	ADDWF      R9, 1
;__Lib_Math.c,1845 :: 		
0x0022	0x0876      	MOVF       R6, 0
;__Lib_Math.c,1846 :: 		
0x0023	0x1803      	BTFSC      STATUS, 0
;__Lib_Math.c,1847 :: 		
0x0024	0x0F76      	INCFSZ     R6, 0
;__Lib_Math.c,1848 :: 		
0x0025	0x07FA      	ADDWF      R10, 1
;__Lib_Math.c,1849 :: 		
0x0026	0x0877      	MOVF       R7, 0
;__Lib_Math.c,1850 :: 		
0x0027	0x1803      	BTFSC      STATUS, 0
;__Lib_Math.c,1851 :: 		
0x0028	0x0F77      	INCFSZ     R7, 0
;__Lib_Math.c,1852 :: 		
0x0029	0x07FB      	ADDWF      R11, 1
;__Lib_Math.c,1854 :: 		
0x002A	0x280F      	GOTO       _LOOP
;__Lib_Math.c,1856 :: 		
_EXIT1:
;__Lib_Math.c,1861 :: 		
0x002B	0x0874      	MOVF       R4, 0
;__Lib_Math.c,1862 :: 		
0x002C	0x07F8      	ADDWF      R8, 1
;__Lib_Math.c,1863 :: 		
0x002D	0x0875      	MOVF       R5, 0
;__Lib_Math.c,1864 :: 		
0x002E	0x1803      	BTFSC      STATUS, 0
;__Lib_Math.c,1865 :: 		
0x002F	0x0F75      	INCFSZ     R5, 0
;__Lib_Math.c,1866 :: 		
0x0030	0x07F9      	ADDWF      R9, 1
;__Lib_Math.c,1867 :: 		
0x0031	0x0876      	MOVF       R6, 0
;__Lib_Math.c,1868 :: 		
0x0032	0x1803      	BTFSC      STATUS, 0
;__Lib_Math.c,1869 :: 		
0x0033	0x0F76      	INCFSZ     R6, 0
;__Lib_Math.c,1870 :: 		
0x0034	0x07FA      	ADDWF      R10, 1
;__Lib_Math.c,1871 :: 		
0x0035	0x0877      	MOVF       R7, 0
;__Lib_Math.c,1872 :: 		
0x0036	0x1803      	BTFSC      STATUS, 0
;__Lib_Math.c,1873 :: 		
0x0037	0x0F77      	INCFSZ     R7, 0
;__Lib_Math.c,1874 :: 		
0x0038	0x07FB      	ADDWF      R11, 1
;__Lib_Math.c,1877 :: 		
_EXIT2:
;__Lib_Math.c,1879 :: 		
L_end_Mul_32x32_U:
0x0039	0x0008      	RETURN
; end of _Mul_32x32_U
_SETFUN32:
;__Lib_MathDouble.c,138 :: 		
;__Lib_MathDouble.c,145 :: 		
0x003A	0x157B      	BSF        R11, 2
;__Lib_MathDouble.c,146 :: 		
0x003B	0x1FFB      	BTFSS      R11, 7
;__Lib_MathDouble.c,147 :: 		
0x003C	0x2844      	GOTO       SETFUN32EEE
;__Lib_MathDouble.c,148 :: 		
0x003D	0x3001      	MOVLW      1
;__Lib_MathDouble.c,149 :: 		
0x003E	0x00F3      	MOVWF      R3
;__Lib_MathDouble.c,150 :: 		
0x003F	0x01F2      	CLRF       R2
;__Lib_MathDouble.c,151 :: 		
0x0040	0x01F1      	CLRF       R1
;__Lib_MathDouble.c,152 :: 		
0x0041	0x01F0      	CLRF       R0
;__Lib_MathDouble.c,153 :: 		
0x0042	0x0DFA      	RLF        R10, 1
;__Lib_MathDouble.c,154 :: 		
0x0043	0x0CF2      	RRF        R2, 1
;__Lib_MathDouble.c,155 :: 		
SETFUN32EEE:
;__Lib_MathDouble.c,156 :: 		
0x0044	0x30FF      	MOVLW      255
;__Lib_MathDouble.c,158 :: 		
L_end_SETFUN32:
0x0045	0x0008      	RETURN
; end of _SETFUN32
_SETIOV3224:
;__Lib_MathDouble.c,1000 :: 		
;__Lib_MathDouble.c,1006 :: 		
0x0046	0x147B      	BSF        R11, 0
;__Lib_MathDouble.c,1007 :: 		
0x0047	0x1FFB      	BTFSS      R11, 7
;__Lib_MathDouble.c,1008 :: 		
0x0048	0x2851      	GOTO       SETIOV3224EEE
;__Lib_MathDouble.c,1010 :: 		
0x0049	0x01F2      	CLRF       R2
;__Lib_MathDouble.c,1011 :: 		
0x004A	0x1FFA      	BTFSS      R10, 7
;__Lib_MathDouble.c,1012 :: 		
0x004B	0x30FF      	MOVLW      255
;__Lib_MathDouble.c,1013 :: 		
0x004C	0x00F2      	MOVWF      R2
;__Lib_MathDouble.c,1014 :: 		
0x004D	0x00F1      	MOVWF      R1
;__Lib_MathDouble.c,1015 :: 		
0x004E	0x00F0      	MOVWF      R0
;__Lib_MathDouble.c,1016 :: 		
0x004F	0x0DFA      	RLF        R10, 1
;__Lib_MathDouble.c,1017 :: 		
0x0050	0x0CF2      	RRF        R2, 1
;__Lib_MathDouble.c,1018 :: 		
SETIOV3224EEE:
;__Lib_MathDouble.c,1019 :: 		
0x0051	0x30FF      	MOVLW      255
;__Lib_MathDouble.c,1021 :: 		
L_end_SETIOV3224:
0x0052	0x0008      	RETURN
; end of _SETIOV3224
_VDelay_ms:
;__Lib_Delays.c,82 :: 		void VDelay_ms(unsigned Time_ms){
;__Lib_Delays.c,84 :: 		NumberOfCyc = Clock_kHz()>>2; // this will be done by compiler, no asm will be genereated except that for assignment;
0x0053	0x30D0      	MOVLW      208
0x0054	0x1283      	BCF        STATUS, 5
0x0055	0x1303      	BCF        STATUS, 6
0x0056	0x00B8      	MOVWF      VDelay_ms_NumberOfCyc_L0
0x0057	0x3007      	MOVLW      7
0x0058	0x00B9      	MOVWF      VDelay_ms_NumberOfCyc_L0+1
0x0059	0x01BA      	CLRF       VDelay_ms_NumberOfCyc_L0+2
0x005A	0x01BB      	CLRF       VDelay_ms_NumberOfCyc_L0+3
;__Lib_Delays.c,85 :: 		NumberOfCyc *= Time_ms;
0x005B	0x30D0      	MOVLW      208
0x005C	0x00F0      	MOVWF      R0
0x005D	0x3007      	MOVLW      7
0x005E	0x00F1      	MOVWF      R0+1
0x005F	0x3000      	MOVLW      0
0x0060	0x00F2      	MOVWF      R0+2
0x0061	0x3000      	MOVLW      0
0x0062	0x00F3      	MOVWF      R0+3
0x0063	0x0836      	MOVF       FARG_VDelay_ms_Time_ms, 0
0x0064	0x00F4      	MOVWF      R4
0x0065	0x0837      	MOVF       FARG_VDelay_ms_Time_ms+1, 0
0x0066	0x00F5      	MOVWF      R4+1
0x0067	0x01F6      	CLRF       R4+2
0x0068	0x01F7      	CLRF       R4+3
0x0069	0x2003      	CALL       _Mul_32x32_U
0x006A	0x0870      	MOVF       R0, 0
0x006B	0x00B8      	MOVWF      VDelay_ms_NumberOfCyc_L0
0x006C	0x0871      	MOVF       R0+1, 0
0x006D	0x00B9      	MOVWF      VDelay_ms_NumberOfCyc_L0+1
0x006E	0x0872      	MOVF       R0+2, 0
0x006F	0x00BA      	MOVWF      VDelay_ms_NumberOfCyc_L0+2
0x0070	0x0873      	MOVF       R0+3, 0
0x0071	0x00BB      	MOVWF      VDelay_ms_NumberOfCyc_L0+3
;__Lib_Delays.c,86 :: 		if (NumberOfCyc < 690)
0x0072	0x3000      	MOVLW      0
0x0073	0x0273      	SUBWF      R0+3, 0
0x0074	0x1D03      	BTFSS      STATUS, 2
0x0075	0x2880      	GOTO       L__VDelay_ms38
0x0076	0x3000      	MOVLW      0
0x0077	0x0272      	SUBWF      R0+2, 0
0x0078	0x1D03      	BTFSS      STATUS, 2
0x0079	0x2880      	GOTO       L__VDelay_ms38
0x007A	0x3002      	MOVLW      2
0x007B	0x0271      	SUBWF      R0+1, 0
0x007C	0x1D03      	BTFSS      STATUS, 2
0x007D	0x2880      	GOTO       L__VDelay_ms38
0x007E	0x30B2      	MOVLW      178
0x007F	0x0270      	SUBWF      R0, 0
L__VDelay_ms38:
0x0080	0x1803      	BTFSC      STATUS, 0
0x0081	0x2883      	GOTO       L_VDelay_ms15
;__Lib_Delays.c,87 :: 		return;
0x0082	0x28C2      	GOTO       L_end_VDelay_ms
L_VDelay_ms15:
;__Lib_Delays.c,88 :: 		NumberOfCyc -= 690;
0x0083	0x30B2      	MOVLW      178
0x0084	0x00F0      	MOVWF      R0
0x0085	0x3002      	MOVLW      2
0x0086	0x00F1      	MOVWF      R0+1
0x0087	0x01F2      	CLRF       R0+2
0x0088	0x01F3      	CLRF       R0+3
0x0089	0x0870      	MOVF       R0, 0
0x008A	0x02B8      	SUBWF      VDelay_ms_NumberOfCyc_L0, 1
0x008B	0x0871      	MOVF       R0+1, 0
0x008C	0x1C03      	BTFSS      STATUS, 0
0x008D	0x0F71      	INCFSZ     R0+1, 0
0x008E	0x02B9      	SUBWF      VDelay_ms_NumberOfCyc_L0+1, 1
0x008F	0x0872      	MOVF       R0+2, 0
0x0090	0x1C03      	BTFSS      STATUS, 0
0x0091	0x0F72      	INCFSZ     R0+2, 0
0x0092	0x02BA      	SUBWF      VDelay_ms_NumberOfCyc_L0+2, 1
0x0093	0x0873      	MOVF       R0+3, 0
0x0094	0x1C03      	BTFSS      STATUS, 0
0x0095	0x0F73      	INCFSZ     R0+3, 0
0x0096	0x02BB      	SUBWF      VDelay_ms_NumberOfCyc_L0+3, 1
;__Lib_Delays.c,89 :: 		NumberOfCyc =  NumberOfCyc >> 5; // Dec and While below take around 32 instructions
0x0097	0x3005      	MOVLW      5
0x0098	0x00F0      	MOVWF      R0
0x0099	0x0870      	MOVF       R0, 0
L__VDelay_ms39:
0x009A	0x1903      	BTFSC      STATUS, 2
0x009B	0x28A3      	GOTO       L__VDelay_ms40
0x009C	0x0CBB      	RRF        VDelay_ms_NumberOfCyc_L0+3, 1
0x009D	0x0CBA      	RRF        VDelay_ms_NumberOfCyc_L0+2, 1
0x009E	0x0CB9      	RRF        VDelay_ms_NumberOfCyc_L0+1, 1
0x009F	0x0CB8      	RRF        VDelay_ms_NumberOfCyc_L0, 1
0x00A0	0x13BB      	BCF        VDelay_ms_NumberOfCyc_L0+3, 7
0x00A1	0x3EFF      	ADDLW      255
0x00A2	0x289A      	GOTO       L__VDelay_ms39
L__VDelay_ms40:
;__Lib_Delays.c,90 :: 		while (NumberOfCyc--)
L_VDelay_ms16:
0x00A3	0x0838      	MOVF       VDelay_ms_NumberOfCyc_L0, 0
0x00A4	0x00F0      	MOVWF      R0
0x00A5	0x0839      	MOVF       VDelay_ms_NumberOfCyc_L0+1, 0
0x00A6	0x00F1      	MOVWF      R0+1
0x00A7	0x083A      	MOVF       VDelay_ms_NumberOfCyc_L0+2, 0
0x00A8	0x00F2      	MOVWF      R0+2
0x00A9	0x083B      	MOVF       VDelay_ms_NumberOfCyc_L0+3, 0
0x00AA	0x00F3      	MOVWF      R0+3
0x00AB	0x3001      	MOVLW      1
0x00AC	0x02B8      	SUBWF      VDelay_ms_NumberOfCyc_L0, 1
0x00AD	0x1C03      	BTFSS      STATUS, 0
0x00AE	0x02B9      	SUBWF      VDelay_ms_NumberOfCyc_L0+1, 1
0x00AF	0x1C03      	BTFSS      STATUS, 0
0x00B0	0x02BA      	SUBWF      VDelay_ms_NumberOfCyc_L0+2, 1
0x00B1	0x1C03      	BTFSS      STATUS, 0
0x00B2	0x02BB      	SUBWF      VDelay_ms_NumberOfCyc_L0+3, 1
0x00B3	0x0870      	MOVF       R0, 0
0x00B4	0x0471      	IORWF      R0+1, 0
0x00B5	0x0472      	IORWF      R0+2, 0
0x00B6	0x0473      	IORWF      R0+3, 0
0x00B7	0x1903      	BTFSC      STATUS, 2
0x00B8	0x28C2      	GOTO       L_VDelay_ms17
;__Lib_Delays.c,92 :: 		asm nop;
0x00B9	0x0000      	NOP
;__Lib_Delays.c,93 :: 		asm nop;
0x00BA	0x0000      	NOP
;__Lib_Delays.c,94 :: 		asm nop;
0x00BB	0x0000      	NOP
;__Lib_Delays.c,95 :: 		asm nop;
0x00BC	0x0000      	NOP
;__Lib_Delays.c,96 :: 		asm nop;
0x00BD	0x0000      	NOP
;__Lib_Delays.c,97 :: 		asm nop;
0x00BE	0x0000      	NOP
;__Lib_Delays.c,98 :: 		asm nop;
0x00BF	0x0000      	NOP
;__Lib_Delays.c,99 :: 		asm nop;
0x00C0	0x0000      	NOP
;__Lib_Delays.c,100 :: 		}
0x00C1	0x28A3      	GOTO       L_VDelay_ms16
L_VDelay_ms17:
;__Lib_Delays.c,101 :: 		}
L_end_VDelay_ms:
0x00C2	0x0008      	RETURN
; end of _VDelay_ms
_RES032:
;__Lib_MathDouble.c,123 :: 		
;__Lib_MathDouble.c,128 :: 		
0x00C3	0x01F2      	CLRF       R2
;__Lib_MathDouble.c,129 :: 		
0x00C4	0x01F1      	CLRF       R1
;__Lib_MathDouble.c,130 :: 		
0x00C5	0x01F0      	CLRF       R0
;__Lib_MathDouble.c,131 :: 		
0x00C6	0x01F8      	CLRF       R8
;__Lib_MathDouble.c,132 :: 		
0x00C7	0x01F3      	CLRF       R3
;__Lib_MathDouble.c,133 :: 		
0x00C8	0x3000      	MOVLW      0
;__Lib_MathDouble.c,135 :: 		
L_end_RES032:
0x00C9	0x0008      	RETURN
; end of _RES032
_SETFOV32:
;__Lib_MathDouble.c,79 :: 		
;__Lib_MathDouble.c,86 :: 		
0x00CA	0x14FB      	BSF        R11, 1
;__Lib_MathDouble.c,87 :: 		
0x00CB	0x1FFB      	BTFSS      R11, 7
;__Lib_MathDouble.c,88 :: 		
0x00CC	0x28D4      	GOTO       SETFOV32EEE
;__Lib_MathDouble.c,89 :: 		
0x00CD	0x30FF      	MOVLW      255
;__Lib_MathDouble.c,90 :: 		
0x00CE	0x00F3      	MOVWF      R3
;__Lib_MathDouble.c,91 :: 		
0x00CF	0x00F2      	MOVWF      R2
;__Lib_MathDouble.c,92 :: 		
0x00D0	0x00F1      	MOVWF      R1
;__Lib_MathDouble.c,93 :: 		
0x00D1	0x00F0      	MOVWF      R0
;__Lib_MathDouble.c,94 :: 		
0x00D2	0x0DFA      	RLF        R10, 1
;__Lib_MathDouble.c,95 :: 		
0x00D3	0x0CF2      	RRF        R2, 1
;__Lib_MathDouble.c,96 :: 		
SETFOV32EEE:
;__Lib_MathDouble.c,97 :: 		
0x00D4	0x30FF      	MOVLW      255
;__Lib_MathDouble.c,99 :: 		
L_end_SETFOV32:
0x00D5	0x0008      	RETURN
; end of _SETFOV32
_SETFDZ32:
;__Lib_MathDouble.c,102 :: 		
;__Lib_MathDouble.c,105 :: 		
0x00D6	0x15FB      	BSF        R11, 3
;__Lib_MathDouble.c,106 :: 		
0x00D7	0x30FF      	MOVLW      255
;__Lib_MathDouble.c,108 :: 		
L_end_SETFDZ32:
0x00D8	0x0008      	RETURN
; end of _SETFDZ32
_FIXSIGN32:
;__Lib_MathDouble.c,112 :: 		
;__Lib_MathDouble.c,116 :: 		
0x00D9	0x1FFA      	BTFSS      R10, 7
;__Lib_MathDouble.c,117 :: 		
0x00DA	0x13F2      	BCF        R2, 7
;__Lib_MathDouble.c,118 :: 		
0x00DB	0x3000      	MOVLW      0
;__Lib_MathDouble.c,120 :: 		
L_end_FIXSIGN32:
0x00DC	0x0008      	RETURN
; end of _FIXSIGN32
_____DoICP:
;__Lib_System.c,6 :: 		
;__Lib_System.c,9 :: 		
0x00DD	0x1283      	BCF        STATUS, 5
0x00DE	0x1303      	BCF        STATUS, 6
0x00DF	0x0826      	MOVF       ___DoICPAddr+1, 0
0x00E0	0x008A      	MOVWF      PCLATH
;__Lib_System.c,10 :: 		
0x00E1	0x0825      	MOVF       ___DoICPAddr, 0
0x00E2	0x0082      	MOVWF      PCL
;__Lib_System.c,12 :: 		
L_end_____DoICP:
0x00E3	0x0008      	RETURN
; end of _____DoICP
_NRM4032:
;__Lib_MathDouble.c,245 :: 		
;__Lib_MathDouble.c,252 :: 		
;__Lib_MathDouble.c,254 :: 		
0x00E4	0x187C      	BTFSC      R12, 0
;__Lib_MathDouble.c,255 :: 		
0x00E5	0x291A      	GOTO       NRMRND4032
;__Lib_MathDouble.c,256 :: 		
0x00E6	0x18FC      	BTFSC      R12, 1
;__Lib_MathDouble.c,257 :: 		
0x00E7	0x28EB      	GOTO       NRM4032
;__Lib_MathDouble.c,258 :: 		
0x00E8	0x197C      	BTFSC      R12, 2
;__Lib_MathDouble.c,259 :: 		
0x00E9	0x2939      	GOTO       JMPSETFOV32
;__Lib_MathDouble.c,260 :: 		
0x00EA	0x28E4      	GOTO       $-6
;__Lib_MathDouble.c,261 :: 		
NRM4032:
;__Lib_MathDouble.c,262 :: 		
0x00EB	0x01A0      	CLRF       __math_tempbD
;__Lib_MathDouble.c,263 :: 		
0x00EC	0x0872      	MOVF       R2, 0
;__Lib_MathDouble.c,264 :: 		
0x00ED	0x1D03      	BTFSS      STATUS, 2
;__Lib_MathDouble.c,265 :: 		
0x00EE	0x290B      	GOTO       NORM4032
;__Lib_MathDouble.c,266 :: 		
0x00EF	0x0871      	MOVF       R1, 0
;__Lib_MathDouble.c,267 :: 		
0x00F0	0x00F2      	MOVWF      R2
;__Lib_MathDouble.c,268 :: 		
0x00F1	0x0870      	MOVF       R0, 0
;__Lib_MathDouble.c,269 :: 		
0x00F2	0x00F1      	MOVWF      R1
;__Lib_MathDouble.c,270 :: 		
0x00F3	0x0878      	MOVF       R8, 0
;__Lib_MathDouble.c,271 :: 		
0x00F4	0x00F0      	MOVWF      R0
;__Lib_MathDouble.c,272 :: 		
0x00F5	0x01F8      	CLRF       R8
;__Lib_MathDouble.c,273 :: 		
0x00F6	0x15A0      	BSF        __math_tempbD, 3
;__Lib_MathDouble.c,275 :: 		
0x00F7	0x0872      	MOVF       R2, 0
;__Lib_MathDouble.c,276 :: 		
0x00F8	0x1D03      	BTFSS      STATUS, 2
;__Lib_MathDouble.c,277 :: 		
0x00F9	0x290B      	GOTO       NORM4032
;__Lib_MathDouble.c,278 :: 		
0x00FA	0x0871      	MOVF       R1, 0
;__Lib_MathDouble.c,279 :: 		
0x00FB	0x00F2      	MOVWF      R2
;__Lib_MathDouble.c,280 :: 		
0x00FC	0x0870      	MOVF       R0, 0
;__Lib_MathDouble.c,281 :: 		
0x00FD	0x00F1      	MOVWF      R1
;__Lib_MathDouble.c,282 :: 		
0x00FE	0x01F0      	CLRF       R0
;__Lib_MathDouble.c,283 :: 		
0x00FF	0x11A0      	BCF        __math_tempbD, 3
;__Lib_MathDouble.c,284 :: 		
0x0100	0x1620      	BSF        __math_tempbD, 4
;__Lib_MathDouble.c,286 :: 		
0x0101	0x0872      	MOVF       R2, 0
;__Lib_MathDouble.c,287 :: 		
0x0102	0x1D03      	BTFSS      STATUS, 2
;__Lib_MathDouble.c,288 :: 		
0x0103	0x290B      	GOTO       NORM4032
;__Lib_MathDouble.c,289 :: 		
0x0104	0x0871      	MOVF       R1, 0
;__Lib_MathDouble.c,290 :: 		
0x0105	0x00F2      	MOVWF      R2
;__Lib_MathDouble.c,291 :: 		
0x0106	0x01F1      	CLRF       R1
;__Lib_MathDouble.c,292 :: 		
0x0107	0x15A0      	BSF        __math_tempbD, 3
;__Lib_MathDouble.c,294 :: 		
0x0108	0x0872      	MOVF       R2, 0
;__Lib_MathDouble.c,295 :: 		
0x0109	0x1903      	BTFSC      STATUS, 2
;__Lib_MathDouble.c,296 :: 		
0x010A	0x292D      	GOTO       JMPRES032
;__Lib_MathDouble.c,297 :: 		
NORM4032:
;__Lib_MathDouble.c,298 :: 		
0x010B	0x0820      	MOVF       __math_tempbD, 0
;__Lib_MathDouble.c,299 :: 		
0x010C	0x02F3      	SUBWF      R3, 1
;__Lib_MathDouble.c,300 :: 		
0x010D	0x1D03      	BTFSS      STATUS, 2
;__Lib_MathDouble.c,301 :: 		
0x010E	0x1C03      	BTFSS      STATUS, 0
;__Lib_MathDouble.c,302 :: 		
0x010F	0x2931      	GOTO       JMPSETFUN32
;__Lib_MathDouble.c,303 :: 		
0x0110	0x1003      	BCF        STATUS, 0
;__Lib_MathDouble.c,304 :: 		
NORM4032A:
;__Lib_MathDouble.c,305 :: 		
0x0111	0x1BF2      	BTFSC      R2, 7
;__Lib_MathDouble.c,306 :: 		
0x0112	0x291A      	GOTO       NRMRND4032
;__Lib_MathDouble.c,307 :: 		
0x0113	0x0DF8      	RLF        R8, 1
;__Lib_MathDouble.c,308 :: 		
0x0114	0x0DF0      	RLF        R0, 1
;__Lib_MathDouble.c,309 :: 		
0x0115	0x0DF1      	RLF        R1, 1
;__Lib_MathDouble.c,310 :: 		
0x0116	0x0DF2      	RLF        R2, 1
;__Lib_MathDouble.c,311 :: 		
0x0117	0x0BF3      	DECFSZ     R3, 1
;__Lib_MathDouble.c,312 :: 		
0x0118	0x2911      	GOTO       NORM4032A
;__Lib_MathDouble.c,313 :: 		
0x0119	0x2931      	GOTO       JMPSETFUN32
;__Lib_MathDouble.c,314 :: 		
NRMRND4032:
;__Lib_MathDouble.c,315 :: 		
0x011A	0x1B7B      	BTFSC      R11, 6
;__Lib_MathDouble.c,316 :: 		
0x011B	0x1C70      	BTFSS      R0, 0
;__Lib_MathDouble.c,317 :: 		
0x011C	0x2935      	GOTO       JMPFIXSIGN32
;__Lib_MathDouble.c,318 :: 		
0x011D	0x1FF8      	BTFSS      R8, 7
;__Lib_MathDouble.c,319 :: 		
0x011E	0x2935      	GOTO       JMPFIXSIGN32
;__Lib_MathDouble.c,320 :: 		
0x011F	0x0AF0      	INCF       R0, 1
;__Lib_MathDouble.c,321 :: 		
0x0120	0x1903      	BTFSC      STATUS, 2
;__Lib_MathDouble.c,322 :: 		
0x0121	0x0AF1      	INCF       R1, 1
;__Lib_MathDouble.c,323 :: 		
0x0122	0x1903      	BTFSC      STATUS, 2
;__Lib_MathDouble.c,324 :: 		
0x0123	0x0AF2      	INCF       R2, 1
;__Lib_MathDouble.c,325 :: 		
0x0124	0x1D03      	BTFSS      STATUS, 2
;__Lib_MathDouble.c,326 :: 		
0x0125	0x2935      	GOTO       JMPFIXSIGN32
;__Lib_MathDouble.c,327 :: 		
0x0126	0x0CF2      	RRF        R2, 1
;__Lib_MathDouble.c,328 :: 		
0x0127	0x0CF1      	RRF        R1, 1
;__Lib_MathDouble.c,329 :: 		
0x0128	0x0CF0      	RRF        R0, 1
;__Lib_MathDouble.c,330 :: 		
0x0129	0x0AF3      	INCF       R3, 1
;__Lib_MathDouble.c,331 :: 		
0x012A	0x1903      	BTFSC      STATUS, 2
;__Lib_MathDouble.c,332 :: 		
0x012B	0x2939      	GOTO       JMPSETFOV32
;__Lib_MathDouble.c,333 :: 		
0x012C	0x2935      	GOTO       JMPFIXSIGN32
;__Lib_MathDouble.c,334 :: 		
JMPRES032:
;__Lib_MathDouble.c,335 :: 		
0x012D	0x3001      	MOVLW      1
;__Lib_MathDouble.c,336 :: 		
0x012E	0x00FC      	MOVWF      R12
;__Lib_MathDouble.c,338 :: 		
0x012F	0x20C3      	CALL       _RES032
;__Lib_MathDouble.c,340 :: 		
0x0130	0x293C      	GOTO       NRM4032EEE
;__Lib_MathDouble.c,341 :: 		
JMPSETFUN32:
;__Lib_MathDouble.c,342 :: 		
0x0131	0x3002      	MOVLW      2
;__Lib_MathDouble.c,343 :: 		
0x0132	0x00FC      	MOVWF      R12
;__Lib_MathDouble.c,345 :: 		
0x0133	0x203A      	CALL       _SETFUN32
;__Lib_MathDouble.c,347 :: 		
0x0134	0x293C      	GOTO       NRM4032EEE
;__Lib_MathDouble.c,348 :: 		
JMPFIXSIGN32:
;__Lib_MathDouble.c,349 :: 		
0x0135	0x3004      	MOVLW      4
;__Lib_MathDouble.c,350 :: 		
0x0136	0x00FC      	MOVWF      R12
;__Lib_MathDouble.c,352 :: 		
0x0137	0x20D9      	CALL       _FIXSIGN32
;__Lib_MathDouble.c,354 :: 		
0x0138	0x293C      	GOTO       NRM4032EEE
;__Lib_MathDouble.c,355 :: 		
JMPSETFOV32:
;__Lib_MathDouble.c,356 :: 		
0x0139	0x3008      	MOVLW      8
;__Lib_MathDouble.c,357 :: 		
0x013A	0x00FC      	MOVWF      R12
;__Lib_MathDouble.c,359 :: 		
0x013B	0x20CA      	CALL       _SETFOV32
;__Lib_MathDouble.c,361 :: 		
NRM4032EEE:
;__Lib_MathDouble.c,362 :: 		
0x013C	0x0000      	NOP
;__Lib_MathDouble.c,370 :: 		
L_end_NRM4032:
0x013D	0x0008      	RETURN
; end of _NRM4032
_abs:
;__Lib_CStdlib.c,37 :: 		
;__Lib_CStdlib.c,38 :: 		
0x013E	0x3080      	MOVLW      128
0x013F	0x1283      	BCF        STATUS, 5
0x0140	0x1303      	BCF        STATUS, 6
0x0141	0x0633      	XORWF      FARG_abs_a+1, 0
0x0142	0x00F0      	MOVWF      R0
0x0143	0x3080      	MOVLW      128
0x0144	0x0270      	SUBWF      R0, 0
0x0145	0x1D03      	BTFSS      STATUS, 2
0x0146	0x2949      	GOTO       L__abs93
0x0147	0x3000      	MOVLW      0
0x0148	0x0232      	SUBWF      FARG_abs_a, 0
L__abs93:
0x0149	0x1803      	BTFSC      STATUS, 0
0x014A	0x2954      	GOTO       L_abs0
;__Lib_CStdlib.c,39 :: 		
0x014B	0x0832      	MOVF       FARG_abs_a, 0
0x014C	0x3C00      	SUBLW      0
0x014D	0x00F0      	MOVWF      R0
0x014E	0x0833      	MOVF       FARG_abs_a+1, 0
0x014F	0x1C03      	BTFSS      STATUS, 0
0x0150	0x3E01      	ADDLW      1
0x0151	0x01F1      	CLRF       R0+1
0x0152	0x02F1      	SUBWF      R0+1, 1
0x0153	0x2958      	GOTO       L_end_abs
L_abs0:
;__Lib_CStdlib.c,40 :: 		
0x0154	0x0832      	MOVF       FARG_abs_a, 0
0x0155	0x00F0      	MOVWF      R0
0x0156	0x0833      	MOVF       FARG_abs_a+1, 0
0x0157	0x00F1      	MOVWF      R0+1
;__Lib_CStdlib.c,41 :: 		
L_end_abs:
0x0158	0x0008      	RETURN
; end of _abs
_step_ccw:
;summerinternshipmain.c,24 :: 		void step_ccw(int axis_pin , int step_delay) {
;summerinternshipmain.c,25 :: 		axis_pin =1;
0x0159	0x3001      	MOVLW      1
0x015A	0x1283      	BCF        STATUS, 5
0x015B	0x1303      	BCF        STATUS, 6
0x015C	0x00B2      	MOVWF      FARG_step_ccw_axis_pin
0x015D	0x3000      	MOVLW      0
0x015E	0x00B3      	MOVWF      FARG_step_ccw_axis_pin+1
;summerinternshipmain.c,26 :: 		Delay_ms(10);
0x015F	0x301A      	MOVLW      26
0x0160	0x00FC      	MOVWF      R12
0x0161	0x30F8      	MOVLW      248
0x0162	0x00FD      	MOVWF      R13
L_step_ccw0:
0x0163	0x0BFD      	DECFSZ     R13, 1
0x0164	0x2963      	GOTO       L_step_ccw0
0x0165	0x0BFC      	DECFSZ     R12, 1
0x0166	0x2963      	GOTO       L_step_ccw0
0x0167	0x0000      	NOP
;summerinternshipmain.c,27 :: 		axis_pin = 0;
0x0168	0x01B2      	CLRF       FARG_step_ccw_axis_pin
0x0169	0x01B3      	CLRF       FARG_step_ccw_axis_pin+1
;summerinternshipmain.c,28 :: 		Delay_ms(10);
0x016A	0x301A      	MOVLW      26
0x016B	0x00FC      	MOVWF      R12
0x016C	0x30F8      	MOVLW      248
0x016D	0x00FD      	MOVWF      R13
L_step_ccw1:
0x016E	0x0BFD      	DECFSZ     R13, 1
0x016F	0x296E      	GOTO       L_step_ccw1
0x0170	0x0BFC      	DECFSZ     R12, 1
0x0171	0x296E      	GOTO       L_step_ccw1
0x0172	0x0000      	NOP
;summerinternshipmain.c,29 :: 		}
L_end_step_ccw:
0x0173	0x0008      	RETURN
; end of _step_ccw
_step_cw:
;summerinternshipmain.c,16 :: 		void step_cw(int axis_pin ,int  step_delay) {
;summerinternshipmain.c,17 :: 		axis_pin = 1;
0x0174	0x3001      	MOVLW      1
0x0175	0x1283      	BCF        STATUS, 5
0x0176	0x1303      	BCF        STATUS, 6
0x0177	0x00B2      	MOVWF      FARG_step_cw_axis_pin
0x0178	0x3000      	MOVLW      0
0x0179	0x00B3      	MOVWF      FARG_step_cw_axis_pin+1
;summerinternshipmain.c,18 :: 		Vdelay_ms( step_delay);
0x017A	0x0834      	MOVF       FARG_step_cw_step_delay, 0
0x017B	0x00B6      	MOVWF      FARG_VDelay_ms_Time_ms
0x017C	0x0835      	MOVF       FARG_step_cw_step_delay+1, 0
0x017D	0x00B7      	MOVWF      FARG_VDelay_ms_Time_ms+1
0x017E	0x2053      	CALL       _VDelay_ms
;summerinternshipmain.c,19 :: 		axis_pin = 0;
0x017F	0x01B2      	CLRF       FARG_step_cw_axis_pin
0x0180	0x01B3      	CLRF       FARG_step_cw_axis_pin+1
;summerinternshipmain.c,20 :: 		Vdelay_ms(step_delay);
0x0181	0x0834      	MOVF       FARG_step_cw_step_delay, 0
0x0182	0x00B6      	MOVWF      FARG_VDelay_ms_Time_ms
0x0183	0x0835      	MOVF       FARG_step_cw_step_delay+1, 0
0x0184	0x00B7      	MOVWF      FARG_VDelay_ms_Time_ms+1
0x0185	0x2053      	CALL       _VDelay_ms
;summerinternshipmain.c,21 :: 		}
L_end_step_cw:
0x0186	0x0008      	RETURN
; end of _step_cw
_double2int:
;__Lib_MathDouble.c,1391 :: 		
;__Lib_MathDouble.c,1399 :: 		
0x0187	0x1283      	BCF        STATUS, 5
;__Lib_MathDouble.c,1400 :: 		
0x0188	0x1303      	BCF        STATUS, 6
;__Lib_MathDouble.c,1402 :: 		
0x0189	0x01FB      	CLRF       R11
;__Lib_MathDouble.c,1403 :: 		
0x018A	0x0873      	MOVF       R3, 0
;__Lib_MathDouble.c,1404 :: 		
0x018B	0x1903      	BTFSC      STATUS, 2
;__Lib_MathDouble.c,1405 :: 		
0x018C	0x29C4      	GOTO       IRES016
;__Lib_MathDouble.c,1407 :: 		
0x018D	0x0872      	MOVF       R2, 0
;__Lib_MathDouble.c,1408 :: 		
0x018E	0x00FA      	MOVWF      R10
;__Lib_MathDouble.c,1409 :: 		
0x018F	0x17F2      	BSF        R2, 7
;__Lib_MathDouble.c,1411 :: 		
0x0190	0x308E      	MOVLW      142
;__Lib_MathDouble.c,1412 :: 		
0x0191	0x02F3      	SUBWF      R3, 1
;__Lib_MathDouble.c,1413 :: 		
0x0192	0x1FF3      	BTFSS      R3, 7
;__Lib_MathDouble.c,1414 :: 		
0x0193	0x29C7      	GOTO       SETIOV16
;__Lib_MathDouble.c,1415 :: 		
0x0194	0x09F3      	COMF       R3, 1
;__Lib_MathDouble.c,1416 :: 		
0x0195	0x0AF3      	INCF       R3, 1
;__Lib_MathDouble.c,1418 :: 		
0x0196	0x3008      	MOVLW      8
;__Lib_MathDouble.c,1419 :: 		
0x0197	0x0273      	SUBWF      R3, 0
;__Lib_MathDouble.c,1420 :: 		
0x0198	0x1C03      	BTFSS      STATUS, 0
;__Lib_MathDouble.c,1421 :: 		
0x0199	0x29AA      	GOTO       TSHIFT3216
;__Lib_MathDouble.c,1422 :: 		
0x019A	0x00F3      	MOVWF      R3
;__Lib_MathDouble.c,1423 :: 		
0x019B	0x0DF1      	RLF        R1, 1
;__Lib_MathDouble.c,1424 :: 		
0x019C	0x0872      	MOVF       R2, 0
;__Lib_MathDouble.c,1425 :: 		
0x019D	0x00F1      	MOVWF      R1
;__Lib_MathDouble.c,1426 :: 		
0x019E	0x01F2      	CLRF       R2
;__Lib_MathDouble.c,1428 :: 		
0x019F	0x3008      	MOVLW      8
;__Lib_MathDouble.c,1429 :: 		
0x01A0	0x0273      	SUBWF      R3, 0
;__Lib_MathDouble.c,1430 :: 		
0x01A1	0x1C03      	BTFSS      STATUS, 0
;__Lib_MathDouble.c,1431 :: 		
0x01A2	0x29AA      	GOTO       TSHIFT3216
;__Lib_MathDouble.c,1432 :: 		
0x01A3	0x00F3      	MOVWF      R3
;__Lib_MathDouble.c,1433 :: 		
0x01A4	0x0DF1      	RLF        R1, 1
;__Lib_MathDouble.c,1434 :: 		
0x01A5	0x01F1      	CLRF       R1
;__Lib_MathDouble.c,1436 :: 		
0x01A6	0x0873      	MOVF       R3, 0
;__Lib_MathDouble.c,1437 :: 		
0x01A7	0x1D03      	BTFSS      STATUS, 2
;__Lib_MathDouble.c,1438 :: 		
0x01A8	0x1003      	BCF        STATUS, 0
;__Lib_MathDouble.c,1439 :: 		
0x01A9	0x29B2      	GOTO       SHIFT3216OK
;__Lib_MathDouble.c,1440 :: 		
TSHIFT3216:
;__Lib_MathDouble.c,1441 :: 		
0x01AA	0x0873      	MOVF       R3, 0
;__Lib_MathDouble.c,1442 :: 		
0x01AB	0x1903      	BTFSC      STATUS, 2
;__Lib_MathDouble.c,1443 :: 		
0x01AC	0x29B2      	GOTO       SHIFT3216OK
;__Lib_MathDouble.c,1444 :: 		
SHIFT3216:
;__Lib_MathDouble.c,1445 :: 		
0x01AD	0x1003      	BCF        STATUS, 0
;__Lib_MathDouble.c,1446 :: 		
0x01AE	0x0CF2      	RRF        R2, 1
;__Lib_MathDouble.c,1447 :: 		
0x01AF	0x0CF1      	RRF        R1, 1
;__Lib_MathDouble.c,1448 :: 		
0x01B0	0x0BF3      	DECFSZ     R3, 1
;__Lib_MathDouble.c,1449 :: 		
0x01B1	0x29AD      	GOTO       SHIFT3216
;__Lib_MathDouble.c,1450 :: 		
SHIFT3216OK:
;__Lib_MathDouble.c,1451 :: 		
0x01B2	0x1B7B      	BTFSC      R11, 6
;__Lib_MathDouble.c,1452 :: 		
0x01B3	0x1C71      	BTFSS      R1, 0
;__Lib_MathDouble.c,1453 :: 		
0x01B4	0x29BC      	GOTO       INT3216OK
;__Lib_MathDouble.c,1454 :: 		
0x01B5	0x1C03      	BTFSS      STATUS, 0
;__Lib_MathDouble.c,1455 :: 		
0x01B6	0x29BC      	GOTO       INT3216OK
;__Lib_MathDouble.c,1456 :: 		
0x01B7	0x0AF1      	INCF       R1, 1
;__Lib_MathDouble.c,1457 :: 		
0x01B8	0x1903      	BTFSC      STATUS, 2
;__Lib_MathDouble.c,1458 :: 		
0x01B9	0x0AF2      	INCF       R2, 1
;__Lib_MathDouble.c,1459 :: 		
0x01BA	0x1BF2      	BTFSC      R2, 7
;__Lib_MathDouble.c,1460 :: 		
0x01BB	0x29D3      	GOTO       JPJSETIOV3224
;__Lib_MathDouble.c,1461 :: 		
INT3216OK:
;__Lib_MathDouble.c,1462 :: 		
0x01BC	0x1FFA      	BTFSS      R10, 7
;__Lib_MathDouble.c,1463 :: 		
0x01BD	0x29D6      	GOTO       INT3216EOK
;__Lib_MathDouble.c,1465 :: 		
0x01BE	0x09F2      	COMF       R2, 1
;__Lib_MathDouble.c,1466 :: 		
0x01BF	0x09F1      	COMF       R1, 1
;__Lib_MathDouble.c,1467 :: 		
0x01C0	0x0AF1      	INCF       R1, 1
;__Lib_MathDouble.c,1468 :: 		
0x01C1	0x1903      	BTFSC      STATUS, 2
;__Lib_MathDouble.c,1469 :: 		
0x01C2	0x0AF2      	INCF       R2, 1
;__Lib_MathDouble.c,1470 :: 		
0x01C3	0x29D6      	GOTO       INT3216EOK
;__Lib_MathDouble.c,1472 :: 		
IRES016:
;__Lib_MathDouble.c,1473 :: 		
0x01C4	0x01F2      	CLRF       R2
;__Lib_MathDouble.c,1474 :: 		
0x01C5	0x01F1      	CLRF       R1
;__Lib_MathDouble.c,1475 :: 		
0x01C6	0x29D6      	GOTO       INT3216EOK
;__Lib_MathDouble.c,1476 :: 		
SETIOV16:
;__Lib_MathDouble.c,1477 :: 		
0x01C7	0x147B      	BSF        R11, 0
;__Lib_MathDouble.c,1478 :: 		
0x01C8	0x1FFB      	BTFSS      R11, 7
;__Lib_MathDouble.c,1479 :: 		
0x01C9	0x29D9      	GOTO       INT3216EER
;__Lib_MathDouble.c,1481 :: 		
0x01CA	0x01F2      	CLRF       R2
;__Lib_MathDouble.c,1482 :: 		
0x01CB	0x1FFA      	BTFSS      R10, 7
;__Lib_MathDouble.c,1483 :: 		
0x01CC	0x29D9      	GOTO       INT3216EER
;__Lib_MathDouble.c,1484 :: 		
0x01CD	0x30FF      	MOVLW      255
;__Lib_MathDouble.c,1485 :: 		
0x01CE	0x00F2      	MOVWF      R2
;__Lib_MathDouble.c,1486 :: 		
0x01CF	0x00F1      	MOVWF      R1
;__Lib_MathDouble.c,1487 :: 		
0x01D0	0x0DFA      	RLF        R10, 1
;__Lib_MathDouble.c,1488 :: 		
0x01D1	0x0CF2      	RRF        R2, 1
;__Lib_MathDouble.c,1489 :: 		
0x01D2	0x29D9      	GOTO       INT3216EER
;__Lib_MathDouble.c,1491 :: 		
JPJSETIOV3224:
;__Lib_MathDouble.c,1492 :: 		
0x01D3	0x3001      	MOVLW      1
;__Lib_MathDouble.c,1493 :: 		
0x01D4	0x00FC      	MOVWF      R12
;__Lib_MathDouble.c,1494 :: 		
0x01D5	0x29DB      	GOTO       INT3216EEE
;__Lib_MathDouble.c,1495 :: 		
INT3216EOK:
;__Lib_MathDouble.c,1496 :: 		
0x01D6	0x3000      	MOVLW      0
;__Lib_MathDouble.c,1497 :: 		
0x01D7	0x00FC      	MOVWF      R12
;__Lib_MathDouble.c,1498 :: 		
0x01D8	0x29DB      	GOTO       INT3216EEE
;__Lib_MathDouble.c,1499 :: 		
INT3216EER:
;__Lib_MathDouble.c,1500 :: 		
0x01D9	0x30FF      	MOVLW      255
;__Lib_MathDouble.c,1501 :: 		
0x01DA	0x00FC      	MOVWF      R12
;__Lib_MathDouble.c,1502 :: 		
INT3216EEE:
;__Lib_MathDouble.c,1505 :: 		
0x01DB	0x08FC      	MOVF       R12, 1
;__Lib_MathDouble.c,1507 :: 		
0x01DC	0x1903      	BTFSC      STATUS, 2
;__Lib_MathDouble.c,1508 :: 		
0x01DD	0x29DF      	GOTO       L_Double2Int_0
;__Lib_MathDouble.c,1510 :: 		
0x01DE	0x2046      	CALL       _SETIOV3224
;__Lib_MathDouble.c,1512 :: 		
L_Double2Int_0:
;__Lib_MathDouble.c,1513 :: 		
0x01DF	0x0871      	MOVF       R1, 0
;__Lib_MathDouble.c,1514 :: 		
0x01E0	0x00F0      	MOVWF      R0
;__Lib_MathDouble.c,1515 :: 		
0x01E1	0x0872      	MOVF       R2, 0
;__Lib_MathDouble.c,1516 :: 		
0x01E2	0x00F1      	MOVWF      R1
;__Lib_MathDouble.c,1520 :: 		
L_end_double2int:
0x01E3	0x0008      	RETURN
; end of _double2int
_Div_32x32_FP:
;__Lib_MathDouble.c,761 :: 		
;__Lib_MathDouble.c,773 :: 		
;__Lib_MathDouble.c,776 :: 		
0x01E4	0x1283      	BCF        STATUS, 5
0x01E5	0x1303      	BCF        STATUS, 6
0x01E6	0x0874      	MOVF       R4, 0
0x01E7	0x3A00      	XORLW      0
0x01E8	0x1D03      	BTFSS      STATUS, 2
0x01E9	0x29FF      	GOTO       L_Div_32x32_FP7
;__Lib_MathDouble.c,777 :: 		
0x01EA	0x0875      	MOVF       R5, 0
0x01EB	0x3A00      	XORLW      0
0x01EC	0x1D03      	BTFSS      STATUS, 2
0x01ED	0x29FF      	GOTO       L_Div_32x32_FP8
;__Lib_MathDouble.c,778 :: 		
0x01EE	0x0876      	MOVF       R6, 0
0x01EF	0x3A00      	XORLW      0
0x01F0	0x1D03      	BTFSS      STATUS, 2
0x01F1	0x29FF      	GOTO       L_Div_32x32_FP9
;__Lib_MathDouble.c,779 :: 		
0x01F2	0x0877      	MOVF       R7, 0
0x01F3	0x3A00      	XORLW      0
0x01F4	0x1D03      	BTFSS      STATUS, 2
0x01F5	0x29FF      	GOTO       L_Div_32x32_FP10
;__Lib_MathDouble.c,780 :: 		
0x01F6	0x30FF      	MOVLW      255
0x01F7	0x00F0      	MOVWF      R0
;__Lib_MathDouble.c,781 :: 		
0x01F8	0x30FF      	MOVLW      255
0x01F9	0x00F1      	MOVWF      R1
;__Lib_MathDouble.c,782 :: 		
0x01FA	0x307F      	MOVLW      127
0x01FB	0x00F2      	MOVWF      R2
;__Lib_MathDouble.c,783 :: 		
0x01FC	0x30FF      	MOVLW      255
0x01FD	0x00F3      	MOVWF      R3
;__Lib_MathDouble.c,784 :: 		
0x01FE	0x2A9A      	GOTO       L_end_Div_32x32_FP
;__Lib_MathDouble.c,785 :: 		
L_Div_32x32_FP10:
L_Div_32x32_FP9:
L_Div_32x32_FP8:
L_Div_32x32_FP7:
;__Lib_MathDouble.c,788 :: 		
0x01FF	0x1283      	BCF        STATUS, 5
;__Lib_MathDouble.c,789 :: 		
0x0200	0x1303      	BCF        STATUS, 6
;__Lib_MathDouble.c,791 :: 		
0x0201	0x0877      	MOVF       R7, 0
;__Lib_MathDouble.c,792 :: 		
0x0202	0x1903      	BTFSC      STATUS, 2
;__Lib_MathDouble.c,793 :: 		
0x0203	0x2A8E      	GOTO       JPDSETFDZ32
;__Lib_MathDouble.c,795 :: 		
0x0204	0x0873      	MOVF       R3, 0
;__Lib_MathDouble.c,796 :: 		
0x0205	0x1903      	BTFSC      STATUS, 2
;__Lib_MathDouble.c,797 :: 		
0x0206	0x2A91      	GOTO       JPDRES032
;__Lib_MathDouble.c,799 :: 		
0x0207	0x0872      	MOVF       R2, 0
;__Lib_MathDouble.c,800 :: 		
0x0208	0x0676      	XORWF      R6, 0
;__Lib_MathDouble.c,801 :: 		
0x0209	0x3980      	ANDLW      128
;__Lib_MathDouble.c,802 :: 		
0x020A	0x00FA      	MOVWF      R10
;__Lib_MathDouble.c,803 :: 		
0x020B	0x17F2      	BSF        R2, 7
;__Lib_MathDouble.c,804 :: 		
0x020C	0x17F6      	BSF        R6, 7
;__Lib_MathDouble.c,806 :: 		
0x020D	0x01A0      	CLRF       __math_tempbD
;__Lib_MathDouble.c,807 :: 		
0x020E	0x0872      	MOVF       R2, 0
;__Lib_MathDouble.c,808 :: 		
0x020F	0x00F8      	MOVWF      R8
;__Lib_MathDouble.c,809 :: 		
0x0210	0x0871      	MOVF       R1, 0
;__Lib_MathDouble.c,810 :: 		
0x0211	0x00FC      	MOVWF      R12
;__Lib_MathDouble.c,811 :: 		
0x0212	0x0870      	MOVF       R0, 0
;__Lib_MathDouble.c,812 :: 		
0x0213	0x00FD      	MOVWF      R13
;__Lib_MathDouble.c,814 :: 		
0x0214	0x0874      	MOVF       R4, 0
;__Lib_MathDouble.c,815 :: 		
0x0215	0x02FD      	SUBWF      R13, 1
;__Lib_MathDouble.c,816 :: 		
0x0216	0x0875      	MOVF       R5, 0
;__Lib_MathDouble.c,817 :: 		
0x0217	0x1C03      	BTFSS      STATUS, 0
;__Lib_MathDouble.c,818 :: 		
0x0218	0x0F75      	INCFSZ     R5, 0
;__Lib_MathDouble.c,820 :: 		
0x0219	0x02FC      	SUBWF      R12, 1
;__Lib_MathDouble.c,821 :: 		
0x021A	0x0876      	MOVF       R6, 0
;__Lib_MathDouble.c,822 :: 		
0x021B	0x1C03      	BTFSS      STATUS, 0
;__Lib_MathDouble.c,823 :: 		
0x021C	0x0F76      	INCFSZ     R6, 0
;__Lib_MathDouble.c,825 :: 		
0x021D	0x02F8      	SUBWF      R8, 1
;__Lib_MathDouble.c,826 :: 		
0x021E	0x01F8      	CLRF       R8
;__Lib_MathDouble.c,827 :: 		
0x021F	0x01FC      	CLRF       R12
;__Lib_MathDouble.c,828 :: 		
0x0220	0x01FD      	CLRF       R13
;__Lib_MathDouble.c,829 :: 		
0x0221	0x1C03      	BTFSS      STATUS, 0
;__Lib_MathDouble.c,830 :: 		
0x0222	0x2A2A      	GOTO       DALIGN32OK
;__Lib_MathDouble.c,832 :: 		
0x0223	0x1003      	BCF        STATUS, 0
;__Lib_MathDouble.c,833 :: 		
0x0224	0x0CF2      	RRF        R2, 1
;__Lib_MathDouble.c,834 :: 		
0x0225	0x0CF1      	RRF        R1, 1
;__Lib_MathDouble.c,835 :: 		
0x0226	0x0CF0      	RRF        R0, 1
;__Lib_MathDouble.c,836 :: 		
0x0227	0x0CF8      	RRF        R8, 1
;__Lib_MathDouble.c,837 :: 		
0x0228	0x3001      	MOVLW      1
;__Lib_MathDouble.c,838 :: 		
0x0229	0x00A0      	MOVWF      __math_tempbD
;__Lib_MathDouble.c,839 :: 		
DALIGN32OK:
;__Lib_MathDouble.c,840 :: 		
0x022A	0x0877      	MOVF       R7, 0
;__Lib_MathDouble.c,841 :: 		
0x022B	0x02F3      	SUBWF      R3, 1
;__Lib_MathDouble.c,842 :: 		
0x022C	0x1C03      	BTFSS      STATUS, 0
;__Lib_MathDouble.c,843 :: 		
0x022D	0x2A34      	GOTO       ALTB32
;__Lib_MathDouble.c,845 :: 		
0x022E	0x307E      	MOVLW      126
;__Lib_MathDouble.c,846 :: 		
0x022F	0x0720      	ADDWF      __math_tempbD, 0
;__Lib_MathDouble.c,847 :: 		
0x0230	0x07F3      	ADDWF      R3, 1
;__Lib_MathDouble.c,848 :: 		
0x0231	0x1803      	BTFSC      STATUS, 0
;__Lib_MathDouble.c,849 :: 		
0x0232	0x2A94      	GOTO       JPDSETFOV32
;__Lib_MathDouble.c,850 :: 		
0x0233	0x2A39      	GOTO       DARGOK32
;__Lib_MathDouble.c,851 :: 		
ALTB32:
;__Lib_MathDouble.c,852 :: 		
0x0234	0x307E      	MOVLW      126
;__Lib_MathDouble.c,853 :: 		
0x0235	0x0720      	ADDWF      __math_tempbD, 0
;__Lib_MathDouble.c,854 :: 		
0x0236	0x07F3      	ADDWF      R3, 1
;__Lib_MathDouble.c,855 :: 		
0x0237	0x1C03      	BTFSS      STATUS, 0
;__Lib_MathDouble.c,856 :: 		
0x0238	0x2A97      	GOTO       JPDSETFUN32
;__Lib_MathDouble.c,857 :: 		
DARGOK32:
;__Lib_MathDouble.c,858 :: 		
0x0239	0x3018      	MOVLW      24
;__Lib_MathDouble.c,860 :: 		
0x023A	0x07FA      	ADDWF      R10, 1
;__Lib_MathDouble.c,861 :: 		
DLOOP32:
;__Lib_MathDouble.c,862 :: 		
0x023B	0x0DFD      	RLF        R13, 1
;__Lib_MathDouble.c,863 :: 		
0x023C	0x0DFC      	RLF        R12, 1
;__Lib_MathDouble.c,864 :: 		
0x023D	0x0DF8      	RLF        R8, 1
;__Lib_MathDouble.c,865 :: 		
0x023E	0x0DF0      	RLF        R0, 1
;__Lib_MathDouble.c,866 :: 		
0x023F	0x0DF1      	RLF        R1, 1
;__Lib_MathDouble.c,867 :: 		
0x0240	0x0DF2      	RLF        R2, 1
;__Lib_MathDouble.c,868 :: 		
0x0241	0x0DA0      	RLF        __math_tempbD, 1
;__Lib_MathDouble.c,870 :: 		
0x0242	0x0874      	MOVF       R4, 0
;__Lib_MathDouble.c,871 :: 		
0x0243	0x02F0      	SUBWF      R0, 1
;__Lib_MathDouble.c,872 :: 		
0x0244	0x0875      	MOVF       R5, 0
;__Lib_MathDouble.c,873 :: 		
0x0245	0x1C03      	BTFSS      STATUS, 0
;__Lib_MathDouble.c,874 :: 		
0x0246	0x0F75      	INCFSZ     R5, 0
;__Lib_MathDouble.c,876 :: 		
0x0247	0x02F1      	SUBWF      R1, 1
;__Lib_MathDouble.c,877 :: 		
0x0248	0x0876      	MOVF       R6, 0
;__Lib_MathDouble.c,878 :: 		
0x0249	0x1C03      	BTFSS      STATUS, 0
;__Lib_MathDouble.c,879 :: 		
0x024A	0x0F76      	INCFSZ     R6, 0
;__Lib_MathDouble.c,881 :: 		
0x024B	0x02F2      	SUBWF      R2, 1
;__Lib_MathDouble.c,882 :: 		
0x024C	0x0D76      	RLF        R6, 0
;__Lib_MathDouble.c,883 :: 		
0x024D	0x04A0      	IORWF      __math_tempbD, 1
;__Lib_MathDouble.c,884 :: 		
0x024E	0x1C20      	BTFSS      __math_tempbD, 0
;__Lib_MathDouble.c,885 :: 		
0x024F	0x2A52      	GOTO       DREST32
;__Lib_MathDouble.c,886 :: 		
0x0250	0x147D      	BSF        R13, 0
;__Lib_MathDouble.c,887 :: 		
0x0251	0x2A5D      	GOTO       DOK32
;__Lib_MathDouble.c,888 :: 		
DREST32:
;__Lib_MathDouble.c,889 :: 		
0x0252	0x0874      	MOVF       R4, 0
;__Lib_MathDouble.c,890 :: 		
0x0253	0x07F0      	ADDWF      R0, 1
;__Lib_MathDouble.c,891 :: 		
0x0254	0x0875      	MOVF       R5, 0
;__Lib_MathDouble.c,892 :: 		
0x0255	0x1803      	BTFSC      STATUS, 0
;__Lib_MathDouble.c,893 :: 		
0x0256	0x0F75      	INCFSZ     R5, 0
;__Lib_MathDouble.c,895 :: 		
0x0257	0x07F1      	ADDWF      R1, 1
;__Lib_MathDouble.c,896 :: 		
0x0258	0x0876      	MOVF       R6, 0
;__Lib_MathDouble.c,897 :: 		
0x0259	0x1803      	BTFSC      STATUS, 0
;__Lib_MathDouble.c,898 :: 		
0x025A	0x0A76      	INCF       R6, 0
;__Lib_MathDouble.c,899 :: 		
0x025B	0x07F2      	ADDWF      R2, 1
;__Lib_MathDouble.c,900 :: 		
0x025C	0x107D      	BCF        R13, 0
;__Lib_MathDouble.c,901 :: 		
DOK32:
;__Lib_MathDouble.c,903 :: 		
0x025D	0x03FA      	DECF       R10, 1
;__Lib_MathDouble.c,904 :: 		
0x025E	0x301F      	MOVLW      31
;__Lib_MathDouble.c,905 :: 		
0x025F	0x057A      	ANDWF      R10, 0
;__Lib_MathDouble.c,906 :: 		
0x0260	0x1D03      	BTFSS      STATUS, 2
;__Lib_MathDouble.c,907 :: 		
0x0261	0x2A3B      	GOTO       DLOOP32
;__Lib_MathDouble.c,909 :: 		
0x0262	0x1B7B      	BTFSC      R11, 6
;__Lib_MathDouble.c,910 :: 		
0x0263	0x1C7D      	BTFSS      R13, 0
;__Lib_MathDouble.c,911 :: 		
0x0264	0x2A84      	GOTO       DIV32OK
;__Lib_MathDouble.c,912 :: 		
0x0265	0x1003      	BCF        STATUS, 0
;__Lib_MathDouble.c,913 :: 		
0x0266	0x0DF0      	RLF        R0, 1
;__Lib_MathDouble.c,914 :: 		
0x0267	0x0DF1      	RLF        R1, 1
;__Lib_MathDouble.c,915 :: 		
0x0268	0x0DF2      	RLF        R2, 1
;__Lib_MathDouble.c,916 :: 		
0x0269	0x0DA0      	RLF        __math_tempbD, 1
;__Lib_MathDouble.c,918 :: 		
0x026A	0x0874      	MOVF       R4, 0
;__Lib_MathDouble.c,919 :: 		
0x026B	0x02F0      	SUBWF      R0, 1
;__Lib_MathDouble.c,920 :: 		
0x026C	0x0875      	MOVF       R5, 0
;__Lib_MathDouble.c,921 :: 		
0x026D	0x1C03      	BTFSS      STATUS, 0
;__Lib_MathDouble.c,922 :: 		
0x026E	0x0F75      	INCFSZ     R5, 0
;__Lib_MathDouble.c,923 :: 		
0x026F	0x02F1      	SUBWF      R1, 1
;__Lib_MathDouble.c,924 :: 		
0x0270	0x0876      	MOVF       R6, 0
;__Lib_MathDouble.c,925 :: 		
0x0271	0x1C03      	BTFSS      STATUS, 0
;__Lib_MathDouble.c,926 :: 		
0x0272	0x0F76      	INCFSZ     R6, 0
;__Lib_MathDouble.c,927 :: 		
0x0273	0x02F2      	SUBWF      R2, 1
;__Lib_MathDouble.c,928 :: 		
0x0274	0x0D76      	RLF        R6, 0
;__Lib_MathDouble.c,929 :: 		
0x0275	0x0420      	IORWF      __math_tempbD, 0
;__Lib_MathDouble.c,930 :: 		
0x0276	0x3901      	ANDLW      1
;__Lib_MathDouble.c,931 :: 		
0x0277	0x07FD      	ADDWF      R13, 1
;__Lib_MathDouble.c,932 :: 		
0x0278	0x1803      	BTFSC      STATUS, 0
;__Lib_MathDouble.c,933 :: 		
0x0279	0x0AFC      	INCF       R12, 1
;__Lib_MathDouble.c,934 :: 		
0x027A	0x1903      	BTFSC      STATUS, 2
;__Lib_MathDouble.c,935 :: 		
0x027B	0x0AF8      	INCF       R8, 1
;__Lib_MathDouble.c,936 :: 		
0x027C	0x1D03      	BTFSS      STATUS, 2
;__Lib_MathDouble.c,937 :: 		
0x027D	0x2A84      	GOTO       DIV32OK
;__Lib_MathDouble.c,938 :: 		
0x027E	0x0CF8      	RRF        R8, 1
;__Lib_MathDouble.c,939 :: 		
0x027F	0x0CFC      	RRF        R12, 1
;__Lib_MathDouble.c,940 :: 		
0x0280	0x0CFD      	RRF        R13, 1
;__Lib_MathDouble.c,941 :: 		
0x0281	0x0AF3      	INCF       R3, 1
;__Lib_MathDouble.c,942 :: 		
0x0282	0x1903      	BTFSC      STATUS, 2
;__Lib_MathDouble.c,943 :: 		
0x0283	0x2A94      	GOTO       JPDSETFOV32
;__Lib_MathDouble.c,944 :: 		
DIV32OK:
;__Lib_MathDouble.c,945 :: 		
0x0284	0x1FFA      	BTFSS      R10, 7
;__Lib_MathDouble.c,946 :: 		
0x0285	0x13F8      	BCF        R8, 7
;__Lib_MathDouble.c,947 :: 		
0x0286	0x0878      	MOVF       R8, 0
;__Lib_MathDouble.c,948 :: 		
0x0287	0x00F2      	MOVWF      R2
;__Lib_MathDouble.c,949 :: 		
0x0288	0x087C      	MOVF       R12, 0
;__Lib_MathDouble.c,950 :: 		
0x0289	0x00F1      	MOVWF      R1
;__Lib_MathDouble.c,951 :: 		
0x028A	0x087D      	MOVF       R13, 0
;__Lib_MathDouble.c,952 :: 		
0x028B	0x00F0      	MOVWF      R0
;__Lib_MathDouble.c,954 :: 		
0x028C	0x3000      	MOVLW      0
;__Lib_MathDouble.c,956 :: 		
0x028D	0x2A99      	GOTO       DIV32EEE
;__Lib_MathDouble.c,957 :: 		
JPDSETFDZ32:
;__Lib_MathDouble.c,958 :: 		
0x028E	0x3001      	MOVLW      1
;__Lib_MathDouble.c,961 :: 		
0x028F	0x20D6      	CALL       _SETFDZ32
;__Lib_MathDouble.c,963 :: 		
0x0290	0x2A99      	GOTO       DIV32EEE
;__Lib_MathDouble.c,964 :: 		
JPDRES032:
;__Lib_MathDouble.c,965 :: 		
0x0291	0x3002      	MOVLW      2
;__Lib_MathDouble.c,968 :: 		
0x0292	0x20C3      	CALL       _RES032
;__Lib_MathDouble.c,970 :: 		
0x0293	0x2A99      	GOTO       DIV32EEE
;__Lib_MathDouble.c,971 :: 		
JPDSETFOV32:
;__Lib_MathDouble.c,972 :: 		
0x0294	0x3004      	MOVLW      4
;__Lib_MathDouble.c,975 :: 		
0x0295	0x20CA      	CALL       _SETFOV32
;__Lib_MathDouble.c,977 :: 		
0x0296	0x2A99      	GOTO       DIV32EEE
;__Lib_MathDouble.c,978 :: 		
JPDSETFUN32:
;__Lib_MathDouble.c,979 :: 		
0x0297	0x3008      	MOVLW      8
;__Lib_MathDouble.c,982 :: 		
0x0298	0x203A      	CALL       _SETFUN32
;__Lib_MathDouble.c,984 :: 		
DIV32EEE:
;__Lib_MathDouble.c,985 :: 		
0x0299	0x0000      	NOP
;__Lib_MathDouble.c,994 :: 		
L_end_Div_32x32_FP:
0x029A	0x0008      	RETURN
; end of _Div_32x32_FP
_rotate_angle:
;summerinternshipmain.c,32 :: 		void rotate_angle(int axis_pin, float target_angle) {
;summerinternshipmain.c,33 :: 		int steps_to_move = (int)(target_angle / angle_per_step);
0x029B	0x1283      	BCF        STATUS, 5
0x029C	0x1303      	BCF        STATUS, 6
0x029D	0x0821      	MOVF       _angle_per_step, 0
0x029E	0x00F4      	MOVWF      R4
0x029F	0x0822      	MOVF       _angle_per_step+1, 0
0x02A0	0x00F5      	MOVWF      R4+1
0x02A1	0x0823      	MOVF       _angle_per_step+2, 0
0x02A2	0x00F6      	MOVWF      R4+2
0x02A3	0x0824      	MOVF       _angle_per_step+3, 0
0x02A4	0x00F7      	MOVWF      R4+3
0x02A5	0x082A      	MOVF       FARG_rotate_angle_target_angle, 0
0x02A6	0x00F0      	MOVWF      R0
0x02A7	0x082B      	MOVF       FARG_rotate_angle_target_angle+1, 0
0x02A8	0x00F1      	MOVWF      R0+1
0x02A9	0x082C      	MOVF       FARG_rotate_angle_target_angle+2, 0
0x02AA	0x00F2      	MOVWF      R0+2
0x02AB	0x082D      	MOVF       FARG_rotate_angle_target_angle+3, 0
0x02AC	0x00F3      	MOVWF      R0+3
0x02AD	0x21E4      	CALL       _Div_32x32_FP
0x02AE	0x2187      	CALL       _double2int
0x02AF	0x0870      	MOVF       R0, 0
0x02B0	0x00AE      	MOVWF      rotate_angle_steps_to_move_L0
0x02B1	0x0871      	MOVF       R0+1, 0
0x02B2	0x00AF      	MOVWF      rotate_angle_steps_to_move_L0+1
;summerinternshipmain.c,36 :: 		if (steps_to_move > 0) {
0x02B3	0x3080      	MOVLW      128
0x02B4	0x00F2      	MOVWF      R2
0x02B5	0x3080      	MOVLW      128
0x02B6	0x0671      	XORWF      R0+1, 0
0x02B7	0x0272      	SUBWF      R2, 0
0x02B8	0x1D03      	BTFSS      STATUS, 2
0x02B9	0x2ABC      	GOTO       L__rotate_angle30
0x02BA	0x0870      	MOVF       R0, 0
0x02BB	0x3C00      	SUBLW      0
L__rotate_angle30:
0x02BC	0x1803      	BTFSC      STATUS, 0
0x02BD	0x2AE3      	GOTO       L_rotate_angle2
;summerinternshipmain.c,37 :: 		for (i = 0; i < steps_to_move; i++) {
0x02BE	0x01B0      	CLRF       rotate_angle_i_L0
0x02BF	0x01B1      	CLRF       rotate_angle_i_L0+1
L_rotate_angle3:
0x02C0	0x3080      	MOVLW      128
0x02C1	0x0631      	XORWF      rotate_angle_i_L0+1, 0
0x02C2	0x00F0      	MOVWF      R0
0x02C3	0x3080      	MOVLW      128
0x02C4	0x062F      	XORWF      rotate_angle_steps_to_move_L0+1, 0
0x02C5	0x0270      	SUBWF      R0, 0
0x02C6	0x1D03      	BTFSS      STATUS, 2
0x02C7	0x2ACA      	GOTO       L__rotate_angle31
0x02C8	0x082E      	MOVF       rotate_angle_steps_to_move_L0, 0
0x02C9	0x0230      	SUBWF      rotate_angle_i_L0, 0
L__rotate_angle31:
0x02CA	0x1803      	BTFSC      STATUS, 0
0x02CB	0x2AE2      	GOTO       L_rotate_angle4
;summerinternshipmain.c,38 :: 		step_cw(axis_pin,target_angle);
0x02CC	0x0828      	MOVF       FARG_rotate_angle_axis_pin, 0
0x02CD	0x00B2      	MOVWF      FARG_step_cw_axis_pin
0x02CE	0x0829      	MOVF       FARG_rotate_angle_axis_pin+1, 0
0x02CF	0x00B3      	MOVWF      FARG_step_cw_axis_pin+1
0x02D0	0x082A      	MOVF       FARG_rotate_angle_target_angle, 0
0x02D1	0x00F0      	MOVWF      R0
0x02D2	0x082B      	MOVF       FARG_rotate_angle_target_angle+1, 0
0x02D3	0x00F1      	MOVWF      R0+1
0x02D4	0x082C      	MOVF       FARG_rotate_angle_target_angle+2, 0
0x02D5	0x00F2      	MOVWF      R0+2
0x02D6	0x082D      	MOVF       FARG_rotate_angle_target_angle+3, 0
0x02D7	0x00F3      	MOVWF      R0+3
0x02D8	0x2187      	CALL       _double2int
0x02D9	0x0870      	MOVF       R0, 0
0x02DA	0x00B4      	MOVWF      FARG_step_cw_step_delay
0x02DB	0x0871      	MOVF       R0+1, 0
0x02DC	0x00B5      	MOVWF      FARG_step_cw_step_delay+1
0x02DD	0x2174      	CALL       _step_cw
;summerinternshipmain.c,37 :: 		for (i = 0; i < steps_to_move; i++) {
0x02DE	0x0AB0      	INCF       rotate_angle_i_L0, 1
0x02DF	0x1903      	BTFSC      STATUS, 2
0x02E0	0x0AB1      	INCF       rotate_angle_i_L0+1, 1
;summerinternshipmain.c,39 :: 		}
0x02E1	0x2AC0      	GOTO       L_rotate_angle3
L_rotate_angle4:
;summerinternshipmain.c,40 :: 		} else {
0x02E2	0x2B0C      	GOTO       L_rotate_angle6
L_rotate_angle2:
;summerinternshipmain.c,41 :: 		for (i = 0; i < abs(steps_to_move); i++) {
0x02E3	0x01B0      	CLRF       rotate_angle_i_L0
0x02E4	0x01B1      	CLRF       rotate_angle_i_L0+1
L_rotate_angle7:
0x02E5	0x082E      	MOVF       rotate_angle_steps_to_move_L0, 0
0x02E6	0x00B2      	MOVWF      FARG_abs_a
0x02E7	0x082F      	MOVF       rotate_angle_steps_to_move_L0+1, 0
0x02E8	0x00B3      	MOVWF      FARG_abs_a+1
0x02E9	0x213E      	CALL       _abs
0x02EA	0x3080      	MOVLW      128
0x02EB	0x0631      	XORWF      rotate_angle_i_L0+1, 0
0x02EC	0x00F2      	MOVWF      R2
0x02ED	0x3080      	MOVLW      128
0x02EE	0x0671      	XORWF      R0+1, 0
0x02EF	0x0272      	SUBWF      R2, 0
0x02F0	0x1D03      	BTFSS      STATUS, 2
0x02F1	0x2AF4      	GOTO       L__rotate_angle32
0x02F2	0x0870      	MOVF       R0, 0
0x02F3	0x0230      	SUBWF      rotate_angle_i_L0, 0
L__rotate_angle32:
0x02F4	0x1803      	BTFSC      STATUS, 0
0x02F5	0x2B0C      	GOTO       L_rotate_angle8
;summerinternshipmain.c,42 :: 		step_ccw(axis_pin,target_angle);
0x02F6	0x0828      	MOVF       FARG_rotate_angle_axis_pin, 0
0x02F7	0x00B2      	MOVWF      FARG_step_ccw_axis_pin
0x02F8	0x0829      	MOVF       FARG_rotate_angle_axis_pin+1, 0
0x02F9	0x00B3      	MOVWF      FARG_step_ccw_axis_pin+1
0x02FA	0x082A      	MOVF       FARG_rotate_angle_target_angle, 0
0x02FB	0x00F0      	MOVWF      R0
0x02FC	0x082B      	MOVF       FARG_rotate_angle_target_angle+1, 0
0x02FD	0x00F1      	MOVWF      R0+1
0x02FE	0x082C      	MOVF       FARG_rotate_angle_target_angle+2, 0
0x02FF	0x00F2      	MOVWF      R0+2
0x0300	0x082D      	MOVF       FARG_rotate_angle_target_angle+3, 0
0x0301	0x00F3      	MOVWF      R0+3
0x0302	0x2187      	CALL       _double2int
0x0303	0x0870      	MOVF       R0, 0
0x0304	0x00B4      	MOVWF      FARG_step_ccw_step_delay
0x0305	0x0871      	MOVF       R0+1, 0
0x0306	0x00B5      	MOVWF      FARG_step_ccw_step_delay+1
0x0307	0x2159      	CALL       _step_ccw
;summerinternshipmain.c,41 :: 		for (i = 0; i < abs(steps_to_move); i++) {
0x0308	0x0AB0      	INCF       rotate_angle_i_L0, 1
0x0309	0x1903      	BTFSC      STATUS, 2
0x030A	0x0AB1      	INCF       rotate_angle_i_L0+1, 1
;summerinternshipmain.c,43 :: 		}
0x030B	0x2AE5      	GOTO       L_rotate_angle7
L_rotate_angle8:
;summerinternshipmain.c,44 :: 		}
L_rotate_angle6:
;summerinternshipmain.c,45 :: 		}
L_end_rotate_angle:
0x030C	0x0008      	RETURN
; end of _rotate_angle
_byte2double:
;__Lib_MathDouble.c,1778 :: 		
;__Lib_MathDouble.c,1785 :: 		
0x030D	0x1283      	BCF        STATUS, 5
;__Lib_MathDouble.c,1786 :: 		
0x030E	0x1303      	BCF        STATUS, 6
;__Lib_MathDouble.c,1788 :: 		
0x030F	0x0870      	MOVF       R0, 0
;__Lib_MathDouble.c,1789 :: 		
0x0310	0x00F8      	MOVWF      R8
;__Lib_MathDouble.c,1791 :: 		
0x0311	0x01FB      	CLRF       R11
;__Lib_MathDouble.c,1792 :: 		
0x0312	0x01FC      	CLRF       R12
;__Lib_MathDouble.c,1794 :: 		
0x0313	0x309E      	MOVLW      158
;__Lib_MathDouble.c,1795 :: 		
0x0314	0x00F3      	MOVWF      R3
;__Lib_MathDouble.c,1796 :: 		
0x0315	0x01FA      	CLRF       R10
;__Lib_MathDouble.c,1797 :: 		
0x0316	0x01F2      	CLRF       R2
;__Lib_MathDouble.c,1798 :: 		
0x0317	0x01F1      	CLRF       R1
;__Lib_MathDouble.c,1799 :: 		
0x0318	0x01F0      	CLRF       R0
;__Lib_MathDouble.c,1800 :: 		
0x0319	0x3002      	MOVLW      2
;__Lib_MathDouble.c,1801 :: 		
0x031A	0x00FC      	MOVWF      R12
;__Lib_MathDouble.c,1803 :: 		
0x031B	0x20E4      	CALL       _NRM4032
;__Lib_MathDouble.c,1804 :: 		
L_end_byte2double:
0x031C	0x0008      	RETURN
; end of _byte2double
_UART1_Read:
;__Lib_UART_c67.c,21 :: 		
;__Lib_UART_c67.c,24 :: 		
0x031D	0x1283      	BCF        STATUS, 5
0x031E	0x1303      	BCF        STATUS, 6
0x031F	0x081A      	MOVF       RCREG, 0
0x0320	0x00F1      	MOVWF      R1
;__Lib_UART_c67.c,25 :: 		
0x0321	0x1C98      	BTFSS      RCSTA, 1
0x0322	0x2B25      	GOTO       L_UART1_Read2
;__Lib_UART_c67.c,26 :: 		
0x0323	0x1218      	BCF        RCSTA, 4
;__Lib_UART_c67.c,27 :: 		
0x0324	0x1618      	BSF        RCSTA, 4
;__Lib_UART_c67.c,28 :: 		
L_UART1_Read2:
;__Lib_UART_c67.c,29 :: 		
0x0325	0x0871      	MOVF       R1, 0
0x0326	0x00F0      	MOVWF      R0
;__Lib_UART_c67.c,30 :: 		
L_end_UART1_Read:
0x0327	0x0008      	RETURN
; end of _UART1_Read
_UART1_Init:
;__Lib_UART_c67.c,2 :: 		
;__Lib_UART_c67.c,5 :: 		
0x0328	0x1683      	BSF        STATUS, 5
0x0329	0x1303      	BCF        STATUS, 6
0x032A	0x1698      	BSF        TXSTA, 5
;__Lib_UART_c67.c,6 :: 		
0x032B	0x3090      	MOVLW      144
0x032C	0x1283      	BCF        STATUS, 5
0x032D	0x0098      	MOVWF      RCSTA
;__Lib_UART_c67.c,7 :: 		
0x032E	0x1683      	BSF        STATUS, 5
0x032F	0x1787      	BSF        TRISC7_bit, BitPos(TRISC7_bit+0)
;__Lib_UART_c67.c,8 :: 		
0x0330	0x1307      	BCF        TRISC6_bit, BitPos(TRISC6_bit+0)
;__Lib_UART_c67.c,10 :: 		
L_UART1_Init0:
0x0331	0x1283      	BCF        STATUS, 5
0x0332	0x1E8C      	BTFSS      PIR1, 5
0x0333	0x2B37      	GOTO       L_UART1_Init1
;__Lib_UART_c67.c,11 :: 		
0x0334	0x081A      	MOVF       RCREG, 0
0x0335	0x00F0      	MOVWF      R0
0x0336	0x2B31      	GOTO       L_UART1_Init0
L_UART1_Init1:
;__Lib_UART_c67.c,12 :: 		
L_end_UART1_Init:
0x0337	0x0008      	RETURN
; end of _UART1_Init
___CC2DW:
;__Lib_System.c,134 :: 		
;__Lib_System.c,137 :: 		
_CC2D_Loop1:
;__Lib_System.c,139 :: 		
0x0338	0x20DD      	CALL       _____DoICP
0x0339	0x118A      	BCF        PCLATH, 3
0x033A	0x120A      	BCF        PCLATH, 4
;__Lib_System.c,141 :: 		
0x033B	0x0080      	MOVWF      INDF
;__Lib_System.c,142 :: 		
0x033C	0x0A84      	INCF       FSR, 1
;__Lib_System.c,143 :: 		
0x033D	0x0AA5      	INCF       ___DoICPAddr, 1
;__Lib_System.c,145 :: 		
0x033E	0x1903      	BTFSC      STATUS, 2
;__Lib_System.c,146 :: 		
0x033F	0x0AA6      	INCF       ___DoICPAddr+1, 1
;__Lib_System.c,147 :: 		
0x0340	0x03F0      	DECF       R0, 1
;__Lib_System.c,149 :: 		
0x0341	0x1D03      	BTFSS      STATUS, 2
;__Lib_System.c,150 :: 		
0x0342	0x2B38      	GOTO       _CC2D_Loop1
;__Lib_System.c,152 :: 		
L_end___CC2DW:
0x0343	0x0008      	RETURN
; end of ___CC2DW
_UART1_Data_Ready:
;__Lib_UART_c67.c,16 :: 		
;__Lib_UART_c67.c,17 :: 		
0x0344	0x3000      	MOVLW      0
0x0345	0x1283      	BCF        STATUS, 5
0x0346	0x1303      	BCF        STATUS, 6
0x0347	0x1A8C      	BTFSC      PIR1, 5
0x0348	0x3001      	MOVLW      1
0x0349	0x00F0      	MOVWF      R0
;__Lib_UART_c67.c,18 :: 		
L_end_UART1_Data_Ready:
0x034A	0x0008      	RETURN
; end of _UART1_Data_Ready
_main:
0x034B	0x3066      	MOVLW      102
0x034C	0x1283      	BCF        STATUS, 5
0x034D	0x1303      	BCF        STATUS, 6
0x034E	0x00A1      	MOVWF      _angle_per_step
0x034F	0x3066      	MOVLW      102
0x0350	0x00A2      	MOVWF      34
0x0351	0x3066      	MOVLW      102
0x0352	0x00A3      	MOVWF      35
0x0353	0x307F      	MOVLW      127
0x0354	0x00A4      	MOVWF      36
;summerinternshipmain.c,47 :: 		void main() {
;summerinternshipmain.c,50 :: 		int step_delay = 10;
;summerinternshipmain.c,52 :: 		UART1_Init(9600);
0x0355	0x3033      	MOVLW      51
0x0356	0x1683      	BSF        STATUS, 5
0x0357	0x0099      	MOVWF      SPBRG
0x0358	0x1518      	BSF        TXSTA, 2
0x0359	0x2328      	CALL       _UART1_Init
;summerinternshipmain.c,55 :: 		while (1) {
L_main10:
;summerinternshipmain.c,57 :: 		if (UART1_Data_Ready()) {
0x035A	0x2344      	CALL       _UART1_Data_Ready
0x035B	0x0870      	MOVF       R0, 0
0x035C	0x1903      	BTFSC      STATUS, 2
0x035D	0x2BAE      	GOTO       L_main12
;summerinternshipmain.c,58 :: 		command = UART1_Read();
0x035E	0x231D      	CALL       _UART1_Read
0x035F	0x0870      	MOVF       R0, 0
0x0360	0x00A7      	MOVWF      main_command_L0
;summerinternshipmain.c,61 :: 		if (command == 'X' || command == 'x') {
0x0361	0x0870      	MOVF       R0, 0
0x0362	0x3A58      	XORLW      88
0x0363	0x1903      	BTFSC      STATUS, 2
0x0364	0x2B6A      	GOTO       L__main26
0x0365	0x0827      	MOVF       main_command_L0, 0
0x0366	0x3A78      	XORLW      120
0x0367	0x1903      	BTFSC      STATUS, 2
0x0368	0x2B6A      	GOTO       L__main26
0x0369	0x2B7B      	GOTO       L_main15
L__main26:
;summerinternshipmain.c,62 :: 		angle = UART1_Read();
0x036A	0x231D      	CALL       _UART1_Read
0x036B	0x230D      	CALL       _byte2double
;summerinternshipmain.c,63 :: 		rotate_angle(Axis_X_Pin, angle);
0x036C	0x3000      	MOVLW      0
0x036D	0x1805      	BTFSC      RA0_bit, BitPos(RA0_bit+0)
0x036E	0x3001      	MOVLW      1
0x036F	0x00A8      	MOVWF      FARG_rotate_angle_axis_pin
0x0370	0x01A9      	CLRF       FARG_rotate_angle_axis_pin+1
0x0371	0x0870      	MOVF       R0, 0
0x0372	0x00AA      	MOVWF      FARG_rotate_angle_target_angle
0x0373	0x0871      	MOVF       R0+1, 0
0x0374	0x00AB      	MOVWF      FARG_rotate_angle_target_angle+1
0x0375	0x0872      	MOVF       R0+2, 0
0x0376	0x00AC      	MOVWF      FARG_rotate_angle_target_angle+2
0x0377	0x0873      	MOVF       R0+3, 0
0x0378	0x00AD      	MOVWF      FARG_rotate_angle_target_angle+3
0x0379	0x229B      	CALL       _rotate_angle
;summerinternshipmain.c,64 :: 		} else if (command == 'Y' || command == 'y') {
0x037A	0x2BAE      	GOTO       L_main16
L_main15:
0x037B	0x0827      	MOVF       main_command_L0, 0
0x037C	0x3A59      	XORLW      89
0x037D	0x1903      	BTFSC      STATUS, 2
0x037E	0x2B84      	GOTO       L__main25
0x037F	0x0827      	MOVF       main_command_L0, 0
0x0380	0x3A79      	XORLW      121
0x0381	0x1903      	BTFSC      STATUS, 2
0x0382	0x2B84      	GOTO       L__main25
0x0383	0x2B95      	GOTO       L_main19
L__main25:
;summerinternshipmain.c,65 :: 		angle = UART1_Read();
0x0384	0x231D      	CALL       _UART1_Read
0x0385	0x230D      	CALL       _byte2double
;summerinternshipmain.c,66 :: 		rotate_angle(Axis_Y_Pin, angle);
0x0386	0x3000      	MOVLW      0
0x0387	0x1885      	BTFSC      RA1_bit, BitPos(RA1_bit+0)
0x0388	0x3001      	MOVLW      1
0x0389	0x00A8      	MOVWF      FARG_rotate_angle_axis_pin
0x038A	0x01A9      	CLRF       FARG_rotate_angle_axis_pin+1
0x038B	0x0870      	MOVF       R0, 0
0x038C	0x00AA      	MOVWF      FARG_rotate_angle_target_angle
0x038D	0x0871      	MOVF       R0+1, 0
0x038E	0x00AB      	MOVWF      FARG_rotate_angle_target_angle+1
0x038F	0x0872      	MOVF       R0+2, 0
0x0390	0x00AC      	MOVWF      FARG_rotate_angle_target_angle+2
0x0391	0x0873      	MOVF       R0+3, 0
0x0392	0x00AD      	MOVWF      FARG_rotate_angle_target_angle+3
0x0393	0x229B      	CALL       _rotate_angle
;summerinternshipmain.c,67 :: 		} else if (command == 'Z' || command == 'z') {
0x0394	0x2BAE      	GOTO       L_main20
L_main19:
0x0395	0x0827      	MOVF       main_command_L0, 0
0x0396	0x3A5A      	XORLW      90
0x0397	0x1903      	BTFSC      STATUS, 2
0x0398	0x2B9E      	GOTO       L__main24
0x0399	0x0827      	MOVF       main_command_L0, 0
0x039A	0x3A7A      	XORLW      122
0x039B	0x1903      	BTFSC      STATUS, 2
0x039C	0x2B9E      	GOTO       L__main24
0x039D	0x2BAE      	GOTO       L_main23
L__main24:
;summerinternshipmain.c,68 :: 		angle = UART1_Read();
0x039E	0x231D      	CALL       _UART1_Read
0x039F	0x230D      	CALL       _byte2double
;summerinternshipmain.c,69 :: 		rotate_angle(Axis_Z_Pin, angle);
0x03A0	0x3000      	MOVLW      0
0x03A1	0x1905      	BTFSC      RA2_bit, BitPos(RA2_bit+0)
0x03A2	0x3001      	MOVLW      1
0x03A3	0x00A8      	MOVWF      FARG_rotate_angle_axis_pin
0x03A4	0x01A9      	CLRF       FARG_rotate_angle_axis_pin+1
0x03A5	0x0870      	MOVF       R0, 0
0x03A6	0x00AA      	MOVWF      FARG_rotate_angle_target_angle
0x03A7	0x0871      	MOVF       R0+1, 0
0x03A8	0x00AB      	MOVWF      FARG_rotate_angle_target_angle+1
0x03A9	0x0872      	MOVF       R0+2, 0
0x03AA	0x00AC      	MOVWF      FARG_rotate_angle_target_angle+2
0x03AB	0x0873      	MOVF       R0+3, 0
0x03AC	0x00AD      	MOVWF      FARG_rotate_angle_target_angle+3
0x03AD	0x229B      	CALL       _rotate_angle
;summerinternshipmain.c,70 :: 		}
L_main23:
L_main20:
L_main16:
;summerinternshipmain.c,71 :: 		}
L_main12:
;summerinternshipmain.c,72 :: 		}
0x03AE	0x2B5A      	GOTO       L_main10
;summerinternshipmain.c,73 :: 		}
L_end_main:
0x03AF	0x2BAF      	GOTO       $+0
; end of _main
Symbol List:
//** Routines locations **
//ADDRESS    SIZE    PROCEDURE
//----------------------------------------------
0x0003      [55]    _Mul_32x32_U
0x003A      [12]    _SETFUN32
0x0046      [13]    _SETIOV3224
0x0053     [112]    _VDelay_ms
0x00C3       [7]    _RES032
0x00CA      [12]    _SETFOV32
0x00D6       [3]    _SETFDZ32
0x00D9       [4]    _FIXSIGN32
0x00DD       [7]    _____DoICP
0x00E4      [90]    _NRM4032
0x013E      [27]    _abs
0x0159      [27]    _step_ccw
0x0174      [19]    _step_cw
0x0187      [93]    _double2int
0x01E4     [183]    _Div_32x32_FP
0x029B     [114]    _rotate_angle
0x030D      [16]    _byte2double
0x031D      [11]    _UART1_Read
0x0328      [16]    _UART1_Init
0x0338      [12]    ___CC2DW
0x0344       [7]    _UART1_Data_Ready
0x034B     [101]    _main
//** Variables locations ** 
//ADDRESS    SIZE    VARIABLE
//----------------------------------------------
0x0000       [1]    INDF
0x0002       [1]    PCL
0x0003       [1]    STATUS
0x0004       [1]    FSR
0x0005       [0]    Axis_Y_Pin
0x0005       [0]    Axis_X_Pin
0x0005       [0]    RA0_bit
0x0005       [0]    Axis_Z_Pin
0x0005       [0]    RA1_bit
0x0005       [0]    RA2_bit
0x000A       [1]    PCLATH
0x000C       [1]    PIR1
0x0018       [1]    RCSTA
0x001A       [1]    RCREG
0x0020       [1]    __math_tempbD
0x0021       [4]    _angle_per_step
0x0025       [2]    ___DoICPAddr
0x0027       [1]    main_command_L0
0x0028       [2]    FARG_rotate_angle_axis_pin
0x002A       [4]    FARG_rotate_angle_target_angle
0x002E       [2]    rotate_angle_steps_to_move_L0
0x0030       [2]    rotate_angle_i_L0
0x0032       [2]    FARG_abs_a
0x0032       [2]    FARG_step_cw_axis_pin
0x0032       [2]    FARG_step_ccw_axis_pin
0x0034       [2]    FARG_step_ccw_step_delay
0x0034       [2]    FARG_step_cw_step_delay
0x0036       [2]    FARG_VDelay_ms_Time_ms
0x0038       [4]    VDelay_ms_NumberOfCyc_L0
0x0070       [1]    R0
0x0071       [1]    R1
0x0072       [1]    R2
0x0073       [1]    R3
0x0074       [1]    R4
0x0075       [1]    R5
0x0076       [1]    R6
0x0077       [1]    R7
0x0078       [1]    R8
0x0079       [1]    R9
0x007A       [1]    R10
0x007B       [1]    R11
0x007C       [1]    R12
0x007D       [1]    R13
0x007E       [1]    R14
0x007F       [1]    R15
0x0087       [0]    TRISC7_bit
0x0087       [0]    TRISC6_bit
0x0098       [1]    TXSTA
0x0099       [1]    SPBRG
//** Label List: ** 
//----------------------------------------------
  L_step_ccw0
  L_step_ccw1
  L_rotate_angle2
  L_rotate_angle3
  L_rotate_angle4
  L_rotate_angle5
  L_rotate_angle6
  L_rotate_angle7
  L_rotate_angle8
  L_rotate_angle9
  L_main10
  L_main11
  L_main12
  L_main13
  L_main14
  L_main15
  L_main16
  L_main17
  L_main18
  L_main19
  L_main20
  L_main21
  L_main22
  L_main23
  L__main24
  L__main25
  L__main26
  L_end_step_cw
  _step_cw
  L_end_step_ccw
  _step_ccw
  L_end_rotate_angle
  _rotate_angle
  L__rotate_angle30
  L__rotate_angle31
  L__rotate_angle32
  L_end_main
  _main
  L_abs0
  L___Lib_CStdlib_strtod1
  L___Lib_CStdlib_strtod2
  L___Lib_CStdlib_strtod3
  L___Lib_CStdlib_strtod4
  L___Lib_CStdlib_strtod5
  L___Lib_CStdlib_strtod6
  L___Lib_CStdlib_strtod7
  L___Lib_CStdlib_strtod8
  L___Lib_CStdlib_strtod9
  L___Lib_CStdlib_strtod10
  L___Lib_CStdlib_strtod11
  L___Lib_CStdlib_strtod12
  L___Lib_CStdlib_strtod13
  L___Lib_CStdlib_strtod14
  L___Lib_CStdlib_strtod15
  L___Lib_CStdlib_strtod16
  L___Lib_CStdlib_strtod17
  L___Lib_CStdlib_strtod18
  L___Lib_CStdlib_strtod19
  L___Lib_CStdlib_strtod20
  L___Lib_CStdlib_strtod21
  L___Lib_CStdlib_strtod22
  L___Lib_CStdlib_strtod23
  L___Lib_CStdlib_strtod24
  L___Lib_CStdlib_strtod25
  L___Lib_CStdlib_strtod26
  L___Lib_CStdlib_strtod27
  L___Lib_CStdlib_strtod28
  L___Lib_CStdlib_strtod29
  L___Lib_CStdlib_strtod30
  L___Lib_CStdlib_strtod31
  L___Lib_CStdlib_strtod32
  L___Lib_CStdlib_strtod33
  L___Lib_CStdlib_strtod34
  L___Lib_CStdlib_strtod35
  L___Lib_CStdlib_strtod36
  L___Lib_CStdlib_strtod37
  L___Lib_CStdlib_strtod38
  L___Lib_CStdlib_strtod39
  L___Lib_CStdlib_strtod40
  L___Lib_CStdlib_strtod41
  L___Lib_CStdlib_strtod42
  L___Lib_CStdlib_strtod43
  L___Lib_CStdlib_strtod44
  L___Lib_CStdlib_strtod45
  L___Lib_CStdlib_strtod46
  L___Lib_CStdlib_strtod47
  L___Lib_CStdlib_strtod48
  L___Lib_CStdlib_strtod49
  L___Lib_CStdlib_strtod50
  L___Lib_CStdlib_strtod51
  L___Lib_CStdlib_strtod52
  ___atoi_skipws_atoi
  L_atoi53
  L_atoi54
  L_atoi55
  L_atoi56
  L_atoi57
  L_atoi58
  ___atoi_conv_atoi
  L_atoi59
  L_atoi60
  ___atol_skipws_atol
  L_atol61
  L_atol62
  L_atol63
  L_atol64
  L_atol65
  L_atol66
  ___atol_conv_atol
  L_atol67
  L_atol68
  L_div69
  L_ldiv70
  L_uldiv71
  L_labs72
  L_max73
  L_min74
  L_rand75
  L_xtoi76
  L_xtoi77
  L_xtoi78
  L_xtoi79
  L_xtoi80
  L_xtoi81
  L_xtoi82
  L_xtoi83
  L_xtoi84
  L_xtoi85
  L_xtoi86
  L___Lib_CStdlib_strtod87
  L___Lib_CStdlib_strtod88
  L___Lib_CStdlib_strtod89
  L__atoi90
  L__atol91
  L_end_abs
  _abs
  L__abs93
  L_end_strtod
  __Lib_CStdlib_strtod
  L___Lib_CStdlib_strtod95
  L___Lib_CStdlib_strtod96
  L_end_atof
  _atof
  L_end_atoi
  _atoi
  L__atoi99
  L__atoi100
  L__atoi101
  L__atoi102
  L_end_atol
  _atol
  L__atol104
  L__atol105
  L_end_div
  _div
  L_end_ldiv
  _ldiv
  L_end_uldiv
  _uldiv
  L_end_labs
  _labs
  L__labs110
  L_end_max
  _max
  L__max112
  L_end_min
  _min
  L__min114
  L_end_srand
  _srand
  L_end_rand
  _rand
  L_end_xtoi
  _xtoi
  L_Delay_10us0
  L_Delay_22us1
  L_Delay_50us2
  L_Delay_80us3
  L_Delay_500us4
  L_Delay_5500us5
  L_Delay_1ms6
  L_Delay_5ms7
  L_Delay_8ms8
  L_Delay_10ms9
  L_Delay_100ms10
  L_Delay_1sec11
  L_boot16_Delay_5ms12
  L_Delay_Cyc13
  L_Delay_Cyc14
  L_VDelay_ms15
  L_VDelay_ms16
  L_VDelay_ms17
  L_VDelay_Advanced_ms18
  L_VDelay_Advanced_ms19
  L_VDelay_Advanced_ms20
  L_end_Get_Fosc_kHz
  _Get_Fosc_kHz
  L_end_Delay_1us
  _Delay_1us
  L_end_Delay_10us
  _Delay_10us
  L_end_Delay_22us
  _Delay_22us
  L_end_Delay_50us
  _Delay_50us
  L_end_Delay_80us
  _Delay_80us
  L_end_Delay_500us
  _Delay_500us
  L_end_Delay_5500us
  _Delay_5500us
  L_end_Delay_1ms
  _Delay_1ms
  L_end_Delay_5ms
  _Delay_5ms
  L_end_Delay_8ms
  _Delay_8ms
  L_end_Delay_10ms
  _Delay_10ms
  L_end_Delay_100ms
  _Delay_100ms
  L_end_Delay_1sec
  _Delay_1sec
  L_end_boot16_Delay_5ms
  _boot16_Delay_5ms
  L_end_Delay_Cyc
  _Delay_Cyc
  L_end_VDelay_ms
  _VDelay_ms
  L__VDelay_ms38
  L__VDelay_ms39
  L__VDelay_ms40
  L_end_VDelay_Advanced_ms
  _VDelay_Advanced_ms
  L__VDelay_Advanced_ms42
  L__VDelay_Advanced_ms43
  L__VDelay_Advanced_ms44
  L_Div_16x16_S0
  L_Div_16x16_S1
  LOOPS3232A
  SADD22LA
  SOK22LA
  SADD22L8
  SOK22L8
  LOOPS3232B
  SADD22LB
  SOK22LB
  SADD22L16
  SOK22L16
  LOOPS3232C
  SADD22LC
  SOK22LC
  SADD22L24
  SOK22L24
  LOOPS3232D
  SADD22LD
  SOK22LD
  SOK22L
  L_Div_32x32_S6
  L_Div_32x32_S7
  L_Div_32x32_S8
  L_Div_32x32_S9
  FXD3232S
  END_ALL
  CA3232S
  C3232SX
  C3232SX1
  C3232S
  C3232S2
  C3232SX4
  C3232SOK
  C3232SX3
  C3232SX2
  avoid_comfrem
  LOOPU3232A
  UADD22LA
  UOK22LA
  UADD22L8
  UOK22L8
  LOOPU3232B
  UADD22LB
  UOK22LB
  UADD22L16
  UOK22L16
  LOOPU3232C
  UADD22LC
  UOK22LC
  UADD22L24
  UOK22L24
  LOOPU3232D
  UADD22LD
  UOK22LD
  UOK22L
  _NEXT
  _EXIT2
  _LOOP
  _EXIT1
  _IF_FIRST
  _IF_SECOND
  _INVERCE_FIRST
  _MULT
  _INBERSE_SECOND
  _EXIT
  L_end_Mul_8X8_U
  _Mul_8X8_U
  L_end_Mul_16X16_U
  _Mul_16X16_U
  L_end_Div_8X8_U
  _Div_8X8_U
  L_end_Div_16X16_U
  _Div_16X16_U
  L_end_Mul_8X8_S
  _Mul_8X8_S
  L_end_Mul_16X16_S
  _Mul_16X16_S
  L_end_Div_16x16_S_L
  _Div_16x16_S_L
  L_end_Div_16x16_S
  _Div_16x16_S
  L_end_Div_8X8_S
  _Div_8X8_S
  L_end_SDIV3232L
  _SDIV3232L
  L_end_COMFREM
  _COMFREM
  L_end_Div_32x32_S
  _Div_32x32_S
  L_end_Div_32x32_U
  _Div_32x32_U
  L_end_Mul_32x32_U
  _Mul_32x32_U
  L_end_Mul_32x32_S
  _Mul_32x32_S
  SETFOV32EEE
  SETFUN32EEE
  NORM3232
  JPNRES032
  JPNSETFUN32
  NORM3232A
  JMPNFIXSIGN32
  NORM32EEE
  NRMRND4032
  NRM4032
  JMPSETFOV32
  NORM4032
  JMPRES032
  JMPSETFUN32
  NORM4032A
  JMPFIXSIGN32
  NRM4032EEE
  USEA32
  JMPEEE
  ALIGNED32
  ALIGNB32
  ALOOPB32
  AOK32
  ACOMP32
  JMPNRMRND4032
  ADD_JMPSETFOV32
  JMPNRM4032
  JMPNRM32
  ADD32EEE
  FPM32
  JPMRES032
  M32BNE0
  MTUN32
  JPMSETFOV32
  MOK32
  JPMSETFUN32
  MLOOP32
  MNOADD32
  MADD32
  MROUND32
  MUL32OK
  MUL32EEE
  L_Div_32x32_FP7
  L_Div_32x32_FP8
  L_Div_32x32_FP9
  L_Div_32x32_FP10
  FPD32
  JPDSETFDZ32
  JPDRES032
  D32BNE0
  TALIGN32
  TS1ALIGN32
  TS2ALIGN32
  DALIGN32OK
  ALTB32
  AGEB32
  JPDSETFOV32
  DARGOK32
  JPDSETFUN32
  DLOOP32
  DS132
  DS232
  DREST32
  DOK32
  DAREST32
  DROUND32
  DIV32OK
  DIV32EEE
  SETIOV3224EEE
  INT3232U
  INT3232UEOK
  SETEXP32U
  SETIOV32U
  TSHIFT3232U
  SHIFT3232UOK
  SHIFT3232U
  INT3232UOK
  JPLSETIOV3224
  IRES032U
  INT3232UEER
  INT3232UEEE
  L_Double2Longword_0
  INT3232
  INT3232EOK
  SETIOV32
  TSHIFT3232
  SHIFT3232OK
  SHIFT3232
  INT3232OK
  JPISETIOV3224
  IRES032
  INT3232EER
  INT3232EEE
  L_Double2Longint_0
  INT3216
  IRES016
  SETIOV16
  TSHIFT3216
  SHIFT3216OK
  SHIFT3216
  INT3216OK
  JPJSETIOV3224
  INT3216EOK
  INT3216EER
  INT3216EEE
  L_Double2Int_0
  INT3216U
  IRES016U
  SETEXP16U
  SETIOV16U
  TSHIFT3216U
  SHIFT3216UOK
  SHIFT3216U
  INT3216UOK
  JPKSETIOV3224
  INT3216UEOK
  INT3216UEER
  INT3216UEEE
  L_Double2Word_0
  INT32U08
  IRES008
  SETEXP08
  SETIOV08
  TSHIFT3208
  SHIFT3208OK
  SHIFT3208
  INT3208OK
  D2B_JPKSETIOV3224
  INT3208EOK
  INT3208EER
  INT3208EEE
  L_Double2Byte_0
  FLO08U32
  FLO1632
  FLO1632EEE
  FLO16U32
  FLO3232
  FLO3232EEE
  FLO32U32
  EQU_FALSE
  COMPARE_EQU
  COMPARE_NOTZERO
  COMPARE_XNOTZERO
  COMPARE_YNOTZERO
  COMPARE_LT
  COMPARE_GT
  COMPARE_TESTALL
  COMPARE_C1
  GT_FALSE
  GT_TRUE
  COMPARE_C2
  COMPARE_C3
  L_end_SETFOV32
  _SETFOV32
  L_end_SETFDZ32
  _SETFDZ32
  L_end_FIXSIGN32
  _FIXSIGN32
  L_end_RES032
  _RES032
  L_end_SETFUN32
  _SETFUN32
  L_end_NRM3232
  _NRM3232
  L_end_NRM4032
  _NRM4032
  L_end_Add_32x32_FP
  _Add_32x32_FP
  L_end_Sub_32x32_FP
  _Sub_32x32_FP
  L_end_Mul_32x32_FP
  _Mul_32x32_FP
  L_end_Div_32x32_FP
  _Div_32x32_FP
  L_end_SETIOV3224
  _SETIOV3224
  L_end_double2longword
  _double2longword
  L_end_double2longint
  _double2longint
  L_end_double2int
  _double2int
  L_end_double2word
  _double2word
  L_end_double2byte
  _double2byte
  L_end_byte2double
  _byte2double
  L_end_int2double
  _int2double
  L_end_word2double
  _word2double
  L_end_longint2double
  _longint2double
  L_end_longword2double
  _longword2double
  L_end_Equals_Double
  _Equals_Double
  L_end_Compare_Double
  _Compare_Double
  L_loopCA2AWs
  L_CA2AWend
  _CCA2AW_Loop1
  L_loopCS2Ss
  L_CS2Send
  _CCS2S_Loop1
  L_CCS2Send
  L_loopFZinSWs
  L_FZinSend
  _CC2D_Loop1
  L_end_____DoICP
  _____DoICP
  L_end_____DoIFC
  _____DoIFC
  L_end___CA2AW
  ___CA2AW
  L_end___CCA2AW
  ___CCA2AW
  L_end___CS2S
  ___CS2S
  L_end___CCS2S
  ___CCS2S
  L_end___FZinS
  ___FZinS
  L_end___CC2DW
  ___CC2DW
  L_end_Swap
  _Swap
  L_UART1_Init0
  L_UART1_Init1
  L_UART1_Read2
  L_UART1_Write3
  L_UART1_Write4
  L_UART1_Write_Text5
  L_UART1_Write_Text6
  L_UART1_Read_Text7
  L_UART1_Read_Text8
  L_UART1_Read_Text9
  L_UART1_Read_Text10
  L_UART1_Read_Text11
  L_UART1_Read_Text12
  L_UART1_Read_Text13
  L_UART1_Read_Text14
  L_UART1_Read_Text15
  L_end_UART1_Init
  _UART1_Init
  L_end_UART1_Data_Ready
  _UART1_Data_Ready
  L_end_UART1_Read
  _UART1_Read
  L_end_UART1_Tx_Idle
  _UART1_Tx_Idle
  L_end_UART1_Write
  _UART1_Write
  L_end_UART1_Write_Text
  _UART1_Write_Text
  L_end_UART1_Read_Text
  _UART1_Read_Text
